
> zapbot@1.5.2 start:threaded
> node start.js --threading

[PERFORMANCE-MONITOR] 🚀 ULTRA-LOW LATENCY performance monitor initialized
[PERFORMANCE-MONITOR] 🔄 Periodic saving started (every 60s)
🚀 Starting ZapBot with Helius integration...
⚡ ULTRA-LOW LATENCY optimizations enabled:
   - LaserStream: <100ms detection target
   - Sender: <200ms execution target
   - Overall: <300ms copy trade cycle target
📊 Performance monitoring active
📊 Initializing SQLite database...
[DB] Database connected successfully at /home/sunny/zap-mono-grk1522/database/zapbot.db 
[DB] Database tables created successfully 
[DB] DatabaseManager initialized successfully 
✅ Database initialized successfully
🔴 Initializing Redis for flight data...
✅ RedisManager initialized successfully
🔥 Warming up Redis cache...
✅ Cache warming completed
✅ Redis initialized successfully
🧵 Threaded mode: Skipping legacy DataManager initialization
🔄 Checking for data migration...
✅ Database already contains data, skipping migration.
🤖 Starting main ZapBot application...
🧵 Starting in THREADED mode...
🧵 ThreadedZapBot initialized with worker configuration
🚀 Starting ThreadedZapBot initialization...
🔧 Initializing worker threads...
🔧 Created worker: telegram
🔧 Created worker: monitor
🔧 Created worker: executor
🔧 Created worker: data
🔧 Created worker: websocket
🔧 Created worker: analyzer
✅ 6 workers initialized
💓 Worker monitoring started (interval: 30000ms)
⏳ Waiting for workers to be ready...
[data] Initializing worker...
[DB] Database connected successfully at /home/sunny/zap-mono-grk1522/database/zapbot.db 
[DB] Database tables created successfully 
✅ Worker data is ready
[DB] DatabaseManager initialized successfully 
[2025-09-07T19:29:57.229Z] [data] [INFO] Database manager worker initialized successfully {}
[data] Worker initialized successfully
[analyzer] Initializing worker...
[websocket] Initializing worker...
[executor] Initializing worker...
[DB] Database connected successfully at /home/sunny/zap-mono-grk1522/database/zapbot.db 
RPCLoadBalancer initialized with 1 endpoints.
SolanaManager created. RPC: https://mainnet.helius-rpc.com/?api-key=b9a69ad0-d823-429e-8c18-7cbea0e31769
[DB] Database tables created successfully 
RPCLoadBalancer initialized with 1 endpoints.
SolanaManager created. RPC: https://mainnet.helius-rpc.com/?api-key=b9a69ad0-d823-429e-8c18-7cbea0e31769
[DB] DatabaseManager initialized successfully 
RPCLoadBalancer initialized with 1 endpoints.
SolanaManager created. RPC: https://mainnet.helius-rpc.com/?api-key=b9a69ad0-d823-429e-8c18-7cbea0e31769
✅ Connection established with RPC: https://mainnet.helius-rpc.com/?api-key=b9a69ad0-d823-429e-8c18-7cbea0e31769
✅ Connection established with RPC: https://mainnet.helius-rpc.com/?api-key=b9a69ad0-d823-429e-8c18-7cbea0e31769
[ApiManager] Initialized with Helius-native logic.
✅ Worker websocket is ready
[2025-09-07T19:30:02.075Z] [websocket] [INFO] WebSocket worker initialized successfully {}
[websocket] Worker initialized successfully
✅ Connection established with RPC: https://mainnet.helius-rpc.com/?api-key=b9a69ad0-d823-429e-8c18-7cbea0e31769
[ApiManager] Initialized with Helius-native logic.
✅ Worker analyzer is ready
[2025-09-07T19:30:02.263Z] [analyzer] [INFO] Queue processing started { interval: 1000 }
[2025-09-07T19:30:02.264Z] [analyzer] [INFO] Transaction analyzer worker initialized successfully {}
[analyzer] Worker initialized successfully
[WM Init] SolanaManager instance set.
[telegram] Initializing worker...
[2025-09-07T19:30:02.806Z] [telegram] [INFO] ✅ This worker marked as active Telegram instance {}
[DB] Database connected successfully at /home/sunny/zap-mono-grk1522/database/zapbot.db 
[DB] Database tables created successfully 
[DB] DatabaseManager initialized successfully 
RPCLoadBalancer initialized with 1 endpoints.
SolanaManager created. RPC: https://mainnet.helius-rpc.com/?api-key=b9a69ad0-d823-429e-8c18-7cbea0e31769
✅ Connection established with RPC: https://mainnet.helius-rpc.com/?api-key=b9a69ad0-d823-429e-8c18-7cbea0e31769
[WM Init] SolanaManager instance set.
✅ Worker telegram is ready
[WM Init] Initializing WalletManager in DATABASE-ONLY mode...
[WM Init] ✅ Successfully initialized in DATABASE-ONLY mode.
[TELEGRAM_UI] TelegramUI initialized. 
[TELEGRAM_UI] BOT_TOKEN: "Set"
🔍 DEBUG: BOT_TOKEN value: 8334266790...
🔍 DEBUG: BOT_TOKEN length: 46
✅ DEBUG: Token validation passed, proceeding with bot initialization
✅ DEBUG: Using polling mode with WSL stability fixes
[TELEGRAM_UI] TelegramBot instance created: "Success"
✅ TelegramUI: Bot ready in polling mode with WSL stability
[2025-09-07T19:30:03.819Z] [telegram] [INFO] Telegram UI initialized successfully in polling mode {}
[telegram] Worker initialized successfully
[WM Init] Initializing WalletManager in DATABASE-ONLY mode...
[WM Init] ✅ Successfully initialized in DATABASE-ONLY mode.
[ApiManager] Initialized with Helius-native logic.
✅ RedisManager initialized successfully
[TELEGRAM_UI] Telegram Bot authorized for: @Hydra_zapbot 
✅ TelegramUI: Bot created in polling mode
[PERFORMANCE-MONITOR] 🚀 ULTRA-LOW LATENCY performance monitor initialized
[monitor] Initializing worker...
[2025-09-07T19:30:05.297Z] [monitor] [INFO] Initializing ULTRA-LOW LATENCY Trader Monitor with LaserStream... {}
[DB] Database connected successfully at /home/sunny/zap-mono-grk1522/database/zapbot.db 
[DB] Database tables created successfully 
[DB] DatabaseManager initialized successfully 
[LASERSTREAM-ENHANCED] 🚀 Manager initialized with Singapore regional endpoints.
[2025-09-07T19:30:05.348Z] [monitor] [INFO] Starting ULTRA-LOW LATENCY LaserStream monitoring... {}
[2025-09-07T19:30:05.350Z] [monitor] [INFO] Initializing ULTRA-LOW LATENCY LaserStream to monitor 3 specific trader wallets. {}
[2025-09-07T19:30:05.351Z] [monitor] [INFO] ⚡ Target detection latency: <100ms {}
[2025-09-07T19:30:05.352Z] [monitor] [INFO] 🔧 Using PROCESSED commitment for fastest possible detection {}
[2025-09-07T19:30:05.352Z] [monitor] [INFO] 📡 Zstd compression enabled for optimal performance {}
[LASERSTREAM-ENHANCED] 🎯 Subscribing to 3 master trader wallets...
[LASERSTREAM-ENHANCED] 📍 Traders: DfMx...Xhzj, suqh...HQfK, 4BdK...EFUk
[LASERSTREAM-ENHANCED] 🔧 Using enhanced subscription with data slicing and Singapore endpoint
[LASERSTREAM-ENHANCED] ✅ Stream connected to Singapore endpoint. ID: 8e1c81b5-23e7-44bd-9159-af04bf975d4c
[2025-09-07T19:30:05.517Z] [monitor] [INFO] Starting direct RPC polling as backup... {}
[2025-09-07T19:30:05.518Z] [monitor] [INFO] 🚀 Starting dynamic direct RPC polling... {}
✅ Worker monitor is ready
[2025-09-07T19:30:05.525Z] [monitor] [INFO] 📊 Monitoring 3 wallets via RPC polling {}
[2025-09-07T19:30:05.525Z] [monitor] [INFO] ✅ Dynamic direct RPC polling started successfully {}
[2025-09-07T19:30:05.526Z] [monitor] [INFO] Starting periodic subscription refresh... {}
[2025-09-07T19:30:05.526Z] [monitor] [INFO] ✅ Periodic refresh started (every 5 minutes) {}
[monitor] Worker initialized successfully
✅ Worker executor is ready
[TradeNotificationManager] Initialized in Threaded Dispatch mode.
[PERFORMANCE-MONITOR] 🚀 ULTRA-LOW LATENCY performance monitor initialized
[SINGAPORE-SENDER] 🚀 ULTRA-FAST Manager initialized with Singapore regional endpoints
TradingEngine initialized with HYBRID (Polling + API) logic, Quantum Cache, and Singapore Sender integration (ENABLED).
[2025-09-07T19:30:06.515Z] [executor] [INFO] Trade executor worker initialized successfully {}
[executor] Worker initialized successfully
[FAILURE-CLEANUP] 🚀 Initialized with blockhash: uUEffz5n...
✅ All required workers are ready
✅ ThreadedZapBot initialization completed successfully
🎯 Starting trader monitoring...
✅ Trader monitoring started (auto-run via LaserStream in worker).
🎉 ThreadedZapBot started successfully with 6 workers
✅ Threaded application started successfully
🎉 ZapBot startup completed successfully!
🏥 Health check server running on port 3002
[2025-09-07T19:30:08.028Z] [monitor] [INFO] [FILTER] ⏰ Skipping old transaction for DfMxre4c... | Sig: 5sfC6BrT... (age: 538s) {}
[2025-09-07T19:30:08.028Z] [monitor] [INFO] [FILTER] ⏰ Skipping old transaction for DfMxre4c... | Sig: 63UQFaTm... (age: 548s) {}
[2025-09-07T19:30:08.029Z] [monitor] [INFO] [FILTER] ⏰ Skipping old transaction for DfMxre4c... | Sig: 3MJTQSMZ... (age: 607s) {}
[2025-09-07T19:30:08.029Z] [monitor] [INFO] [FILTER] ⏰ Skipping old transaction for DfMxre4c... | Sig: 4zuFypdY... (age: 1164s) {}
[2025-09-07T19:30:08.029Z] [monitor] [INFO] [FILTER] ⏰ Skipping old transaction for DfMxre4c... | Sig: 2aWHTmkV... (age: 1200s) {}
[2025-09-07T19:30:08.118Z] [monitor] [INFO] [FILTER] ✅ Transaction age: 25s - within acceptable range {}
[2025-09-07T19:30:08.118Z] [monitor] [INFO] 🚀 New transaction detected for wallet suqh5sHt... | Sig: 3pPxrKYN... {}
[2025-09-07T19:30:08.294Z] [monitor] [INFO] 🎯 Transaction detected for suqh5sHt... | Sig: 3pPxrKYN... | Forwarding to analyzer... {}
🚀 FORWARDING COPY TRADE from monitor to executor:
   📍 Trader: cup (suqh...HQfK)
   🔑 Signature: 3pPxrKYN...
   📊 Has pre-fetched data: true
✅ Executor worker ready, forwarding message...
[2025-09-07T19:30:08.300Z] [executor] [INFO] 🚀 EXECUTING HIGH-SPEED COPY TRADE {
  traderWallet: 'suqh...HQfK',
  signature: '3pPxrKYN...',
  hasPreFetchedData: true
}
[PROCESS_SIG] 🎯 Processing signature for copy trade:
   📍 Source trader: cup (suqh...HQfK)
   🔑 Signature: 3pPx...afVV
   📊 Has pre-fetched data: true
   📋 Pre-fetched data: ✅ Present
[FILTER] ⚠️ No blockTime available for 3pPx...afVV - allowing through
[EXECUTE_MASTER] 🔍 Starting analysis for transaction 3pPx...afVV...
[EXECUTE_MASTER] 📍 Source trader: cup (suqh...HQfK)
[EXECUTE_MASTER] 📊 Pre-fetched data available: true
[EXECUTE_MASTER] 🔍 Using deep analysis for complete trade details...
[ANALYZER-V5-HELIUS] Processing sig: 3pPx...afVV
[NOISE-FILTER] 🎯 PURE COPY BOT: NO NOISE FILTERING - Copying everything!
[ANALYZER] Using full pre-fetched gRPC stream object...
[ANALYZER] ✅ Transaction metadata looks good
[BalanceAnalysis] Trader suqh...HQfK SOL change: 0.00001 SOL (Raw: 10000)
[BalanceAnalysis] SOL Change Threshold for swap detection: 0 lamports (NO RESTRICTIONS)
[BalanceAnalysis] Result: No clear swap pattern detected based on SOL/Token movements.
SOL Change: 10000 (Threshold: 0)
Received Mint: N/A, Amount: 0
Sent Mint: N/A, Amount: 0
[ANALYZER] ❌ Not a trade transaction - skipping platform analysis
[EXECUTE_MASTER] ❌ Not copyable: No swap detected in balance changes.
[EXECUTE_MASTER] ❌ Transaction not copyable. Reason: No swap detected in balance changes.
[2025-09-07T19:30:08.384Z] [monitor] [INFO] [FILTER] ⏰ Skipping old transaction for 4BdKaxN8... | Sig: rRptd25M... (age: 250s) {}
[2025-09-07T19:30:08.384Z] [monitor] [INFO] [FILTER] ⏰ Skipping old transaction for 4BdKaxN8... | Sig: 4MJLsKAf... (age: 337s) {}
[2025-09-07T19:30:08.384Z] [monitor] [INFO] [FILTER] ⏰ Skipping old transaction for 4BdKaxN8... | Sig: 4QwK1CdE... (age: 3712s) {}
[2025-09-07T19:30:08.385Z] [monitor] [INFO] [FILTER] ⏰ Skipping old transaction for 4BdKaxN8... | Sig: 5YnJNmpg... (age: 6739s) {}
[2025-09-07T19:30:08.385Z] [monitor] [INFO] [FILTER] ⏰ Skipping old transaction for 4BdKaxN8... | Sig: R2vrq8CD... (age: 9765s) {}
[2025-09-07T19:30:09.772Z] [monitor] [INFO] [FILTER] ✅ Transaction age: 13s - within acceptable range {}
[2025-09-07T19:30:09.772Z] [monitor] [INFO] 🚀 New transaction detected for wallet suqh5sHt... | Sig: 296woybG... {}
[2025-09-07T19:30:09.954Z] [monitor] [INFO] 🎯 Transaction detected for suqh5sHt... | Sig: 296woybG... | Forwarding to analyzer... {}
🚀 FORWARDING COPY TRADE from monitor to executor:
   📍 Trader: cup (suqh...HQfK)
   🔑 Signature: 296woybG...
   📊 Has pre-fetched data: true
✅ Executor worker ready, forwarding message...
[2025-09-07T19:30:09.956Z] [executor] [INFO] 🚀 EXECUTING HIGH-SPEED COPY TRADE {
  traderWallet: 'suqh...HQfK',
  signature: '296woybG...',
  hasPreFetchedData: true
}
[PROCESS_SIG] 🎯 Processing signature for copy trade:
   📍 Source trader: cup (suqh...HQfK)
   🔑 Signature: 296w...k4GU
   📊 Has pre-fetched data: true
   📋 Pre-fetched data: ✅ Present
[FILTER] ⚠️ No blockTime available for 296w...k4GU - allowing through
[EXECUTE_MASTER] 🔍 Starting analysis for transaction 296w...k4GU...
[EXECUTE_MASTER] 📍 Source trader: cup (suqh...HQfK)
[EXECUTE_MASTER] 📊 Pre-fetched data available: true
[EXECUTE_MASTER] 🔍 Using deep analysis for complete trade details...
[ANALYZER-V5-HELIUS] Processing sig: 296w...k4GU
[NOISE-FILTER] 🎯 PURE COPY BOT: NO NOISE FILTERING - Copying everything!
[ANALYZER] Using full pre-fetched gRPC stream object...
[ANALYZER] ✅ Transaction metadata looks good
[BalanceAnalysis] Trader suqh...HQfK SOL change: 6.744980606 SOL (Raw: 6744980606)
[BalanceAnalysis] SOL Change Threshold for swap detection: 0 lamports (NO RESTRICTIONS)
[BalanceAnalysis] ✅ SELL Detected (SOL in, Token out). SOL change: 6744980606, Token sent: 5ELH...pump
[ANALYZER] ✅ Trade detected! Using Universal Cloning Engine...
[ANALYZER] ✅ Swap confirmed via balance changes. Type: sell
[BLUEPRINT-CREATOR] 🔍 Creating detailed blueprint for transaction...
[ANALYZER-V2] 🔍 Searching for core swap instruction using advanced CPI detection...
[ANALYZER-V2] 📊 Transaction has 26 accounts and 8 instructions
[ANALYZER-V2] 👤 Trader found at account index: 0
[ANALYZER-V2] 🎯 Strategy 1: Checking for direct calls signed by the trader...
[ANALYZER-V2] ✅ SUCCESS (Direct Call): Found instruction 4 for pAMMBay6... signed by trader.
[ANALYZER-V2] ✅ SUCCESS: Packaged instruction for cloning.
[ANALYZER-V2]   -> Platform/Router Program ID: pAMMBay6...52FMfXEA (Pump.fun)
[ANALYZER-V2]   -> Accounts: 21
[ANALYZER-V2]   -> Data length: 33 chars
[BalanceAnalysis] Trader suqh...HQfK SOL change: 6.744980606 SOL (Raw: 6744980606)
[BalanceAnalysis] SOL Change Threshold for swap detection: 0 lamports (NO RESTRICTIONS)
[BalanceAnalysis] ✅ SELL Detected (SOL in, Token out). SOL change: 6744980606, Token sent: 5ELH...pump
[BLUEPRINT-CREATOR] 🏷️ Annotating account roles for context preservation...
[BLUEPRINT-CREATOR] ✅ Blueprint created with 21 annotated accounts
[BLUEPRINT-CREATOR] 📋 Account roles: PLATFORM_OR_PDA(0), TRADER_WALLET(1), PLATFORM_OR_PDA(2), INPUT_MINT(3), OUTPUT_MINT(4), INPUT_ATA(5), PLATFORM_OR_PDA(6), PLATFORM_OR_PDA(7), PLATFORM_OR_PDA(8), PLATFORM_OR_PDA(9), PLATFORM_OR_PDA(10), TOKEN_PROGRAM(11), TOKEN_PROGRAM(12), SYSTEM_PROGRAM(13), ASSOCIATED_TOKEN_PROGRAM(14), PLATFORM_OR_PDA(15), PLATFORM_OR_PDA(16), PLATFORM_OR_PDA(17), PLATFORM_OR_PDA(18), PLATFORM_OR_PDA(19), PLATFORM_OR_PDA(20)
[ANALYZER] 🎉 SUCCESS! SELL on UniversalCloner | 5.28M 5ELH...pump → N/A SOL | Fee: 0.001005 SOL | Slot: 365312630
[EXECUTE_MASTER] 📊 SELL on UniversalCloner | 5.28M 5ELH...pump → N/A SOL | Fee: 0.001005 SOL | Slot: 365312630
[EXECUTE_MASTER] ✅ Transaction is copyable! Platform: UniversalCloner, Type: sell
[EXECUTE_MASTER] 🎯 Using platform from analysis: UniversalCloner
[EXECUTE_MASTER] 🎯 Using Universal Cloning Engine for all platforms
[EXECUTE_MASTER] 🔧 Platform: UniversalCloner | Program ID: pAMM...fXEA | Compute Units: 800000
[EXECUTE_MASTER] 🔍 Loading traders from database...
[EXECUTE_MASTER] 📊 Found 1 users with traders
[EXECUTE_MASTER] ✅ Found active trader: cup for user 5665429224
[EXECUTE_MASTER] 🚀 Dispatching copy for UniversalCloner trade to 1 user(s).
[EXECUTE_MASTER] 🔍 AnalysisResult.details before Singapore sender: {
  tradeType: 'sell',
  inputMint: '5ELHdHcVSfEaZRGWX3TwHjENvqpKPyVSSbUu1DRFpump',
  outputMint: 'So11111111111111111111111111111111111111112',
  dexPlatform: 'UniversalCloner',
  hasInputMint: true,
  hasOutputMint: true,
  inputMintType: 'string',
  outputMintType: 'string',
  hasCloningTarget: true
}
[EXECUTE_MASTER] 🔍 DEBUG: Cloning Target Accounts: [
  {
    "pubkey": "FJUpQqGbUMJicZDd2Pt8E7zn8WbmG5X129L9YS8RnCir",
    "role": "PLATFORM_OR_PDA",
    "isSigner": false,
    "isWritable": true,
    "index": 0
  },
  {
    "pubkey": "suqh5sHtr8HyJ7q8scBimULPkPpA557prMG47xCHQfK",
    "role": "TRADER_WALLET",
    "isSigner": true,
    "isWritable": true,
    "index": 1
  },
  {
    "pubkey": "ADyA8hdefvWN2dbGGWFotbzWxrAvLW83WG6QCVXvJKqw",
    "role": "PLATFORM_OR_PDA",
    "isSigner": false,
    "isWritable": false,
    "index": 2
  }
]
[SINGAPORE-SENDER] 🚀 Starting copy trade execution for user 5665429224
[SINGAPORE-SENDER] 🚀 COPY TRADE: SELL UniversalCloner | Token: So11...1112 | User: 5665429224
[DIAGNOSTIC] Attempting to get Keypair for wallet ID: 5
[DIAGNOSTIC] ✅ Decryption successful for "zap".
[DIAGNOSTIC] ✅ Keypair successfully derived for wallet ID: 5
[KeypairProvider] ✅ Resolved wallet "zap" for user 3.
[SINGAPORE-SENDER] 💼 Using wallet: zap
[SINGAPORE-SENDER] 🎯 Using Universal Cloning Engine for platform: UniversalCloner
[TRADE-VALIDATION] 🔍 Validating trade for copy...
[TRADE-VALIDATION] ✅ Trade validation passed! Type: sell
[SINGAPORE-SENDER] ⚠️ SELL detected but user 5665429224 has no 5ELH...pump tokens. Skipping trade.
[SINGAPORE-SENDER] ⏭️ Skipping copy trade for user 5665429224 - no position found
💓 Health check: healthy { workers: 6, ready: 6 }
[FAILURE-CLEANUP] 🔄 Blockhash changed, cleaning up old failed transactions
[PERFORMANCE-MONITOR] 💾 Metrics saved to logs/performance-metrics.json
💓 Health check: healthy { workers: 6, ready: 6 }
[FAILURE-CLEANUP] 🔄 Blockhash changed, cleaning up old failed transactions
💓 Health check: healthy { workers: 6, ready: 6 }
[FAILURE-CLEANUP] 🔄 Blockhash changed, cleaning up old failed transactions
[PERFORMANCE-MONITOR] 💾 Metrics saved to logs/performance-metrics.json
💓 Health check: healthy { workers: 6, ready: 6 }
[FAILURE-CLEANUP] 🔄 Blockhash changed, cleaning up old failed transactions
💓 Health check: healthy { workers: 6, ready: 6 }
[2025-09-07T19:32:32.768Z] [monitor] [INFO] [FILTER] ✅ Transaction age: 14s - within acceptable range {}
[2025-09-07T19:32:32.768Z] [monitor] [INFO] 🚀 New transaction detected for wallet DfMxre4c... | Sig: mLSNkghV... {}
[2025-09-07T19:32:32.871Z] [monitor] [INFO] 🎯 Transaction detected for DfMxre4c... | Sig: mLSNkghV... | Forwarding to analyzer... {}
🚀 FORWARDING COPY TRADE from monitor to executor:
   📍 Trader: eu (DfMx...Xhzj)
   🔑 Signature: mLSNkghV...
   📊 Has pre-fetched data: true
✅ Executor worker ready, forwarding message...
[2025-09-07T19:32:32.878Z] [executor] [INFO] 🚀 EXECUTING HIGH-SPEED COPY TRADE {
  traderWallet: 'DfMx...Xhzj',
  signature: 'mLSNkghV...',
  hasPreFetchedData: true
}
[PROCESS_SIG] 🎯 Processing signature for copy trade:
   📍 Source trader: eu (DfMx...Xhzj)
   🔑 Signature: mLSN...KcKq
   📊 Has pre-fetched data: true
   📋 Pre-fetched data: ✅ Present
[FILTER] ⚠️ No blockTime available for mLSN...KcKq - allowing through
[EXECUTE_MASTER] 🔍 Starting analysis for transaction mLSN...KcKq...
[EXECUTE_MASTER] 📍 Source trader: eu (DfMx...Xhzj)
[EXECUTE_MASTER] 📊 Pre-fetched data available: true
[EXECUTE_MASTER] 🔍 Using deep analysis for complete trade details...
[ANALYZER-V5-HELIUS] Processing sig: mLSN...KcKq
[NOISE-FILTER] 🎯 PURE COPY BOT: NO NOISE FILTERING - Copying everything!
[ANALYZER] Using full pre-fetched gRPC stream object...
[ANALYZER] ✅ Transaction metadata looks good
[BalanceAnalysis] Trader DfMx...Xhzj SOL change: 5.655142619 SOL (Raw: 5655142619)
[BalanceAnalysis] SOL Change Threshold for swap detection: 0 lamports (NO RESTRICTIONS)
[BalanceAnalysis] ✅ SELL Detected (SOL in, Token out). SOL change: 5655142619, Token sent: Hc2G...pump
[ANALYZER] ✅ Trade detected! Using Universal Cloning Engine...
[ANALYZER] ✅ Swap confirmed via balance changes. Type: sell
[BLUEPRINT-CREATOR] 🔍 Creating detailed blueprint for transaction...
[ANALYZER-V2] 🔍 Searching for core swap instruction using advanced CPI detection...
[ANALYZER-V2] 📊 Transaction has 26 accounts and 7 instructions
[ANALYZER-V2] 👤 Trader found at account index: 0
[ANALYZER-V2] 🎯 Strategy 1: Checking for direct calls signed by the trader...
[ANALYZER-V2] ✅ SUCCESS (Direct Call): Found instruction 4 for BSfD6SHZ... signed by trader.
[ANALYZER-V2] ✅ SUCCESS: Packaged instruction for cloning.
[ANALYZER-V2]   -> Platform/Router Program ID: BSfD6SHZ...9XW1mrRW (Photon Router)
[ANALYZER-V2]   -> Accounts: 21
[ANALYZER-V2]   -> Data length: 33 chars
[BalanceAnalysis] Trader DfMx...Xhzj SOL change: 5.655142619 SOL (Raw: 5655142619)
[BalanceAnalysis] SOL Change Threshold for swap detection: 0 lamports (NO RESTRICTIONS)
[BalanceAnalysis] ✅ SELL Detected (SOL in, Token out). SOL change: 5655142619, Token sent: Hc2G...pump
[BLUEPRINT-CREATOR] 🏷️ Annotating account roles for context preservation...
[BLUEPRINT-CREATOR] ✅ Blueprint created with 21 annotated accounts
[BLUEPRINT-CREATOR] 📋 Account roles: PLATFORM_OR_PDA(0), TRADER_WALLET(1), PLATFORM_OR_PDA(2), INPUT_MINT(3), OUTPUT_MINT(4), INPUT_ATA(5), PLATFORM_OR_PDA(6), PLATFORM_OR_PDA(7), PLATFORM_OR_PDA(8), PLATFORM_OR_PDA(9), PLATFORM_OR_PDA(10), TOKEN_PROGRAM(11), TOKEN_PROGRAM(12), SYSTEM_PROGRAM(13), ASSOCIATED_TOKEN_PROGRAM(14), PLATFORM_OR_PDA(15), PLATFORM_OR_PDA(16), PLATFORM_OR_PDA(17), PLATFORM_OR_PDA(18), PLATFORM_OR_PDA(19), PLATFORM_OR_PDA(20)
[ANALYZER] 🎉 SUCCESS! SELL on UniversalCloner | 19.44M Hc2G...pump → N/A SOL | Fee: 0.020005 SOL | Slot: 365312977
[EXECUTE_MASTER] 📊 SELL on UniversalCloner | 19.44M Hc2G...pump → N/A SOL | Fee: 0.020005 SOL | Slot: 365312977
[EXECUTE_MASTER] ✅ Transaction is copyable! Platform: UniversalCloner, Type: sell
[EXECUTE_MASTER] 🎯 Using platform from analysis: UniversalCloner
[EXECUTE_MASTER] 🎯 Using Universal Cloning Engine for all platforms
[EXECUTE_MASTER] 🔧 Platform: UniversalCloner | Program ID: BSfD...mrRW | Compute Units: 800000
[EXECUTE_MASTER] 🔍 Loading traders from database...
[EXECUTE_MASTER] 📊 Found 1 users with traders
[EXECUTE_MASTER] ✅ Found active trader: eu for user 5665429224
[EXECUTE_MASTER] 🚀 Dispatching copy for UniversalCloner trade to 1 user(s).
[EXECUTE_MASTER] 🔍 AnalysisResult.details before Singapore sender: {
  tradeType: 'sell',
  inputMint: 'Hc2Giw2Pua7hPUd75ajWJ3Vo8wB3YgHLwVJu83Rtpump',
  outputMint: 'So11111111111111111111111111111111111111112',
  dexPlatform: 'UniversalCloner',
  hasInputMint: true,
  hasOutputMint: true,
  inputMintType: 'string',
  outputMintType: 'string',
  hasCloningTarget: true
}
[EXECUTE_MASTER] 🔍 DEBUG: Cloning Target Accounts: [
  {
    "pubkey": "ALvRByrPGvDLX9vHq4Yfayy1U2W7Pt9zPAX2GZBA4Z5D",
    "role": "PLATFORM_OR_PDA",
    "isSigner": false,
    "isWritable": true,
    "index": 0
  },
  {
    "pubkey": "DfMxre4cKmvogbLrPigxmibVTTQDuzjdXojWzjCXXhzj",
    "role": "TRADER_WALLET",
    "isSigner": true,
    "isWritable": true,
    "index": 1
  },
  {
    "pubkey": "ADyA8hdefvWN2dbGGWFotbzWxrAvLW83WG6QCVXvJKqw",
    "role": "PLATFORM_OR_PDA",
    "isSigner": false,
    "isWritable": false,
    "index": 2
  }
]
[SINGAPORE-SENDER] 🚀 Starting copy trade execution for user 5665429224
[SINGAPORE-SENDER] 🚀 COPY TRADE: SELL UniversalCloner | Token: So11...1112 | User: 5665429224
[DIAGNOSTIC] Attempting to get Keypair for wallet ID: 5
[DIAGNOSTIC] ✅ Decryption successful for "zap".
[DIAGNOSTIC] ✅ Keypair successfully derived for wallet ID: 5
[KeypairProvider] ✅ Resolved wallet "zap" for user 3.
[SINGAPORE-SENDER] 💼 Using wallet: zap
[SINGAPORE-SENDER] 🎯 Using Universal Cloning Engine for platform: UniversalCloner
[TRADE-VALIDATION] 🔍 Validating trade for copy...
[TRADE-VALIDATION] ✅ Trade validation passed! Type: sell
[SINGAPORE-SENDER] ⚠️ SELL detected but user 5665429224 has no Hc2G...pump tokens. Skipping trade.
[SINGAPORE-SENDER] ⏭️ Skipping copy trade for user 5665429224 - no position found
[2025-09-07T19:32:38.790Z] [monitor] [INFO] [FILTER] ✅ Transaction age: 16s - within acceptable range {}
[2025-09-07T19:32:38.790Z] [monitor] [INFO] 🚀 New transaction detected for wallet DfMxre4c... | Sig: BPUXNUrs... {}
[2025-09-07T19:32:38.955Z] [monitor] [INFO] 🎯 Transaction detected for DfMxre4c... | Sig: BPUXNUrs... | Forwarding to analyzer... {}
🚀 FORWARDING COPY TRADE from monitor to executor:
   📍 Trader: eu (DfMx...Xhzj)
   🔑 Signature: BPUXNUrs...
   📊 Has pre-fetched data: true
✅ Executor worker ready, forwarding message...
[2025-09-07T19:32:38.959Z] [executor] [INFO] 🚀 EXECUTING HIGH-SPEED COPY TRADE {
  traderWallet: 'DfMx...Xhzj',
  signature: 'BPUXNUrs...',
  hasPreFetchedData: true
}
[PROCESS_SIG] 🎯 Processing signature for copy trade:
   📍 Source trader: eu (DfMx...Xhzj)
   🔑 Signature: BPUX...ZaL7
   📊 Has pre-fetched data: true
   📋 Pre-fetched data: ✅ Present
[FILTER] ⚠️ No blockTime available for BPUX...ZaL7 - allowing through
[EXECUTE_MASTER] 🔍 Starting analysis for transaction BPUX...ZaL7...
[EXECUTE_MASTER] 📍 Source trader: eu (DfMx...Xhzj)
[EXECUTE_MASTER] 📊 Pre-fetched data available: true
[EXECUTE_MASTER] 🔍 Using deep analysis for complete trade details...
[ANALYZER-V5-HELIUS] Processing sig: BPUX...ZaL7
[NOISE-FILTER] 🎯 PURE COPY BOT: NO NOISE FILTERING - Copying everything!
[ANALYZER] Using full pre-fetched gRPC stream object...
[ANALYZER] ✅ Transaction metadata looks good
[BalanceAnalysis] Trader DfMx...Xhzj SOL change: 1e-9 SOL (Raw: 1)
[BalanceAnalysis] SOL Change Threshold for swap detection: 0 lamports (NO RESTRICTIONS)
[BalanceAnalysis] Result: No clear swap pattern detected based on SOL/Token movements.
SOL Change: 1 (Threshold: 0)
Received Mint: N/A, Amount: 0
Sent Mint: N/A, Amount: 0
[ANALYZER] ❌ Not a trade transaction - skipping platform analysis
[EXECUTE_MASTER] ❌ Not copyable: No swap detected in balance changes.
[EXECUTE_MASTER] ❌ Transaction not copyable. Reason: No swap detected in balance changes.
[FAILURE-CLEANUP] 🔄 Blockhash changed, cleaning up old failed transactions
[2025-09-07T19:32:40.780Z] [monitor] [INFO] [FILTER] ✅ Transaction age: 15s - within acceptable range {}
[2025-09-07T19:32:40.780Z] [monitor] [INFO] 🚀 New transaction detected for wallet DfMxre4c... | Sig: 5zGAywEH... {}
[2025-09-07T19:32:40.946Z] [monitor] [INFO] 🎯 Transaction detected for DfMxre4c... | Sig: 5zGAywEH... | Forwarding to analyzer... {}
🚀 FORWARDING COPY TRADE from monitor to executor:
   📍 Trader: eu (DfMx...Xhzj)
   🔑 Signature: 5zGAywEH...
   📊 Has pre-fetched data: true
✅ Executor worker ready, forwarding message...
[2025-09-07T19:32:40.953Z] [executor] [INFO] 🚀 EXECUTING HIGH-SPEED COPY TRADE {
  traderWallet: 'DfMx...Xhzj',
  signature: '5zGAywEH...',
  hasPreFetchedData: true
}
[PROCESS_SIG] 🎯 Processing signature for copy trade:
   📍 Source trader: eu (DfMx...Xhzj)
   🔑 Signature: 5zGA...qv8Z
   📊 Has pre-fetched data: true
   📋 Pre-fetched data: ✅ Present
[FILTER] ⚠️ No blockTime available for 5zGA...qv8Z - allowing through
[EXECUTE_MASTER] 🔍 Starting analysis for transaction 5zGA...qv8Z...
[EXECUTE_MASTER] 📍 Source trader: eu (DfMx...Xhzj)
[EXECUTE_MASTER] 📊 Pre-fetched data available: true
[EXECUTE_MASTER] 🔍 Using deep analysis for complete trade details...
[ANALYZER-V5-HELIUS] Processing sig: 5zGA...qv8Z
[NOISE-FILTER] 🎯 PURE COPY BOT: NO NOISE FILTERING - Copying everything!
[ANALYZER] Using full pre-fetched gRPC stream object...
[ANALYZER] ✅ Transaction metadata looks good
[BalanceAnalysis] Trader DfMx...Xhzj SOL change: 1e-9 SOL (Raw: 1)
[BalanceAnalysis] SOL Change Threshold for swap detection: 0 lamports (NO RESTRICTIONS)
[BalanceAnalysis] Result: No clear swap pattern detected based on SOL/Token movements.
SOL Change: 1 (Threshold: 0)
Received Mint: N/A, Amount: 0
Sent Mint: N/A, Amount: 0
[ANALYZER] ❌ Not a trade transaction - skipping platform analysis
[EXECUTE_MASTER] ❌ Not copyable: No swap detected in balance changes.
[EXECUTE_MASTER] ❌ Transaction not copyable. Reason: No swap detected in balance changes.
[2025-09-07T19:32:50.782Z] [monitor] [INFO] [FILTER] ✅ Transaction age: 14s - within acceptable range {}
[2025-09-07T19:32:50.782Z] [monitor] [INFO] 🚀 New transaction detected for wallet DfMxre4c... | Sig: 2P3wmc7h... {}
[2025-09-07T19:32:50.956Z] [monitor] [INFO] 🎯 Transaction detected for DfMxre4c... | Sig: 2P3wmc7h... | Forwarding to analyzer... {}
🚀 FORWARDING COPY TRADE from monitor to executor:
   📍 Trader: eu (DfMx...Xhzj)
   🔑 Signature: 2P3wmc7h...
   📊 Has pre-fetched data: true
✅ Executor worker ready, forwarding message...
[2025-09-07T19:32:50.961Z] [executor] [INFO] 🚀 EXECUTING HIGH-SPEED COPY TRADE {
  traderWallet: 'DfMx...Xhzj',
  signature: '2P3wmc7h...',
  hasPreFetchedData: true
}
[PROCESS_SIG] 🎯 Processing signature for copy trade:
   📍 Source trader: eu (DfMx...Xhzj)
   🔑 Signature: 2P3w...KYBq
   📊 Has pre-fetched data: true
   📋 Pre-fetched data: ✅ Present
[FILTER] ⚠️ No blockTime available for 2P3w...KYBq - allowing through
[EXECUTE_MASTER] 🔍 Starting analysis for transaction 2P3w...KYBq...
[EXECUTE_MASTER] 📍 Source trader: eu (DfMx...Xhzj)
[EXECUTE_MASTER] 📊 Pre-fetched data available: true
[EXECUTE_MASTER] 🔍 Using deep analysis for complete trade details...
[ANALYZER-V5-HELIUS] Processing sig: 2P3w...KYBq
[NOISE-FILTER] 🎯 PURE COPY BOT: NO NOISE FILTERING - Copying everything!
[ANALYZER] Using full pre-fetched gRPC stream object...
[ANALYZER] ✅ Transaction metadata looks good
[BalanceAnalysis] Trader DfMx...Xhzj SOL change: 1e-9 SOL (Raw: 1)
[BalanceAnalysis] SOL Change Threshold for swap detection: 0 lamports (NO RESTRICTIONS)
[BalanceAnalysis] Result: No clear swap pattern detected based on SOL/Token movements.
SOL Change: 1 (Threshold: 0)
Received Mint: N/A, Amount: 0
Sent Mint: N/A, Amount: 0
[ANALYZER] ❌ Not a trade transaction - skipping platform analysis
[EXECUTE_MASTER] ❌ Not copyable: No swap detected in balance changes.
[EXECUTE_MASTER] ❌ Transaction not copyable. Reason: No swap detected in balance changes.
[PERFORMANCE-MONITOR] 💾 Metrics saved to logs/performance-metrics.json
💓 Health check: healthy { workers: 6, ready: 6 }
[2025-09-07T19:33:03.381Z] [monitor] [INFO] [FILTER] ✅ Transaction age: 16s - within acceptable range {}
[2025-09-07T19:33:03.382Z] [monitor] [INFO] 🚀 New transaction detected for wallet DfMxre4c... | Sig: 34cwGLGz... {}
[2025-09-07T19:33:03.542Z] [monitor] [INFO] 🎯 Transaction detected for DfMxre4c... | Sig: 34cwGLGz... | Forwarding to analyzer... {}
🚀 FORWARDING COPY TRADE from monitor to executor:
   📍 Trader: eu (DfMx...Xhzj)
   🔑 Signature: 34cwGLGz...
   📊 Has pre-fetched data: true
✅ Executor worker ready, forwarding message...
[2025-09-07T19:33:03.545Z] [executor] [INFO] 🚀 EXECUTING HIGH-SPEED COPY TRADE {
  traderWallet: 'DfMx...Xhzj',
  signature: '34cwGLGz...',
  hasPreFetchedData: true
}
[PROCESS_SIG] 🎯 Processing signature for copy trade:
   📍 Source trader: eu (DfMx...Xhzj)
   🔑 Signature: 34cw...AYF8
   📊 Has pre-fetched data: true
   📋 Pre-fetched data: ✅ Present
[FILTER] ⚠️ No blockTime available for 34cw...AYF8 - allowing through
[EXECUTE_MASTER] 🔍 Starting analysis for transaction 34cw...AYF8...
[EXECUTE_MASTER] 📍 Source trader: eu (DfMx...Xhzj)
[EXECUTE_MASTER] 📊 Pre-fetched data available: true
[EXECUTE_MASTER] 🔍 Using deep analysis for complete trade details...
[ANALYZER-V5-HELIUS] Processing sig: 34cw...AYF8
[NOISE-FILTER] 🎯 PURE COPY BOT: NO NOISE FILTERING - Copying everything!
[ANALYZER] Using full pre-fetched gRPC stream object...
[ANALYZER] ✅ Transaction metadata looks good
[BalanceAnalysis] Trader DfMx...Xhzj SOL change: 1e-9 SOL (Raw: 1)
[BalanceAnalysis] SOL Change Threshold for swap detection: 0 lamports (NO RESTRICTIONS)
[BalanceAnalysis] Result: No clear swap pattern detected based on SOL/Token movements.
SOL Change: 1 (Threshold: 0)
Received Mint: N/A, Amount: 0
Sent Mint: N/A, Amount: 0
[ANALYZER] ❌ Not a trade transaction - skipping platform analysis
[EXECUTE_MASTER] ❌ Not copyable: No swap detected in balance changes.
[EXECUTE_MASTER] ❌ Transaction not copyable. Reason: No swap detected in balance changes.
[2025-09-07T19:33:05.401Z] [monitor] [INFO] [FILTER] ✅ Transaction age: 15s - within acceptable range {}
[2025-09-07T19:33:05.401Z] [monitor] [INFO] 🚀 New transaction detected for wallet DfMxre4c... | Sig: 2UTcsXCw... {}
[2025-09-07T19:33:05.570Z] [monitor] [INFO] 🎯 Transaction detected for DfMxre4c... | Sig: 2UTcsXCw... | Forwarding to analyzer... {}
🚀 FORWARDING COPY TRADE from monitor to executor:
   📍 Trader: eu (DfMx...Xhzj)
   🔑 Signature: 2UTcsXCw...
   📊 Has pre-fetched data: true
✅ Executor worker ready, forwarding message...
[2025-09-07T19:33:05.572Z] [executor] [INFO] 🚀 EXECUTING HIGH-SPEED COPY TRADE {
  traderWallet: 'DfMx...Xhzj',
  signature: '2UTcsXCw...',
  hasPreFetchedData: true
}
[PROCESS_SIG] 🎯 Processing signature for copy trade:
   📍 Source trader: eu (DfMx...Xhzj)
   🔑 Signature: 2UTc...vkFp
   📊 Has pre-fetched data: true
   📋 Pre-fetched data: ✅ Present
[FILTER] ⚠️ No blockTime available for 2UTc...vkFp - allowing through
[EXECUTE_MASTER] 🔍 Starting analysis for transaction 2UTc...vkFp...
[EXECUTE_MASTER] 📍 Source trader: eu (DfMx...Xhzj)
[EXECUTE_MASTER] 📊 Pre-fetched data available: true
[EXECUTE_MASTER] 🔍 Using deep analysis for complete trade details...
[ANALYZER-V5-HELIUS] Processing sig: 2UTc...vkFp
[NOISE-FILTER] 🎯 PURE COPY BOT: NO NOISE FILTERING - Copying everything!
[ANALYZER] Using full pre-fetched gRPC stream object...
[ANALYZER] ✅ Transaction metadata looks good
[BalanceAnalysis] Trader DfMx...Xhzj SOL change: 1e-9 SOL (Raw: 1)
[BalanceAnalysis] SOL Change Threshold for swap detection: 0 lamports (NO RESTRICTIONS)
[BalanceAnalysis] Result: No clear swap pattern detected based on SOL/Token movements.
SOL Change: 1 (Threshold: 0)
Received Mint: N/A, Amount: 0
Sent Mint: N/A, Amount: 0
[ANALYZER] ❌ Not a trade transaction - skipping platform analysis
[EXECUTE_MASTER] ❌ Not copyable: No swap detected in balance changes.
[EXECUTE_MASTER] ❌ Transaction not copyable. Reason: No swap detected in balance changes.
[FAILURE-CLEANUP] 🔄 Blockhash changed, cleaning up old failed transactions
[2025-09-07T19:33:21.392Z] [monitor] [INFO] [FILTER] ✅ Transaction age: 14s - within acceptable range {}
[2025-09-07T19:33:21.392Z] [monitor] [INFO] 🚀 New transaction detected for wallet DfMxre4c... | Sig: 4a2BStEK... {}
[2025-09-07T19:33:21.556Z] [monitor] [INFO] 🎯 Transaction detected for DfMxre4c... | Sig: 4a2BStEK... | Forwarding to analyzer... {}
🚀 FORWARDING COPY TRADE from monitor to executor:
   📍 Trader: eu (DfMx...Xhzj)
   🔑 Signature: 4a2BStEK...
   📊 Has pre-fetched data: true
✅ Executor worker ready, forwarding message...
[2025-09-07T19:33:21.563Z] [executor] [INFO] 🚀 EXECUTING HIGH-SPEED COPY TRADE {
  traderWallet: 'DfMx...Xhzj',
  signature: '4a2BStEK...',
  hasPreFetchedData: true
}
[PROCESS_SIG] 🎯 Processing signature for copy trade:
   📍 Source trader: eu (DfMx...Xhzj)
   🔑 Signature: 4a2B...poHF
   📊 Has pre-fetched data: true
   📋 Pre-fetched data: ✅ Present
[FILTER] ⚠️ No blockTime available for 4a2B...poHF - allowing through
[EXECUTE_MASTER] 🔍 Starting analysis for transaction 4a2B...poHF...
[EXECUTE_MASTER] 📍 Source trader: eu (DfMx...Xhzj)
[EXECUTE_MASTER] 📊 Pre-fetched data available: true
[EXECUTE_MASTER] 🔍 Using deep analysis for complete trade details...
[ANALYZER-V5-HELIUS] Processing sig: 4a2B...poHF
[NOISE-FILTER] 🎯 PURE COPY BOT: NO NOISE FILTERING - Copying everything!
[ANALYZER] Using full pre-fetched gRPC stream object...
[ANALYZER] ✅ Transaction metadata looks good
[BalanceAnalysis] Trader DfMx...Xhzj SOL change: 1e-9 SOL (Raw: 1)
[BalanceAnalysis] SOL Change Threshold for swap detection: 0 lamports (NO RESTRICTIONS)
[BalanceAnalysis] Result: No clear swap pattern detected based on SOL/Token movements.
SOL Change: 1 (Threshold: 0)
Received Mint: N/A, Amount: 0
Sent Mint: N/A, Amount: 0
[ANALYZER] ❌ Not a trade transaction - skipping platform analysis
[EXECUTE_MASTER] ❌ Not copyable: No swap detected in balance changes.
[EXECUTE_MASTER] ❌ Transaction not copyable. Reason: No swap detected in balance changes.
[2025-09-07T19:33:27.330Z] [monitor] [INFO] [FILTER] ✅ Transaction age: 14s - within acceptable range {}
[2025-09-07T19:33:27.330Z] [monitor] [INFO] 🚀 New transaction detected for wallet DfMxre4c... | Sig: 5FDinazp... {}
[2025-09-07T19:33:27.426Z] [monitor] [INFO] 🎯 Transaction detected for DfMxre4c... | Sig: 5FDinazp... | Forwarding to analyzer... {}
🚀 FORWARDING COPY TRADE from monitor to executor:
   📍 Trader: eu (DfMx...Xhzj)
   🔑 Signature: 5FDinazp...
   📊 Has pre-fetched data: true
✅ Executor worker ready, forwarding message...
[2025-09-07T19:33:27.429Z] [executor] [INFO] 🚀 EXECUTING HIGH-SPEED COPY TRADE {
  traderWallet: 'DfMx...Xhzj',
  signature: '5FDinazp...',
  hasPreFetchedData: true
}
[PROCESS_SIG] 🎯 Processing signature for copy trade:
   📍 Source trader: eu (DfMx...Xhzj)
   🔑 Signature: 5FDi...jHb9
   📊 Has pre-fetched data: true
   📋 Pre-fetched data: ✅ Present
[FILTER] ⚠️ No blockTime available for 5FDi...jHb9 - allowing through
[EXECUTE_MASTER] 🔍 Starting analysis for transaction 5FDi...jHb9...
[EXECUTE_MASTER] 📍 Source trader: eu (DfMx...Xhzj)
[EXECUTE_MASTER] 📊 Pre-fetched data available: true
[EXECUTE_MASTER] 🔍 Using deep analysis for complete trade details...
[ANALYZER-V5-HELIUS] Processing sig: 5FDi...jHb9
[NOISE-FILTER] 🎯 PURE COPY BOT: NO NOISE FILTERING - Copying everything!
[ANALYZER] Using full pre-fetched gRPC stream object...
[ANALYZER] ✅ Transaction metadata looks good
[BalanceAnalysis] Trader DfMx...Xhzj SOL change: 1e-9 SOL (Raw: 1)
[BalanceAnalysis] SOL Change Threshold for swap detection: 0 lamports (NO RESTRICTIONS)
[BalanceAnalysis] Result: No clear swap pattern detected based on SOL/Token movements.
SOL Change: 1 (Threshold: 0)
Received Mint: N/A, Amount: 0
Sent Mint: N/A, Amount: 0
[ANALYZER] ❌ Not a trade transaction - skipping platform analysis
[EXECUTE_MASTER] ❌ Not copyable: No swap detected in balance changes.
[EXECUTE_MASTER] ❌ Transaction not copyable. Reason: No swap detected in balance changes.
💓 Health check: healthy { workers: 6, ready: 6 }
[2025-09-07T19:33:31.996Z] [monitor] [INFO] [FILTER] ✅ Transaction age: 15s - within acceptable range {}
[2025-09-07T19:33:31.996Z] [monitor] [INFO] 🚀 New transaction detected for wallet DfMxre4c... | Sig: 4DWBaUWu... {}
[2025-09-07T19:33:32.161Z] [monitor] [INFO] 🎯 Transaction detected for DfMxre4c... | Sig: 4DWBaUWu... | Forwarding to analyzer... {}
🚀 FORWARDING COPY TRADE from monitor to executor:
   📍 Trader: eu (DfMx...Xhzj)
   🔑 Signature: 4DWBaUWu...
   📊 Has pre-fetched data: true
✅ Executor worker ready, forwarding message...
[2025-09-07T19:33:32.164Z] [executor] [INFO] 🚀 EXECUTING HIGH-SPEED COPY TRADE {
  traderWallet: 'DfMx...Xhzj',
  signature: '4DWBaUWu...',
  hasPreFetchedData: true
}
[PROCESS_SIG] 🎯 Processing signature for copy trade:
   📍 Source trader: eu (DfMx...Xhzj)
   🔑 Signature: 4DWB...mRqN
   📊 Has pre-fetched data: true
   📋 Pre-fetched data: ✅ Present
[FILTER] ⚠️ No blockTime available for 4DWB...mRqN - allowing through
[EXECUTE_MASTER] 🔍 Starting analysis for transaction 4DWB...mRqN...
[EXECUTE_MASTER] 📍 Source trader: eu (DfMx...Xhzj)
[EXECUTE_MASTER] 📊 Pre-fetched data available: true
[EXECUTE_MASTER] 🔍 Using deep analysis for complete trade details...
[ANALYZER-V5-HELIUS] Processing sig: 4DWB...mRqN
[NOISE-FILTER] 🎯 PURE COPY BOT: NO NOISE FILTERING - Copying everything!
[ANALYZER] Using full pre-fetched gRPC stream object...
[ANALYZER] ✅ Transaction metadata looks good
[BalanceAnalysis] Trader DfMx...Xhzj SOL change: 1e-9 SOL (Raw: 1)
[BalanceAnalysis] SOL Change Threshold for swap detection: 0 lamports (NO RESTRICTIONS)
[BalanceAnalysis] Result: No clear swap pattern detected based on SOL/Token movements.
SOL Change: 1 (Threshold: 0)
Received Mint: N/A, Amount: 0
Sent Mint: N/A, Amount: 0
[ANALYZER] ❌ Not a trade transaction - skipping platform analysis
[EXECUTE_MASTER] ❌ Not copyable: No swap detected in balance changes.
[EXECUTE_MASTER] ❌ Transaction not copyable. Reason: No swap detected in balance changes.
[FAILURE-CLEANUP] 🔄 Blockhash changed, cleaning up old failed transactions
[2025-09-07T19:33:42.022Z] [monitor] [INFO] [FILTER] ✅ Transaction age: 15s - within acceptable range {}
[2025-09-07T19:33:42.023Z] [monitor] [INFO] 🚀 New transaction detected for wallet DfMxre4c... | Sig: 2kipoZRF... {}
[2025-09-07T19:33:42.116Z] [monitor] [INFO] 🎯 Transaction detected for DfMxre4c... | Sig: 2kipoZRF... | Forwarding to analyzer... {}
🚀 FORWARDING COPY TRADE from monitor to executor:
   📍 Trader: eu (DfMx...Xhzj)
   🔑 Signature: 2kipoZRF...
   📊 Has pre-fetched data: true
✅ Executor worker ready, forwarding message...
[2025-09-07T19:33:42.119Z] [executor] [INFO] 🚀 EXECUTING HIGH-SPEED COPY TRADE {
  traderWallet: 'DfMx...Xhzj',
  signature: '2kipoZRF...',
  hasPreFetchedData: true
}
[PROCESS_SIG] 🎯 Processing signature for copy trade:
   📍 Source trader: eu (DfMx...Xhzj)
   🔑 Signature: 2kip...E25q
   📊 Has pre-fetched data: true
   📋 Pre-fetched data: ✅ Present
[FILTER] ⚠️ No blockTime available for 2kip...E25q - allowing through
[EXECUTE_MASTER] 🔍 Starting analysis for transaction 2kip...E25q...
[EXECUTE_MASTER] 📍 Source trader: eu (DfMx...Xhzj)
[EXECUTE_MASTER] 📊 Pre-fetched data available: true
[EXECUTE_MASTER] 🔍 Using deep analysis for complete trade details...
[ANALYZER-V5-HELIUS] Processing sig: 2kip...E25q
[NOISE-FILTER] 🎯 PURE COPY BOT: NO NOISE FILTERING - Copying everything!
[ANALYZER] Using full pre-fetched gRPC stream object...
[ANALYZER] ✅ Transaction metadata looks good
[BalanceAnalysis] Trader DfMx...Xhzj SOL change: 1e-9 SOL (Raw: 1)
[BalanceAnalysis] SOL Change Threshold for swap detection: 0 lamports (NO RESTRICTIONS)
[BalanceAnalysis] Result: No clear swap pattern detected based on SOL/Token movements.
SOL Change: 1 (Threshold: 0)
Received Mint: N/A, Amount: 0
Sent Mint: N/A, Amount: 0
[ANALYZER] ❌ Not a trade transaction - skipping platform analysis
[EXECUTE_MASTER] ❌ Not copyable: No swap detected in balance changes.
[EXECUTE_MASTER] ❌ Transaction not copyable. Reason: No swap detected in balance changes.
[2025-09-07T19:33:52.280Z] [monitor] [INFO] [FILTER] ✅ Transaction age: 14s - within acceptable range {}
[2025-09-07T19:33:52.280Z] [monitor] [INFO] 🚀 New transaction detected for wallet suqh5sHt... | Sig: 3TgMznNb... {}
[2025-09-07T19:33:52.373Z] [monitor] [INFO] 🎯 Transaction detected for suqh5sHt... | Sig: 3TgMznNb... | Forwarding to analyzer... {}
🚀 FORWARDING COPY TRADE from monitor to executor:
   📍 Trader: cup (suqh...HQfK)
   🔑 Signature: 3TgMznNb...
   📊 Has pre-fetched data: true
✅ Executor worker ready, forwarding message...
[2025-09-07T19:33:52.376Z] [executor] [INFO] 🚀 EXECUTING HIGH-SPEED COPY TRADE {
  traderWallet: 'suqh...HQfK',
  signature: '3TgMznNb...',
  hasPreFetchedData: true
}
[PROCESS_SIG] 🎯 Processing signature for copy trade:
   📍 Source trader: cup (suqh...HQfK)
   🔑 Signature: 3TgM...ANVe
   📊 Has pre-fetched data: true
   📋 Pre-fetched data: ✅ Present
[FILTER] ⚠️ No blockTime available for 3TgM...ANVe - allowing through
[EXECUTE_MASTER] 🔍 Starting analysis for transaction 3TgM...ANVe...
[EXECUTE_MASTER] 📍 Source trader: cup (suqh...HQfK)
[EXECUTE_MASTER] 📊 Pre-fetched data available: true
[EXECUTE_MASTER] 🔍 Using deep analysis for complete trade details...
[ANALYZER-V5-HELIUS] Processing sig: 3TgM...ANVe
[NOISE-FILTER] 🎯 PURE COPY BOT: NO NOISE FILTERING - Copying everything!
[ANALYZER] Using full pre-fetched gRPC stream object...
[ANALYZER] ✅ Transaction metadata looks good
[BalanceAnalysis] Trader suqh...HQfK SOL change: -5.00404428 SOL (Raw: -5004044280)
[BalanceAnalysis] SOL Change Threshold for swap detection: 0 lamports (NO RESTRICTIONS)
[BalanceAnalysis] ✅ BUY Detected (SOL out, Token in). SOL change: -5004044280, Token received: 7mxv...pump
[ANALYZER] ✅ Trade detected! Using Universal Cloning Engine...
[ANALYZER] ✅ Swap confirmed via balance changes. Type: buy
[BLUEPRINT-CREATOR] 🔍 Creating detailed blueprint for transaction...
[ANALYZER-V2] 🔍 Searching for core swap instruction using advanced CPI detection...
[ANALYZER-V2] 📊 Transaction has 29 accounts and 11 instructions
[ANALYZER-V2] 👤 Trader found at account index: 0
[ANALYZER-V2] 🎯 Strategy 1: Checking for direct calls signed by the trader...
[ANALYZER-V2] 🔄 Strategy 2: Checking for Router CPI patterns...
[ANALYZER-V2] 🔍 Outer instruction 7 signed by trader: 6HB1VBBS...
[ANALYZER-V2] 🔍 Found 8 inner instructions for outer 7
[ANALYZER-V2] ✅ SUCCESS (Router CPI): Found inner instruction 1 for pAMMBay6... triggered by trader's signed call.
[ANALYZER-V2] ✅ SUCCESS: Packaged instruction for cloning.
[ANALYZER-V2]   -> Platform/Router Program ID: pAMMBay6...52FMfXEA (Pump.fun)
[ANALYZER-V2]   -> Accounts: 23
[ANALYZER-V2]   -> Data length: 33 chars
[BalanceAnalysis] Trader suqh...HQfK SOL change: -5.00404428 SOL (Raw: -5004044280)
[BalanceAnalysis] SOL Change Threshold for swap detection: 0 lamports (NO RESTRICTIONS)
[BalanceAnalysis] ✅ BUY Detected (SOL out, Token in). SOL change: -5004044280, Token received: 7mxv...pump
[BLUEPRINT-CREATOR] 🏷️ Annotating account roles for context preservation...
[BLUEPRINT-CREATOR] ✅ Blueprint created with 23 annotated accounts
[BLUEPRINT-CREATOR] 📋 Account roles: PLATFORM_OR_PDA(0), TRADER_WALLET(1), PLATFORM_OR_PDA(2), OUTPUT_MINT(3), INPUT_MINT(4), OUTPUT_ATA(5), PLATFORM_OR_PDA(6), PLATFORM_OR_PDA(7), PLATFORM_OR_PDA(8), PLATFORM_OR_PDA(9), PLATFORM_OR_PDA(10), TOKEN_PROGRAM(11), TOKEN_PROGRAM(12), SYSTEM_PROGRAM(13), ASSOCIATED_TOKEN_PROGRAM(14), PLATFORM_OR_PDA(15), PLATFORM_OR_PDA(16), PLATFORM_OR_PDA(17), PLATFORM_OR_PDA(18), PLATFORM_OR_PDA(19), PLATFORM_OR_PDA(20), PLATFORM_OR_PDA(21), PLATFORM_OR_PDA(22)
[ANALYZER] 🎉 SUCCESS! BUY on UniversalCloner | 5.0040 SOL → 7mxv...pump | Fee: 0.001005 SOL | Slot: 365313176
[EXECUTE_MASTER] 📊 BUY on UniversalCloner | 5.0040 SOL → 7mxv...pump | Fee: 0.001005 SOL | Slot: 365313176
[EXECUTE_MASTER] ✅ Transaction is copyable! Platform: UniversalCloner, Type: buy
[EXECUTE_MASTER] 🎯 Using platform from analysis: UniversalCloner
[EXECUTE_MASTER] 🎯 Using Universal Cloning Engine for all platforms
[EXECUTE_MASTER] 🔧 Platform: UniversalCloner | Program ID: pAMM...fXEA | Compute Units: 800000
[EXECUTE_MASTER] 🔍 Loading traders from database...
[EXECUTE_MASTER] 📊 Found 1 users with traders
[EXECUTE_MASTER] ✅ Found active trader: cup for user 5665429224
[EXECUTE_MASTER] 🚀 Dispatching copy for UniversalCloner trade to 1 user(s).
[EXECUTE_MASTER] 🔍 AnalysisResult.details before Singapore sender: {
  tradeType: 'buy',
  inputMint: 'So11111111111111111111111111111111111111112',
  outputMint: '7mxvtYChQGah6a6w6SEwTDFMXg5vNdR9dSMhpbCupump',
  dexPlatform: 'UniversalCloner',
  hasInputMint: true,
  hasOutputMint: true,
  inputMintType: 'string',
  outputMintType: 'string',
  hasCloningTarget: true
}
[EXECUTE_MASTER] 🔍 DEBUG: Cloning Target Accounts: [
  {
    "pubkey": "AoEfWtZNxeHGBK1E6kwDDHK62xE415GE8a3c9dyAL5kq",
    "role": "PLATFORM_OR_PDA",
    "isSigner": false,
    "isWritable": true,
    "index": 0
  },
  {
    "pubkey": "suqh5sHtr8HyJ7q8scBimULPkPpA557prMG47xCHQfK",
    "role": "TRADER_WALLET",
    "isSigner": true,
    "isWritable": true,
    "index": 1
  },
  {
    "pubkey": "ADyA8hdefvWN2dbGGWFotbzWxrAvLW83WG6QCVXvJKqw",
    "role": "PLATFORM_OR_PDA",
    "isSigner": false,
    "isWritable": false,
    "index": 2
  }
]
[SINGAPORE-SENDER] 🚀 Starting copy trade execution for user 5665429224
[SINGAPORE-SENDER] 🚀 COPY TRADE: BUY UniversalCloner | Token: 7mxv...pump | User: 5665429224
[DIAGNOSTIC] Attempting to get Keypair for wallet ID: 5
[DIAGNOSTIC] ✅ Decryption successful for "zap".
[DIAGNOSTIC] ✅ Keypair successfully derived for wallet ID: 5
[KeypairProvider] ✅ Resolved wallet "zap" for user 3.
[SINGAPORE-SENDER] 💼 Using wallet: zap
[SINGAPORE-SENDER] 🎯 Using Universal Cloning Engine for platform: UniversalCloner
[TRADE-VALIDATION] 🔍 Validating trade for copy...
[TRADE-VALIDATION] ✅ Trade validation passed! Type: buy
[SINGAPORE-SENDER] 💰 User 5665429224 SOL amount per trade: 0.001 SOL (1000000 lamports)
[SINGAPORE-SENDER] 🎯 Using Universal Cloning Engine for platform: UniversalCloner
[SINGAPORE-SENDER] 📍 Universal Cloner handles all platforms without platform-specific builders
[SINGAPORE-SENDER] 🔍 TradeDetails validation: {
  tradeType: 'buy',
  inputMint: 'So11111111111111111111111111111111111111112',
  outputMint: '7mxvtYChQGah6a6w6SEwTDFMXg5vNdR9dSMhpbCupump',
  dexPlatform: 'UniversalCloner',
  hasInputMint: true,
  hasOutputMint: true,
  hasCloningTarget: true,
  traderPubkey: 'suqh5sHtr8HyJ7q8scBimULPkPpA557prMG47xCHQfK',
  platformProgramId: 'pAMMBay6oceH9fJKBRHGP5D4bD4sWpmSwMn52FMfXEA'
}
[NONCE] ❌ Failed to get latest nonce for FeDt...pGCn: Nonce account FeDt...pGCn is not initialized.
[SINGAPORE-SENDER] 🔧 Building Universal Cloned instructions...
[SINGAPORE-SENDER] ⚠️ Failed to get nonce info: Nonce account FeDt...pGCn is not initialized.. Using regular blockhash.
[SINGAPORE-SENDER] 🔑 Transaction signature: 3TgMznNb1SVA4uN9JoddLGuYhtMBxmzs5iAJn5yiWDHzsMPHJCfZTmVWaCQNQnzYrR8baqpnA6qup4Dv8isLANVe
[SINGAPORE-SENDER] 💰 Master trader amount: undefined raw units
[SINGAPORE-SENDER] 💰 User copy trade amount: 1000000 raw units
[TRANSACTION-LOGGER] 📝 Copy trade logged to: copy_trade_3TgMznNb1SVA4uN9JoddLGuYhtMBxmzs5iAJn5yiWDHzsMPHJCfZTmVWaCQNQnzYrR8baqpnA6qup4Dv8isLANVe.json
[BLUEPRINT-FORGER] 🔧 Building cloned instruction for user HyF8...EACS
[BLUEPRINT-FORGER] 🎯 Target program: pAMM...fXEA
[BLUEPRINT-FORGER] 💰 Trade type: buy
[BLUEPRINT-FORGER] 📊 Blueprint accounts: 23
[FORGER] 🗺️ Creating forging map for account swaps...
[FORGER] 📝 Map: TRADER_WALLET suqh...HQfK → HyF8...EACS
[FORGER] 📝 Map: OUTPUT_ATA EQJn...cXm6 → Gnp9...pPVN
[FORGER] ✅ Forging map created with 2 account swaps
[BLUEPRINT-FORGER] 🔨 Forging instruction using blueprint...
[BLUEPRINT-FORGER] ✅ Forged 23 accounts using blueprint
[BLUEPRINT-FORGER] 📋 BLUEPRINT vs FORGED COMPARISON:
┌─────────┬───────┬────────────────────────────┬─────────────────┬───────────────┬───────────┬─────────────┬───────────┐
│ (index) │ index │ role                       │ original_pubkey │ forged_pubkey │ is_signer │ is_writable │ status    │
├─────────┼───────┼────────────────────────────┼─────────────────┼───────────────┼───────────┼─────────────┼───────────┤
│ 0       │ 0     │ 'PLATFORM_OR_PDA'          │ 'AoEf...L5kq'   │ 'AoEf...L5kq' │ false     │ true        │ 'COPIED'  │
│ 1       │ 1     │ 'TRADER_WALLET'            │ 'suqh...HQfK'   │ 'HyF8...EACS' │ true      │ true        │ 'SWAPPED' │
│ 2       │ 2     │ 'PLATFORM_OR_PDA'          │ 'ADyA...JKqw'   │ 'ADyA...JKqw' │ false     │ false       │ 'COPIED'  │
│ 3       │ 3     │ 'OUTPUT_MINT'              │ '7mxv...pump'   │ '7mxv...pump' │ false     │ true        │ 'COPIED'  │
│ 4       │ 4     │ 'INPUT_MINT'               │ 'So11...1112'   │ 'So11...1112' │ false     │ false       │ 'COPIED'  │
│ 5       │ 5     │ 'OUTPUT_ATA'               │ 'EQJn...cXm6'   │ 'Gnp9...pPVN' │ false     │ true        │ 'SWAPPED' │
│ 6       │ 6     │ 'PLATFORM_OR_PDA'          │ 'AiFq...nwkd'   │ 'AiFq...nwkd' │ false     │ true        │ 'COPIED'  │
│ 7       │ 7     │ 'PLATFORM_OR_PDA'          │ 'HjMr...8Xwi'   │ 'HjMr...8Xwi' │ false     │ true        │ 'COPIED'  │
│ 8       │ 8     │ 'PLATFORM_OR_PDA'          │ '4B6d...ZHBY'   │ '4B6d...ZHBY' │ false     │ true        │ 'COPIED'  │
│ 9       │ 9     │ 'PLATFORM_OR_PDA'          │ 'JCRG...4JeU'   │ 'JCRG...4JeU' │ false     │ false       │ 'COPIED'  │
│ 10      │ 10    │ 'PLATFORM_OR_PDA'          │ 'DWpv...j6Nn'   │ 'DWpv...j6Nn' │ false     │ false       │ 'COPIED'  │
│ 11      │ 11    │ 'TOKEN_PROGRAM'            │ 'Toke...Q5DA'   │ 'Toke...Q5DA' │ false     │ true        │ 'COPIED'  │
│ 12      │ 12    │ 'TOKEN_PROGRAM'            │ 'Toke...Q5DA'   │ 'Toke...Q5DA' │ false     │ true        │ 'COPIED'  │
│ 13      │ 13    │ 'SYSTEM_PROGRAM'           │ '1111...1111'   │ '1111...1111' │ false     │ true        │ 'COPIED'  │
│ 14      │ 14    │ 'ASSOCIATED_TOKEN_PROGRAM' │ 'ATok...8knL'   │ 'ATok...8knL' │ false     │ true        │ 'COPIED'  │
│ 15      │ 15    │ 'PLATFORM_OR_PDA'          │ 'GS4C...QnaR'   │ 'GS4C...QnaR' │ false     │ true        │ 'COPIED'  │
│ 16      │ 16    │ 'PLATFORM_OR_PDA'          │ 'pAMM...fXEA'   │ 'pAMM...fXEA' │ false     │ false       │ 'COPIED'  │
│ 17      │ 17    │ 'PLATFORM_OR_PDA'          │ 'DKYB...Bu1p'   │ 'DKYB...Bu1p' │ false     │ true        │ 'COPIED'  │
│ 18      │ 18    │ 'PLATFORM_OR_PDA'          │ 'FmCV...jrcL'   │ 'FmCV...jrcL' │ false     │ true        │ 'COPIED'  │
│ 19      │ 19    │ 'PLATFORM_OR_PDA'          │ 'C2aF...tZpw'   │ 'C2aF...tZpw' │ false     │ true        │ 'COPIED'  │
│ 20      │ 20    │ 'PLATFORM_OR_PDA'          │ 'Cqyf...tnyD'   │ 'Cqyf...tnyD' │ false     │ true        │ 'COPIED'  │
│ 21      │ 21    │ 'PLATFORM_OR_PDA'          │ '5PHi...aTjx'   │ '5PHi...aTjx' │ false     │ false       │ 'COPIED'  │
│ 22      │ 22    │ 'PLATFORM_OR_PDA'          │ 'pfee...ojVZ'   │ 'pfee...ojVZ' │ false     │ false       │ 'COPIED'  │
└─────────┴───────┴────────────────────────────┴─────────────────┴───────────────┴───────────┴─────────────┴───────────┘
[UNIVERSAL-CLONER] 🔍 ATA CREATION DEBUG:
[UNIVERSAL-CLONER]   - tradeType: "buy"
[UNIVERSAL-CLONER]   - outputMint: 7mxvtYChQGah6a6w6SEwTDFMXg5vNdR9dSMhpbCupump
[UNIVERSAL-CLONER]   - inputMint: So11111111111111111111111111111111111111112
[UNIVERSAL-CLONER]   - SOL mint: So11111111111111111111111111111111111111112
[UNIVERSAL-CLONER] 🔍 Checking ATA creation for mint: 7mxv...pump
[UNIVERSAL-CLONER] 🔧 Creating ATA for user: HyF8...EACS
[UNIVERSAL-CLONER] 🔍 Mint 7mxv...pump uses Standard SPL Token program
[UNIVERSAL-CLONER] 🎯 Using Token Program: Toke...Q5DA for mint 7mxv...pump
[UNIVERSAL-CLONER] ✅ ATA creation instruction added with Standard SPL Token program
[UNIVERSAL-CLONER] 🔍 Input data: AJTQ2h9DXrBoWfTkAF8PGncAuN158tv63
[UNIVERSAL-CLONER] 🔍 Input data type: string
[UNIVERSAL-CLONER] 🔍 Input data: AJTQ2h9DXrBoWfTkAF8PGncAuN158tv63
[UNIVERSAL-CLONER] 🔍 Input data type: string
[UNIVERSAL-CLONER] 🔍 Input data length: 33
[UNIVERSAL-CLONER] 🔍 Decoded buffer length: 24 bytes
[UNIVERSAL-CLONER] 🔍 Decoded buffer (hex): 66063d1201daebea53fc1f6aa41c000082010b2701000000
[UNIVERSAL-CLONER] 🔒 Non-Photon platform (pAMMBay6...). Preserving original instruction data for safety.
[UNIVERSAL-CLONER] 💰 Using user's SOL amount for BUY: 1000000 lamports
[UNIVERSAL-CLONER] 🔒 Using original instruction data - surgical overrides will apply platform-specific fixes
[UNIVERSAL-CLONER] 💡 Platform-specific data modifications handled by Smart Cloner overrides
[UNIVERSAL-CLONER] 🔍 DEBUG: Original instruction data before overrides: 66063d1201daebea53fc1f6aa41c000082010b2701000000
[UNIVERSAL-CLONER] ✅ Created cloned instruction: { programId: 'pAMM...fXEA', accountCount: 23, dataLength: 24 }
[UNIVERSAL-CLONER] 🧠 Applying Smart Cloner surgical overrides...
[FORGER] 🔍 Applying surgical overrides for program: pAMM...fXEA
[FORGER] ✅ No surgical overrides needed for program: pAMM...fXEA
[UNIVERSAL-CLONER] ✅ Smart Cloner overrides completed
[SINGAPORE-SENDER] ✅ Universal Cloner built 2 instructions
[SINGAPORE-SENDER] 🔍 Performing pre-flight simulation...
[SINGAPORE-SENDER] 📊 Simulation details:
[SINGAPORE-SENDER]   - Instructions: 2
[SINGAPORE-SENDER]   - User wallet: HyF8...EACS
[SINGAPORE-SENDER]   - Nonce info: NO
[SINGAPORE-SENDER]   Instruction 0:
[SINGAPORE-SENDER]     - Program: ATok...8knL
[SINGAPORE-SENDER]     - Accounts: 6
[SINGAPORE-SENDER]     - Data length: 0 bytes
[SINGAPORE-SENDER]       Account 0: HyF8...EACS (signer: true, writable: true)
[SINGAPORE-SENDER]       Account 1: Gnp9...pPVN (signer: false, writable: true)
[SINGAPORE-SENDER]       Account 2: HyF8...EACS (signer: false, writable: false)
[SINGAPORE-SENDER]   Instruction 1:
[SINGAPORE-SENDER]     - Program: pAMM...fXEA
[SINGAPORE-SENDER]     - Accounts: 23
[SINGAPORE-SENDER]     - Data length: 24 bytes
[SINGAPORE-SENDER]       Account 0: AoEf...L5kq (signer: false, writable: true)
[SINGAPORE-SENDER]       Account 1: HyF8...EACS (signer: true, writable: true)
[SINGAPORE-SENDER]       Account 2: ADyA...JKqw (signer: false, writable: false)
[SINGAPORE-SENDER] 🔧 Total instructions for simulation: 4 (2 compute + 2 trade)
[SINGAPORE-SENDER] ⏰ Using fresh blockhash: 4ni2...3ibG
[SINGAPORE-SENDER] ✍️ Transaction signed for simulation
[SINGAPORE-SENDER] 🔍 SIMULATION DEBUG: Transaction instructions:
[SINGAPORE-SENDER]   Instruction 0: Program ATokenGP..., Data: 
[SINGAPORE-SENDER]   Instruction 1: Program pAMMBay6..., Data: 66063d1201daebea53fc1f6aa41c000082010b2701000000
[SINGAPORE-SENDER] 🧪 Running Solana simulation...
[SINGAPORE-SENDER] 📊 Simulation completed
[SINGAPORE-SENDER] ❌ PRE-FLIGHT SIMULATION FAILED!
[SINGAPORE-SENDER] 🚫 Marked transaction 3TgM...ANVe as failed - will not retry
[SINGAPORE-SENDER] 🔍 Error details: {
  "InstructionError": [
    3,
    {
      "Custom": 3012
    }
  ]
}
[SINGAPORE-SENDER] 📋 Full simulation logs:
[SINGAPORE-SENDER]   1. Program ComputeBudget111111111111111111111111111111 invoke [1]
[SINGAPORE-SENDER]   2. Program ComputeBudget111111111111111111111111111111 success
[SINGAPORE-SENDER]   3. Program ComputeBudget111111111111111111111111111111 invoke [1]
[SINGAPORE-SENDER]   4. Program ComputeBudget111111111111111111111111111111 success
[SINGAPORE-SENDER]   5. Program ATokenGPvbdGVxr1b2hvZbsiqW5xWH25efTNsLJA8knL invoke [1]
[SINGAPORE-SENDER]   6. Program log: Create
[SINGAPORE-SENDER]   7. Program TokenkegQfeZyiNwAJbNbGKPFXCWuBvf9Ss623VQ5DA invoke [2]
[SINGAPORE-SENDER]   8. Program log: Instruction: GetAccountDataSize
[SINGAPORE-SENDER]   9. Program TokenkegQfeZyiNwAJbNbGKPFXCWuBvf9Ss623VQ5DA consumed 1569 of 786837 compute units
[SINGAPORE-SENDER]   10. Program return: TokenkegQfeZyiNwAJbNbGKPFXCWuBvf9Ss623VQ5DA pQAAAAAAAAA=
[SINGAPORE-SENDER]   11. Program TokenkegQfeZyiNwAJbNbGKPFXCWuBvf9Ss623VQ5DA success
[SINGAPORE-SENDER]   12. Program 11111111111111111111111111111111 invoke [2]
[SINGAPORE-SENDER]   13. Program 11111111111111111111111111111111 success
[SINGAPORE-SENDER]   14. Program log: Initialize the associated token account
[SINGAPORE-SENDER]   15. Program TokenkegQfeZyiNwAJbNbGKPFXCWuBvf9Ss623VQ5DA invoke [2]
[SINGAPORE-SENDER]   16. Program log: Instruction: InitializeImmutableOwner
[SINGAPORE-SENDER]   17. Program log: Please upgrade to SPL Token 2022 for immutable owner support
[SINGAPORE-SENDER]   18. Program TokenkegQfeZyiNwAJbNbGKPFXCWuBvf9Ss623VQ5DA consumed 1405 of 780251 compute units
[SINGAPORE-SENDER]   19. Program TokenkegQfeZyiNwAJbNbGKPFXCWuBvf9Ss623VQ5DA success
[SINGAPORE-SENDER]   20. Program TokenkegQfeZyiNwAJbNbGKPFXCWuBvf9Ss623VQ5DA invoke [2]
[SINGAPORE-SENDER]   21. Program log: Instruction: InitializeAccount3
[SINGAPORE-SENDER]   22. Program TokenkegQfeZyiNwAJbNbGKPFXCWuBvf9Ss623VQ5DA consumed 4188 of 776371 compute units
[SINGAPORE-SENDER]   23. Program TokenkegQfeZyiNwAJbNbGKPFXCWuBvf9Ss623VQ5DA success
[SINGAPORE-SENDER]   24. Program ATokenGPvbdGVxr1b2hvZbsiqW5xWH25efTNsLJA8knL consumed 27800 of 799700 compute units
[SINGAPORE-SENDER]   25. Program ATokenGPvbdGVxr1b2hvZbsiqW5xWH25efTNsLJA8knL success
[SINGAPORE-SENDER]   26. Program pAMMBay6oceH9fJKBRHGP5D4bD4sWpmSwMn52FMfXEA invoke [1]
[SINGAPORE-SENDER]   27. Program log: Instruction: Buy
[SINGAPORE-SENDER]   28. Program log: AnchorError caused by account: user_quote_token_account. Error Code: AccountNotInitialized. Error Number: 3012. Error Message: The program expected this account to be already initialized.
[SINGAPORE-SENDER]   29. Program pAMMBay6oceH9fJKBRHGP5D4bD4sWpmSwMn52FMfXEA consumed 12360 of 771900 compute units
[SINGAPORE-SENDER]   30. Program pAMMBay6oceH9fJKBRHGP5D4bD4sWpmSwMn52FMfXEA failed: custom program error: 0xbc4
[SINGAPORE-SENDER] 🎯 Error type: InstructionError
[SINGAPORE-SENDER] 📍 Failed at instruction 3:
[SINGAPORE-SENDER]   - Program: pAMM...fXEA
[SINGAPORE-SENDER]   - Accounts: 23
[SINGAPORE-SENDER]   - Data: 24 bytes
[SINGAPORE-SENDER] 🔍 Instruction error: {
  "Custom": 3012
}
[SINGAPORE-SENDER] ❌ Pre-flight simulation error: Transaction failed pre-flight simulation: {"InstructionError":[3,{"Custom":3012}]}
[SINGAPORE-SENDER] 🔍 Error stack: Error: Transaction failed pre-flight simulation: {"InstructionError":[3,{"Custom":3012}]}
    at TradingEngine._executeCopyTradeWithSingaporeSender (/home/sunny/zap-mono-grk1522/tradingEngine.js:2217:27)
    at process.processTicksAndRejections (node:internal/process/task_queues:105:5)
    at async Promise.allSettled (index 0)
    at async TradingEngine._executeCopyForUser (/home/sunny/zap-mono-grk1522/tradingEngine.js:600:9)
[SINGAPORE-SENDER] 🔧 Debug info:
[SINGAPORE-SENDER]   - Instructions count: 2
[SINGAPORE-SENDER]   - User wallet: HyF8LGHjFdX7cD7gRJGVRusRYpACjHzV4tg4yryZEACS
[SINGAPORE-SENDER]   - Connection endpoint: https://mainnet.helius-rpc.com/?api-key=b9a69ad0-d823-429e-8c18-7cbea0e31769
[SINGAPORE-SENDER] ❌ Copy trade execution failed for user 5665429224: Error: Pre-flight simulation failed: Transaction failed pre-flight simulation: {"InstructionError":[3,{"Custom":3012}]}
    at TradingEngine._executeCopyTradeWithSingaporeSender (/home/sunny/zap-mono-grk1522/tradingEngine.js:2241:23)
    at process.processTicksAndRejections (node:internal/process/task_queues:105:5)
    at async Promise.allSettled (index 0)
    at async TradingEngine._executeCopyForUser (/home/sunny/zap-mono-grk1522/tradingEngine.js:600:9)
[ROUTER] Forwarding notification from executor to telegram worker.
[TraceLogger] Cannot append trace. File not found for signature: 3TgMznNb1SVA4uN9JoddLGuYhtMBxmzs5iAJn5yiWDHzsMPHJCfZTmVWaCQNQnzYrR8baqpnA6qup4Dv8isLANVe
[2025-09-07T19:33:54.387Z] [telegram] [INFO] Sent message via worker { chatId: 5665429224 }
[PERFORMANCE-MONITOR] 💾 Metrics saved to logs/performance-metrics.json
💓 Health check: healthy { workers: 6, ready: 6 }
[2025-09-07T19:34:04.732Z] [monitor] [INFO] [FILTER] ✅ Transaction age: 16s - within acceptable range {}
[2025-09-07T19:34:04.732Z] [monitor] [INFO] 🚀 New transaction detected for wallet suqh5sHt... | Sig: 4JhLdPC8... {}
[2025-09-07T19:34:04.834Z] [monitor] [INFO] 🎯 Transaction detected for suqh5sHt... | Sig: 4JhLdPC8... | Forwarding to analyzer... {}
🚀 FORWARDING COPY TRADE from monitor to executor:
   📍 Trader: cup (suqh...HQfK)
   🔑 Signature: 4JhLdPC8...
   📊 Has pre-fetched data: true
✅ Executor worker ready, forwarding message...
[2025-09-07T19:34:04.837Z] [executor] [INFO] 🚀 EXECUTING HIGH-SPEED COPY TRADE {
  traderWallet: 'suqh...HQfK',
  signature: '4JhLdPC8...',
  hasPreFetchedData: true
}
[PROCESS_SIG] 🎯 Processing signature for copy trade:
   📍 Source trader: cup (suqh...HQfK)
   🔑 Signature: 4JhL...8muM
   📊 Has pre-fetched data: true
   📋 Pre-fetched data: ✅ Present
[FILTER] ⚠️ No blockTime available for 4JhL...8muM - allowing through
[EXECUTE_MASTER] 🔍 Starting analysis for transaction 4JhL...8muM...
[EXECUTE_MASTER] 📍 Source trader: cup (suqh...HQfK)
[EXECUTE_MASTER] 📊 Pre-fetched data available: true
[EXECUTE_MASTER] 🔍 Using deep analysis for complete trade details...
[ANALYZER-V5-HELIUS] Processing sig: 4JhL...8muM
[NOISE-FILTER] 🎯 PURE COPY BOT: NO NOISE FILTERING - Copying everything!
[ANALYZER] Using full pre-fetched gRPC stream object...
[ANALYZER] ✅ Transaction metadata looks good
[BalanceAnalysis] Trader suqh...HQfK SOL change: 5.326769824 SOL (Raw: 5326769824)
[BalanceAnalysis] SOL Change Threshold for swap detection: 0 lamports (NO RESTRICTIONS)
[BalanceAnalysis] ✅ SELL Detected (SOL in, Token out). SOL change: 5326769824, Token sent: 7mxv...pump
[ANALYZER] ✅ Trade detected! Using Universal Cloning Engine...
[ANALYZER] ✅ Swap confirmed via balance changes. Type: sell
[BLUEPRINT-CREATOR] 🔍 Creating detailed blueprint for transaction...
[ANALYZER-V2] 🔍 Searching for core swap instruction using advanced CPI detection...
[ANALYZER-V2] 📊 Transaction has 26 accounts and 8 instructions
[ANALYZER-V2] 👤 Trader found at account index: 0
[ANALYZER-V2] 🎯 Strategy 1: Checking for direct calls signed by the trader...
[ANALYZER-V2] ✅ SUCCESS (Direct Call): Found instruction 4 for pAMMBay6... signed by trader.
[ANALYZER-V2] ✅ SUCCESS: Packaged instruction for cloning.
[ANALYZER-V2]   -> Platform/Router Program ID: pAMMBay6...52FMfXEA (Pump.fun)
[ANALYZER-V2]   -> Accounts: 21
[ANALYZER-V2]   -> Data length: 33 chars
[BalanceAnalysis] Trader suqh...HQfK SOL change: 5.326769824 SOL (Raw: 5326769824)
[BalanceAnalysis] SOL Change Threshold for swap detection: 0 lamports (NO RESTRICTIONS)
[BalanceAnalysis] ✅ SELL Detected (SOL in, Token out). SOL change: 5326769824, Token sent: 7mxv...pump
[BLUEPRINT-CREATOR] 🏷️ Annotating account roles for context preservation...
[BLUEPRINT-CREATOR] ✅ Blueprint created with 21 annotated accounts
[BLUEPRINT-CREATOR] 📋 Account roles: PLATFORM_OR_PDA(0), TRADER_WALLET(1), PLATFORM_OR_PDA(2), INPUT_MINT(3), OUTPUT_MINT(4), INPUT_ATA(5), PLATFORM_OR_PDA(6), PLATFORM_OR_PDA(7), PLATFORM_OR_PDA(8), PLATFORM_OR_PDA(9), PLATFORM_OR_PDA(10), TOKEN_PROGRAM(11), TOKEN_PROGRAM(12), SYSTEM_PROGRAM(13), ASSOCIATED_TOKEN_PROGRAM(14), PLATFORM_OR_PDA(15), PLATFORM_OR_PDA(16), PLATFORM_OR_PDA(17), PLATFORM_OR_PDA(18), PLATFORM_OR_PDA(19), PLATFORM_OR_PDA(20)
[ANALYZER] 🎉 SUCCESS! SELL on UniversalCloner | 31.49M 7mxv...pump → N/A SOL | Fee: 0.001005 SOL | Slot: 365313204
[EXECUTE_MASTER] 📊 SELL on UniversalCloner | 31.49M 7mxv...pump → N/A SOL | Fee: 0.001005 SOL | Slot: 365313204
[EXECUTE_MASTER] ✅ Transaction is copyable! Platform: UniversalCloner, Type: sell
[EXECUTE_MASTER] 🎯 Using platform from analysis: UniversalCloner
[EXECUTE_MASTER] 🎯 Using Universal Cloning Engine for all platforms
[EXECUTE_MASTER] 🔧 Platform: UniversalCloner | Program ID: pAMM...fXEA | Compute Units: 800000
[EXECUTE_MASTER] 🔍 Loading traders from database...
[EXECUTE_MASTER] 📊 Found 1 users with traders
[EXECUTE_MASTER] ✅ Found active trader: cup for user 5665429224
[EXECUTE_MASTER] 🚀 Dispatching copy for UniversalCloner trade to 1 user(s).
[EXECUTE_MASTER] 🔍 AnalysisResult.details before Singapore sender: {
  tradeType: 'sell',
  inputMint: '7mxvtYChQGah6a6w6SEwTDFMXg5vNdR9dSMhpbCupump',
  outputMint: 'So11111111111111111111111111111111111111112',
  dexPlatform: 'UniversalCloner',
  hasInputMint: true,
  hasOutputMint: true,
  inputMintType: 'string',
  outputMintType: 'string',
  hasCloningTarget: true
}
[EXECUTE_MASTER] 🔍 DEBUG: Cloning Target Accounts: [
  {
    "pubkey": "AoEfWtZNxeHGBK1E6kwDDHK62xE415GE8a3c9dyAL5kq",
    "role": "PLATFORM_OR_PDA",
    "isSigner": false,
    "isWritable": true,
    "index": 0
  },
  {
    "pubkey": "suqh5sHtr8HyJ7q8scBimULPkPpA557prMG47xCHQfK",
    "role": "TRADER_WALLET",
    "isSigner": true,
    "isWritable": true,
    "index": 1
  },
  {
    "pubkey": "ADyA8hdefvWN2dbGGWFotbzWxrAvLW83WG6QCVXvJKqw",
    "role": "PLATFORM_OR_PDA",
    "isSigner": false,
    "isWritable": false,
    "index": 2
  }
]
[SINGAPORE-SENDER] 🚀 Starting copy trade execution for user 5665429224
[SINGAPORE-SENDER] 🚀 COPY TRADE: SELL UniversalCloner | Token: So11...1112 | User: 5665429224
[DIAGNOSTIC] Attempting to get Keypair for wallet ID: 5
[DIAGNOSTIC] ✅ Decryption successful for "zap".
[DIAGNOSTIC] ✅ Keypair successfully derived for wallet ID: 5
[KeypairProvider] ✅ Resolved wallet "zap" for user 3.
[SINGAPORE-SENDER] 💼 Using wallet: zap
[SINGAPORE-SENDER] 🎯 Using Universal Cloning Engine for platform: UniversalCloner
[TRADE-VALIDATION] 🔍 Validating trade for copy...
[TRADE-VALIDATION] ✅ Trade validation passed! Type: sell
[SINGAPORE-SENDER] ⚠️ SELL detected but user 5665429224 has no 7mxv...pump tokens. Skipping trade.
[SINGAPORE-SENDER] ⏭️ Skipping copy trade for user 5665429224 - no position found
[FAILURE-CLEANUP] 🔄 Blockhash changed, cleaning up old failed transactions
[2025-09-07T19:34:30.818Z] [monitor] [INFO] [FILTER] ✅ Transaction age: 15s - within acceptable range {}
[2025-09-07T19:34:30.818Z] [monitor] [INFO] 🚀 New transaction detected for wallet suqh5sHt... | Sig: 48Af4LZ3... {}
[2025-09-07T19:34:30.913Z] [monitor] [INFO] 🎯 Transaction detected for suqh5sHt... | Sig: 48Af4LZ3... | Forwarding to analyzer... {}
🚀 FORWARDING COPY TRADE from monitor to executor:
   📍 Trader: cup (suqh...HQfK)
   🔑 Signature: 48Af4LZ3...
   📊 Has pre-fetched data: true
✅ Executor worker ready, forwarding message...
[2025-09-07T19:34:30.917Z] [executor] [INFO] 🚀 EXECUTING HIGH-SPEED COPY TRADE {
  traderWallet: 'suqh...HQfK',
  signature: '48Af4LZ3...',
  hasPreFetchedData: true
}
[PROCESS_SIG] 🎯 Processing signature for copy trade:
   📍 Source trader: cup (suqh...HQfK)
   🔑 Signature: 48Af...2Kw7
   📊 Has pre-fetched data: true
   📋 Pre-fetched data: ✅ Present
[FILTER] ⚠️ No blockTime available for 48Af...2Kw7 - allowing through
[EXECUTE_MASTER] 🔍 Starting analysis for transaction 48Af...2Kw7...
[EXECUTE_MASTER] 📍 Source trader: cup (suqh...HQfK)
[EXECUTE_MASTER] 📊 Pre-fetched data available: true
[EXECUTE_MASTER] 🔍 Using deep analysis for complete trade details...
[ANALYZER-V5-HELIUS] Processing sig: 48Af...2Kw7
[NOISE-FILTER] 🎯 PURE COPY BOT: NO NOISE FILTERING - Copying everything!
[ANALYZER] Using full pre-fetched gRPC stream object...
[ANALYZER] ✅ Transaction metadata looks good
[BalanceAnalysis] Trader suqh...HQfK SOL change: 0 SOL (Raw: 0)
[BalanceAnalysis] SOL Change Threshold for swap detection: 0 lamports (NO RESTRICTIONS)
[BalanceAnalysis] Result: No clear swap pattern detected based on SOL/Token movements.
SOL Change: 0 (Threshold: 0)
Received Mint: 2BQE...tnZa, Amount: 3
Sent Mint: N/A, Amount: 0
[ANALYZER] ❌ Not a trade transaction - skipping platform analysis
[EXECUTE_MASTER] ❌ Not copyable: No swap detected in balance changes.
[EXECUTE_MASTER] ❌ Transaction not copyable. Reason: No swap detected in balance changes.
💓 Health check: healthy { workers: 6, ready: 6 }
[FAILURE-CLEANUP] 🔄 Blockhash changed, cleaning up old failed transactions
[2025-09-07T19:34:59.286Z] [monitor] [INFO] [FILTER] ✅ Transaction age: 17s - within acceptable range {}
[2025-09-07T19:34:59.287Z] [monitor] [INFO] 🚀 New transaction detected for wallet DfMxre4c... | Sig: 9rtYUvGj... {}
[2025-09-07T19:34:59.398Z] [monitor] [INFO] 🎯 Transaction detected for DfMxre4c... | Sig: 9rtYUvGj... | Forwarding to analyzer... {}
🚀 FORWARDING COPY TRADE from monitor to executor:
   📍 Trader: eu (DfMx...Xhzj)
   🔑 Signature: 9rtYUvGj...
   📊 Has pre-fetched data: true
✅ Executor worker ready, forwarding message...
[2025-09-07T19:34:59.401Z] [executor] [INFO] 🚀 EXECUTING HIGH-SPEED COPY TRADE {
  traderWallet: 'DfMx...Xhzj',
  signature: '9rtYUvGj...',
  hasPreFetchedData: true
}
[PROCESS_SIG] 🎯 Processing signature for copy trade:
   📍 Source trader: eu (DfMx...Xhzj)
   🔑 Signature: 9rtY...a3wu
   📊 Has pre-fetched data: true
   📋 Pre-fetched data: ✅ Present
[FILTER] ⚠️ No blockTime available for 9rtY...a3wu - allowing through
[EXECUTE_MASTER] 🔍 Starting analysis for transaction 9rtY...a3wu...
[EXECUTE_MASTER] 📍 Source trader: eu (DfMx...Xhzj)
[EXECUTE_MASTER] 📊 Pre-fetched data available: true
[EXECUTE_MASTER] 🔍 Using deep analysis for complete trade details...
[ANALYZER-V5-HELIUS] Processing sig: 9rtY...a3wu
[NOISE-FILTER] 🎯 PURE COPY BOT: NO NOISE FILTERING - Copying everything!
[ANALYZER] Using full pre-fetched gRPC stream object...
[ANALYZER] ✅ Transaction metadata looks good
[BalanceAnalysis] Trader DfMx...Xhzj SOL change: 0 SOL (Raw: 0)
[BalanceAnalysis] SOL Change Threshold for swap detection: 0 lamports (NO RESTRICTIONS)
[BalanceAnalysis] Result: No clear swap pattern detected based on SOL/Token movements.
SOL Change: 0 (Threshold: 0)
Received Mint: 2BQE...tnZa, Amount: 3
Sent Mint: N/A, Amount: 0
[ANALYZER] ❌ Not a trade transaction - skipping platform analysis
[EXECUTE_MASTER] ❌ Not copyable: No swap detected in balance changes.
[EXECUTE_MASTER] ❌ Transaction not copyable. Reason: No swap detected in balance changes.
[PERFORMANCE-MONITOR] 💾 Metrics saved to logs/performance-metrics.json
💓 Health check: healthy { workers: 6, ready: 6 }
[2025-09-07T19:35:05.525Z] [monitor] [INFO] [FILTER] ✅ Transaction age: 17s - within acceptable range {}
[2025-09-07T19:35:05.525Z] [monitor] [INFO] 🚀 New transaction detected for wallet suqh5sHt... | Sig: 5KyinVkt... {}
[2025-09-07T19:35:05.697Z] [monitor] [INFO] 🎯 Transaction detected for suqh5sHt... | Sig: 5KyinVkt... | Forwarding to analyzer... {}
🚀 FORWARDING COPY TRADE from monitor to executor:
   📍 Trader: cup (suqh...HQfK)
   🔑 Signature: 5KyinVkt...
   📊 Has pre-fetched data: true
✅ Executor worker ready, forwarding message...
[2025-09-07T19:35:05.700Z] [executor] [INFO] 🚀 EXECUTING HIGH-SPEED COPY TRADE {
  traderWallet: 'suqh...HQfK',
  signature: '5KyinVkt...',
  hasPreFetchedData: true
}
[PROCESS_SIG] 🎯 Processing signature for copy trade:
   📍 Source trader: cup (suqh...HQfK)
   🔑 Signature: 5Kyi...19Bj
   📊 Has pre-fetched data: true
   📋 Pre-fetched data: ✅ Present
[FILTER] ⚠️ No blockTime available for 5Kyi...19Bj - allowing through
[EXECUTE_MASTER] 🔍 Starting analysis for transaction 5Kyi...19Bj...
[EXECUTE_MASTER] 📍 Source trader: cup (suqh...HQfK)
[EXECUTE_MASTER] 📊 Pre-fetched data available: true
[EXECUTE_MASTER] 🔍 Using deep analysis for complete trade details...
[ANALYZER-V5-HELIUS] Processing sig: 5Kyi...19Bj
[NOISE-FILTER] 🎯 PURE COPY BOT: NO NOISE FILTERING - Copying everything!
[ANALYZER] Using full pre-fetched gRPC stream object...
[ANALYZER] ✅ Transaction metadata looks good
[BalanceAnalysis] Trader suqh...HQfK SOL change: 0 SOL (Raw: 0)
[BalanceAnalysis] SOL Change Threshold for swap detection: 0 lamports (NO RESTRICTIONS)
[BalanceAnalysis] Result: No clear swap pattern detected based on SOL/Token movements.
SOL Change: 0 (Threshold: 0)
Received Mint: 2BQE...tnZa, Amount: 3
Sent Mint: N/A, Amount: 0
[ANALYZER] ❌ Not a trade transaction - skipping platform analysis
[EXECUTE_MASTER] ❌ Not copyable: No swap detected in balance changes.
[EXECUTE_MASTER] ❌ Transaction not copyable. Reason: No swap detected in balance changes.
[2025-09-07T19:35:11.721Z] [monitor] [INFO] ⏰ Periodic subscription refresh triggered {}
[2025-09-07T19:35:11.722Z] [monitor] [INFO] 🔄 Refreshing LaserStream subscriptions... {}
[LASERSTREAM-ENHANCED] 🔄 Refreshing trader subscriptions...
[LASERSTREAM-ENHANCED] ✅ No changes in trader list
[2025-09-07T19:35:11.723Z] [monitor] [INFO] ✅ No changes in LaserStream subscriptions {}
[2025-09-07T19:35:11.723Z] [monitor] [INFO] 🔄 Refreshing RPC polling wallet list... {}
[2025-09-07T19:35:11.724Z] [monitor] [INFO] 📊 Updated RPC polling list: 3 wallets {}
[2025-09-07T19:35:11.994Z] [monitor] [INFO] [FILTER] ✅ Transaction age: 17s - within acceptable range {}
[2025-09-07T19:35:11.995Z] [monitor] [INFO] 🚀 New transaction detected for wallet DfMxre4c... | Sig: 4LVUzZUF... {}
[2025-09-07T19:35:12.092Z] [monitor] [INFO] 🎯 Transaction detected for DfMxre4c... | Sig: 4LVUzZUF... | Forwarding to analyzer... {}
🚀 FORWARDING COPY TRADE from monitor to executor:
   📍 Trader: eu (DfMx...Xhzj)
   🔑 Signature: 4LVUzZUF...
   📊 Has pre-fetched data: true
✅ Executor worker ready, forwarding message...
[2025-09-07T19:35:12.095Z] [executor] [INFO] 🚀 EXECUTING HIGH-SPEED COPY TRADE {
  traderWallet: 'DfMx...Xhzj',
  signature: '4LVUzZUF...',
  hasPreFetchedData: true
}
[PROCESS_SIG] 🎯 Processing signature for copy trade:
   📍 Source trader: eu (DfMx...Xhzj)
   🔑 Signature: 4LVU...u7AP
   📊 Has pre-fetched data: true
   📋 Pre-fetched data: ✅ Present
[FILTER] ⚠️ No blockTime available for 4LVU...u7AP - allowing through
[EXECUTE_MASTER] 🔍 Starting analysis for transaction 4LVU...u7AP...
[EXECUTE_MASTER] 📍 Source trader: eu (DfMx...Xhzj)
[EXECUTE_MASTER] 📊 Pre-fetched data available: true
[EXECUTE_MASTER] 🔍 Using deep analysis for complete trade details...
[ANALYZER-V5-HELIUS] Processing sig: 4LVU...u7AP
[NOISE-FILTER] 🎯 PURE COPY BOT: NO NOISE FILTERING - Copying everything!
[ANALYZER] Using full pre-fetched gRPC stream object...
[ANALYZER] ✅ Transaction metadata looks good
[BalanceAnalysis] Trader DfMx...Xhzj SOL change: 0 SOL (Raw: 0)
[BalanceAnalysis] SOL Change Threshold for swap detection: 0 lamports (NO RESTRICTIONS)
[BalanceAnalysis] Result: No clear swap pattern detected based on SOL/Token movements.
SOL Change: 0 (Threshold: 0)
Received Mint: 2BQE...tnZa, Amount: 3
Sent Mint: N/A, Amount: 0
[ANALYZER] ❌ Not a trade transaction - skipping platform analysis
[EXECUTE_MASTER] ❌ Not copyable: No swap detected in balance changes.
[EXECUTE_MASTER] ❌ Transaction not copyable. Reason: No swap detected in balance changes.
[FAILURE-CLEANUP] 🔄 Blockhash changed, cleaning up old failed transactions
[2025-09-07T19:35:16.069Z] [monitor] [INFO] [FILTER] ✅ Transaction age: 16s - within acceptable range {}
[2025-09-07T19:35:16.069Z] [monitor] [INFO] 🚀 New transaction detected for wallet DfMxre4c... | Sig: FVWw7Awp... {}
[2025-09-07T19:35:16.235Z] [monitor] [INFO] 🎯 Transaction detected for DfMxre4c... | Sig: FVWw7Awp... | Forwarding to analyzer... {}
🚀 FORWARDING COPY TRADE from monitor to executor:
   📍 Trader: eu (DfMx...Xhzj)
   🔑 Signature: FVWw7Awp...
   📊 Has pre-fetched data: true
✅ Executor worker ready, forwarding message...
[2025-09-07T19:35:16.237Z] [executor] [INFO] 🚀 EXECUTING HIGH-SPEED COPY TRADE {
  traderWallet: 'DfMx...Xhzj',
  signature: 'FVWw7Awp...',
  hasPreFetchedData: true
}
[PROCESS_SIG] 🎯 Processing signature for copy trade:
   📍 Source trader: eu (DfMx...Xhzj)
   🔑 Signature: FVWw...SeU5
   📊 Has pre-fetched data: true
   📋 Pre-fetched data: ✅ Present
[FILTER] ⚠️ No blockTime available for FVWw...SeU5 - allowing through
[EXECUTE_MASTER] 🔍 Starting analysis for transaction FVWw...SeU5...
[EXECUTE_MASTER] 📍 Source trader: eu (DfMx...Xhzj)
[EXECUTE_MASTER] 📊 Pre-fetched data available: true
[EXECUTE_MASTER] 🔍 Using deep analysis for complete trade details...
[ANALYZER-V5-HELIUS] Processing sig: FVWw...SeU5
[NOISE-FILTER] 🎯 PURE COPY BOT: NO NOISE FILTERING - Copying everything!
[ANALYZER] Using full pre-fetched gRPC stream object...
[ANALYZER] ✅ Transaction metadata looks good
[BalanceAnalysis] Trader DfMx...Xhzj SOL change: 0 SOL (Raw: 0)
[BalanceAnalysis] SOL Change Threshold for swap detection: 0 lamports (NO RESTRICTIONS)
[BalanceAnalysis] Result: No clear swap pattern detected based on SOL/Token movements.
SOL Change: 0 (Threshold: 0)
Received Mint: 2BQE...tnZa, Amount: 3
Sent Mint: N/A, Amount: 0
[ANALYZER] ❌ Not a trade transaction - skipping platform analysis
[EXECUTE_MASTER] ❌ Not copyable: No swap detected in balance changes.
[EXECUTE_MASTER] ❌ Transaction not copyable. Reason: No swap detected in balance changes.

📡 Received SIGHUP, initiating graceful shutdown...
🛑 Starting graceful shutdown...
🔌 Closing health check server...
✅ Health check server closed
🔴 Closing Redis connection...
[Redis] Shutting down Redis manager...
[Redis] Redis manager shutdown complete
✅ Redis connection closed
📊 Closing database connection...
[DB] Shutting down database manager...
[DB] Database manager shutdown complete
✅ Database connection closed
✅ Graceful shutdown completed
🚪 Forcing process exit...
