
> zapbot@1.5.2 start:threaded
> node start.js --threading

🚀 Starting ZapBot with Helius integration...
📊 Initializing SQLite database...
[DB] Database connected successfully at /home/zapbot/zap-mono/database/zapbot.db 
[DB] Database tables created successfully 
[DB] DatabaseManager initialized successfully 
✅ Database initialized successfully
🔴 Initializing Redis for flight data...
✅ RedisManager initialized successfully
🔥 Warming up Redis cache...
✅ Cache warming completed
✅ Redis initialized successfully
🧵 Threaded mode: Skipping legacy DataManager initialization
🔄 Checking for data migration...
✅ Database already contains data, skipping migration.
🤖 Starting main ZapBot application...
🧵 Starting in THREADED mode...
🧵 ThreadedZapBot initialized with worker configuration
🚀 Starting ThreadedZapBot initialization...
🔧 Initializing worker threads...
🔧 Created worker: telegram
🔧 Created worker: monitor
🔧 Created worker: executor
🔧 Created worker: data
🔧 Created worker: websocket
🔧 Created worker: analyzer
✅ 6 workers initialized
💓 Worker monitoring started (interval: 30000ms)
⏳ Waiting for workers to be ready...
[data] Initializing worker...
[DB] Database connected successfully at /home/zapbot/zap-mono/database/zapbot.db 
[DB] Database tables created successfully 
[DB] DatabaseManager initialized successfully 
[2025-09-03T07:25:23.836Z] [data] [INFO] Database manager worker initialized successfully {}
[data] Worker initialized successfully
✅ Worker data is ready
[executor] Initializing worker...
[analyzer] Initializing worker...
[DB] Database connected successfully at /home/zapbot/zap-mono/database/zapbot.db 
[DB] Database tables created successfully 
[websocket] Initializing worker...
[DB] DatabaseManager initialized successfully 
RPCLoadBalancer initialized with 1 endpoints.
SolanaManager created. RPC: https://mainnet.helius-rpc.com/?api-key=b9a69ad0-d823-429e-8c18-7cbea0e31769
RPCLoadBalancer initialized with 1 endpoints.
SolanaManager created. RPC: https://mainnet.helius-rpc.com/?api-key=b9a69ad0-d823-429e-8c18-7cbea0e31769
RPCLoadBalancer initialized with 1 endpoints.
SolanaManager created. RPC: https://mainnet.helius-rpc.com/?api-key=b9a69ad0-d823-429e-8c18-7cbea0e31769
[telegram] Initializing worker...
[DB] Database connected successfully at /home/zapbot/zap-mono/database/zapbot.db 
[DB] Database tables created successfully 
✅ Connection established with RPC: https://mainnet.helius-rpc.com/?api-key=b9a69ad0-d823-429e-8c18-7cbea0e31769
[DB] DatabaseManager initialized successfully 
RPCLoadBalancer initialized with 1 endpoints.
SolanaManager created. RPC: https://mainnet.helius-rpc.com/?api-key=b9a69ad0-d823-429e-8c18-7cbea0e31769
✅ Connection established with RPC: https://mainnet.helius-rpc.com/?api-key=b9a69ad0-d823-429e-8c18-7cbea0e31769
✅ Connection established with RPC: https://mainnet.helius-rpc.com/?api-key=b9a69ad0-d823-429e-8c18-7cbea0e31769
[WM Init] SolanaManager instance set.
[ApiManager] Initialized with Helius-native logic.
✅ Worker websocket is ready
[2025-09-03T07:25:24.910Z] [websocket] [INFO] WebSocket worker initialized successfully {}
[websocket] Worker initialized successfully
[ApiManager] Initialized with Helius-native logic.
✅ Worker analyzer is ready
[2025-09-03T07:25:24.921Z] [analyzer] [INFO] Queue processing started { interval: 1000 }
[2025-09-03T07:25:24.922Z] [analyzer] [INFO] Transaction analyzer worker initialized successfully {}
[analyzer] Worker initialized successfully
✅ Connection established with RPC: https://mainnet.helius-rpc.com/?api-key=b9a69ad0-d823-429e-8c18-7cbea0e31769
[WM Init] SolanaManager instance set.
✅ Worker telegram is ready
[WM Init] Initializing WalletManager in DATABASE-ONLY mode...
[WM Init] ✅ Successfully initialized in DATABASE-ONLY mode.
[TELEGRAM_UI] TelegramUI initialized. 
[TELEGRAM_UI] BOT_TOKEN: "Set"
[TELEGRAM_UI] TelegramBot instance created: "Success"
[2025-09-03T07:25:25.276Z] [telegram] [INFO] Telegram UI initialized successfully {}
[telegram] Worker initialized successfully
[WM Init] Initializing WalletManager in DATABASE-ONLY mode...
[WM Init] ✅ Successfully initialized in DATABASE-ONLY mode.
[ApiManager] Initialized with Helius-native logic.
✅ RedisManager initialized successfully
[monitor] Initializing worker...
[2025-09-03T07:25:25.472Z] [monitor] [INFO] Initializing High-Speed Trader Monitor with LaserStream... {}
[DB] Database connected successfully at /home/zapbot/zap-mono/database/zapbot.db 
[DB] Database tables created successfully 
[DB] DatabaseManager initialized successfully 
[LASERSTREAM-ENHANCED] 🚀 Manager initialized with Singapore regional endpoints.
[LASERSTREAM-ENHANCED] 🌏 Singapore Endpoints: {
  "laserstream": "wss://sgp-laserstream.helius-rpc.com",
  "rpc": "https://sgp.helius-rpc.com",
  "sender": "https://sgp-sender.helius-rpc.com/fast"
}
[2025-09-03T07:25:25.494Z] [monitor] [INFO] Starting real-time LaserStream monitoring... {}
[HELPER] Compiling list of all active trader wallets to monitor...
[HELPER] Found 4 unique active trader wallets to monitor.
[LASERSTREAM-ENHANCED] 🎯 Subscribing to 4 master trader wallets...
[LASERSTREAM-ENHANCED] 📍 Traders: DfMx...Xhzj, suqh...HQfK, As7H...SMB5, 96sE...LKBf
[LASERSTREAM-ENHANCED] 🔧 Using enhanced subscription with data slicing and Singapore endpoint
[LASERSTREAM-ENHANCED] ✅ Stream connected to Singapore endpoint. ID: 52129617-4dc1-482a-bf9f-b4310e880e39
✅ Worker monitor is ready
[2025-09-03T07:25:25.540Z] [monitor] [INFO] Starting direct RPC polling as backup... {}
[2025-09-03T07:25:25.541Z] [monitor] [INFO] 🚀 Starting direct RPC polling for 4 trader wallets... {}
[2025-09-03T07:25:25.541Z] [monitor] [INFO] ✅ Direct RPC polling started successfully {}
[monitor] Worker initialized successfully
[TELEGRAM_UI] Telegram Bot authorized for: @zaptradebot 
✅ Worker executor is ready
[TradeNotificationManager] Initialized in Threaded Dispatch mode.
[SINGAPORE-SENDER] 🚀 Manager initialized with Singapore regional endpoints
[SINGAPORE-SENDER] 🌏 Endpoints: {
  "rpc": "https://mainnet.helius-rpc.com/?api-key=b9a69ad0-d823-429e-8c18-7cbea0e31769",
  "sender": "https://mainnet.helius-rpc.com/?api-key=b9a69ad0-d823-429e-8c18-7cbea0e31769",
  "laserstream": "wss://mainnet.helius-rpc.com/?api-key=b9a69ad0-d823-429e-8c18-7cbea0e31769"
}
TradingEngine initialized with HYBRID (Polling + API) logic, Quantum Cache, and Singapore Sender integration.
[2025-09-03T07:25:26.255Z] [executor] [INFO] Trade executor worker initialized successfully {}
[executor] Worker initialized successfully
✅ All required workers are ready
✅ ThreadedZapBot initialization completed successfully
🎯 Starting trader monitoring...
✅ Trader monitoring started (auto-run via LaserStream in worker).
🎉 ThreadedZapBot started successfully with 6 workers
✅ Threaded application started successfully
🎉 ZapBot startup completed successfully!
🏥 Health check server running on port 3001
[2025-09-03T07:25:28.093Z] [monitor] [INFO] 🚀 New transaction detected for wallet DfMxre4c... | Sig: 3ASG6YjH... {}
[2025-09-03T07:25:28.156Z] [monitor] [INFO] 🎯 Transaction detected for DfMxre4c... | Sig: 3ASG6YjH... | Forwarding to analyzer... {}
🚀 FORWARDING COPY TRADE from monitor to executor:
   📍 Trader: DfMx...Xhzj
   🔑 Signature: 3ASG6YjH...
   📊 Has pre-fetched data: true
✅ Executor worker ready, forwarding message...
[2025-09-03T07:25:28.157Z] [executor] [INFO] 🚀 EXECUTING HIGH-SPEED COPY TRADE {
  traderWallet: 'DfMx...Xhzj',
  signature: '3ASG6YjH...',
  hasPreFetchedData: true
}
[PROCESS_SIG] 🎯 Processing signature for copy trade:
   📍 Source wallet: DfMx...Xhzj
   🔑 Signature: 3ASG...cJKx
   📊 Has pre-fetched data: true
   📋 Pre-fetched data type: none
[EXECUTE_MASTER] 🔍 Starting analysis for transaction 3ASG...cJKx...
[EXECUTE_MASTER] 📍 Source wallet: DfMx...Xhzj
[EXECUTE_MASTER] 📊 Pre-fetched data available: true
[ANALYZER-V5-HELIUS] Processing sig: 3ASG...cJKx
[NOISE-FILTER] Error checking noise: programId.toBase58 is not a function
[ANALYZER] Using pre-fetched data, type: unknown
[ANALYZER] ✅ Transaction metadata looks good
[ANALYZER] 🔍 Starting core analysis...
[BalanceAnalysis] 🔍 Looking for trader DfMx...Xhzj in 19 account keys...
[BalanceAnalysis] 📋 Account keys: FRP9...WB4n, 4Cj4...Qeux, GSrE...RGSu, 2Kjm...2dSh, 9gVv...7Vkd, 9jrN...94Ez, 4cWr...BfxJ, 6qDT...FcVc, DfMx...Xhzj, Comp...1111, ATok...8knL, So11...1112, 1111...1111, Toke...Q5DA, 6K2n...Af1d, dbci...MaqN, FhVo...HLuM, GhBX...GqMY, 8Ks1...driF
[BalanceAnalysis] ✅ Trader found at index 8
[BalanceAnalysis] Trader DfMx...Xhzj SOL change: 2.57e-7 SOL (Raw: 257)
[BalanceAnalysis] Final Token Changes Map: []
[BalanceAnalysis] SOL Change Threshold for swap detection: 100 lamports.
[BalanceAnalysis] Result: No clear swap pattern detected based on SOL/Token movements.
SOL Change: 257 (Threshold: 100)
Received Mint: N/A, Amount: 0
Sent Mint: N/A, Amount: 0
[ANALYZER] Balance analysis result: {
  isSwap: false,
  reason: 'No clear swap balance change pattern detected.'
}
[ANALYZER] 🔍 Analyzing 13 instructions for DEX programs...
[ANALYZER] 📋 Instruction program ID: Toke...Q5DA
[ANALYZER] ❌ No platform match found for program ID: Toke...Q5DA
[ANALYZER] 📋 Instruction program ID: 1111...1111
[ANALYZER] ❌ No platform match found for program ID: 1111...1111
[ANALYZER] 📋 Instruction program ID: Toke...Q5DA
[ANALYZER] ❌ No platform match found for program ID: Toke...Q5DA
[ANALYZER] 📋 Instruction program ID: Toke...Q5DA
[ANALYZER] ❌ No platform match found for program ID: Toke...Q5DA
[ANALYZER] 📋 Instruction program ID: Toke...Q5DA
[ANALYZER] ❌ No platform match found for program ID: Toke...Q5DA
[ANALYZER] 📋 Instruction program ID: 1111...1111
[ANALYZER] ❌ No platform match found for program ID: 1111...1111
[ANALYZER] 📋 Instruction program ID: Toke...Q5DA
[ANALYZER] ❌ No platform match found for program ID: Toke...Q5DA
[ANALYZER] 📋 Instruction program ID: Toke...Q5DA
[ANALYZER] ❌ No platform match found for program ID: Toke...Q5DA
[ANALYZER] 📋 Instruction program ID: Toke...Q5DA
[ANALYZER] ❌ No platform match found for program ID: Toke...Q5DA
[ANALYZER] 📋 Instruction program ID: Toke...Q5DA
[ANALYZER] ❌ No platform match found for program ID: Toke...Q5DA
[ANALYZER] 📋 Instruction program ID: Toke...Q5DA
[ANALYZER] ❌ No platform match found for program ID: Toke...Q5DA
[ANALYZER] 📋 Instruction program ID: dbci...MaqN
[ANALYZER] ❌ No platform match found for program ID: dbci...MaqN
[ANALYZER] 📋 Instruction program ID: dbci...MaqN
[ANALYZER] ❌ No platform match found for program ID: dbci...MaqN
[ANALYZER] 📊 Analysis Summary:
[ANALYZER]   - Balance Analysis: ❌ No swap
[ANALYZER]   - Instruction Analysis: ❌ No DEX
[ANALYZER]   - Balance Details: None
[ANALYZER]   - Instruction Details: {
  found: false,
  dexPlatform: 'Unknown DEX',
  platformProgramId: null,
  platformSpecificData: {}
}
[ANALYZER] ❌ Both analyses failed. Transaction not copyable.
[EXECUTE_MASTER] 📊 Analysis result: {
  "isCopyable": false,
  "reason": "Balance analysis failed AND no known DEX instruction was found.",
  "rawTransaction": {
    "blockTime": 1756883906,
    "meta": {
      "computeUnitsConsumed": 106579,
      "costUnits": 111219,
      "err": null,
      "fee": 71000,
      "innerInstructions": [
        {
          "index": 2,
          "instructions": [
            {
              "accounts": [
                11
              ],
              "data": "84eT",
              "programIdIndex": 13,
              "stackHeight": 2
            },
            {
              "accounts": [
                1,
                3
              ],
              "data": "11119os1e9qSs2u7TsThXqkBSRVFxhmYaFKFZ1waB2X7armDmvK3p5GmLdUxYdg3h7QSrL",
              "programIdIndex": 12,
              "stackHeight": 2
            },
            {
              "accounts": [
                3
              ],
              "data": "P",
              "programIdIndex": 13,
              "stackHeight": 2
            },
            {
              "accounts": [
                3,
                11
              ],
              "data": "6caYurGKGCnM2u6ttkeFbh9mXgGg4iFoB1bR3FE3eiQss",
              "programIdIndex": 13,
              "stackHeight": 2
            }
          ]
        },
        {
          "index": 3,
          "instructions": [
            {
              "accounts": [
                14
              ],
              "data": "84eT",
              "programIdIndex": 13,
              "stackHeight": 2
            },
            {
              "accounts": [
                1,
                4
              ],
              "data": "11119os1e9qSs2u7TsThXqkBSRVFxhmYaFKFZ1waB2X7armDmvK3p5GmLdUxYdg3h7QSrL",
              "programIdIndex": 12,
              "stackHeight": 2
            },
            {
              "accounts": [
                4
              ],
              "data": "P",
              "programIdIndex": 13,
              "stackHeight": 2
            },
            {
              "accounts": [
                4,
                14
              ],
              "data": "6caYurGKGCnM2u6ttkeFbh9mXgGg4iFoB1bR3FE3eiQss",
              "programIdIndex": 13,
              "stackHeight": 2
            }
          ]
        },
        {
          "index": 6,
          "instructions": [
            {
              "accounts": [
                3,
                11,
                7,
                2
              ],
              "data": "gvdqaTJ7WNTKv",
              "programIdIndex": 13,
              "stackHeight": 2
            },
            {
              "accounts": [
                6,
                14,
                4,
                16
              ],
              "data": "gvyyELxfAxdfs",
              "programIdIndex": 13,
              "stackHeight": 2
            },
            {
              "accounts": [
                7,
                11,
                3,
                16
              ],
              "data": "hNnDziaLEdDUk",
              "programIdIndex": 13,
              "stackHeight": 2
            },
            {
              "accounts": [
                18
              ],
              "data": "2ioXo9nkAt26bphRv6PYrqWhvU66RCnugkv9DyqtZpQgkgNijLiRVGK4JYN23reaQbrVkJWdzTSf8jb2NoP7FdVhcANRRh4dsENjgFb2YvUCviSXpugKj1rB4ngpD2bkYtu8ehDS3Bf3gNddLZVnmZy2tg6BJi6MU6uiyMVaehAEfxSHWZdneAeogF6WKHGS6XRyRBgiFmkwzdUpBaMVsXi1UzSUEsvNEHKYQomL3",
              "programIdIndex": 15,
              "stackHeight": 2
            },
            {
              "accounts": [
                18
              ],
              "data": "44FY2SKwMbUFWgV1yoKm6d2vbbCNMoWaQEdFtQ23WwuKh4h5ude7UcXNBC7ghjcALaj1YC8FYUBLxoaR1ZmEk6WKdr8311v9KUhMompmH6JTrU4L5Vf9ym1XokPLhYgP28rLWK7mXisBKNVwjunHokw9Zxjt7wr9pTZhJqUAVFFn7ZB86DeWRnwAZjrJBPSNCmBV7XT6YawXJHwnJSt1rRtKYxMa9HAEbbVWubJxExRJNVYpBhS2YFLj4LwaHGywKTnqb5FfqLb",
              "programIdIndex": 15,
              "stackHeight": 2
            }
          ]
        }
      ],
      "loadedAddresses": {
        "readonly": [],
        "writable": []
      },
      "logMessages": [
        "Program ComputeBudget111111111111111111111111111111 invoke [1]",
        "Program ComputeBudget111111111111111111111111111111 success",
        "Program ComputeBudget111111111111111111111111111111 invoke [1]",
        "Program ComputeBudget111111111111111111111111111111 success",
        "Program ATokenGPvbdGVxr1b2hvZbsiqW5xWH25efTNsLJA8knL invoke [1]",
        "Program log: CreateIdempotent",
        "Program TokenkegQfeZyiNwAJbNbGKPFXCWuBvf9Ss623VQ5DA invoke [2]",
        "Program log: Instruction: GetAccountDataSize",
        "Program TokenkegQfeZyiNwAJbNbGKPFXCWuBvf9Ss623VQ5DA consumed 1569 of 132718 compute units",
        "Program return: TokenkegQfeZyiNwAJbNbGKPFXCWuBvf9Ss623VQ5DA pQAAAAAAAAA=",
        "Program TokenkegQfeZyiNwAJbNbGKPFXCWuBvf9Ss623VQ5DA success",
        "Program 11111111111111111111111111111111 invoke [2]",
        "Program 11111111111111111111111111111111 success",
        "Program log: Initialize the associated token account",
        "Program TokenkegQfeZyiNwAJbNbGKPFXCWuBvf9Ss623VQ5DA invoke [2]",
        "Program log: Instruction: InitializeImmutableOwner",
        "Program log: Please upgrade to SPL Token 2022 for immutable owner support",
        "Program TokenkegQfeZyiNwAJbNbGKPFXCWuBvf9Ss623VQ5DA consumed 1405 of 126131 compute units",
        "Program TokenkegQfeZyiNwAJbNbGKPFXCWuBvf9Ss623VQ5DA success",
        "Program TokenkegQfeZyiNwAJbNbGKPFXCWuBvf9Ss623VQ5DA invoke [2]",
        "Program log: Instruction: InitializeAccount3",
        "Program TokenkegQfeZyiNwAJbNbGKPFXCWuBvf9Ss623VQ5DA consumed 3158 of 122248 compute units",
        "Program TokenkegQfeZyiNwAJbNbGKPFXCWuBvf9Ss623VQ5DA success",
        "Program ATokenGPvbdGVxr1b2hvZbsiqW5xWH25efTNsLJA8knL consumed 20914 of 139700 compute units",
        "Program ATokenGPvbdGVxr1b2hvZbsiqW5xWH25efTNsLJA8knL success",
        "Program ATokenGPvbdGVxr1b2hvZbsiqW5xWH25efTNsLJA8knL invoke [1]",
        "Program log: Create",
        "Program TokenkegQfeZyiNwAJbNbGKPFXCWuBvf9Ss623VQ5DA invoke [2]",
        "Program log: Instruction: GetAccountDataSize",
        "Program TokenkegQfeZyiNwAJbNbGKPFXCWuBvf9Ss623VQ5DA consumed 1569 of 113342 compute units",
        "Program return: TokenkegQfeZyiNwAJbNbGKPFXCWuBvf9Ss623VQ5DA pQAAAAAAAAA=",
        "Program TokenkegQfeZyiNwAJbNbGKPFXCWuBvf9Ss623VQ5DA success",
        "Program 11111111111111111111111111111111 invoke [2]",
        "Program 11111111111111111111111111111111 success",
        "Program log: Initialize the associated token account",
        "Program TokenkegQfeZyiNwAJbNbGKPFXCWuBvf9Ss623VQ5DA invoke [2]",
        "Program log: Instruction: InitializeImmutableOwner",
        "Program log: Please upgrade to SPL Token 2022 for immutable owner support",
        "Program TokenkegQfeZyiNwAJbNbGKPFXCWuBvf9Ss623VQ5DA consumed 1405 of 106755 compute units",
        "Program TokenkegQfeZyiNwAJbNbGKPFXCWuBvf9Ss623VQ5DA success",
        "Program TokenkegQfeZyiNwAJbNbGKPFXCWuBvf9Ss623VQ5DA invoke [2]",
        "Program log: Instruction: InitializeAccount3",
        "Program TokenkegQfeZyiNwAJbNbGKPFXCWuBvf9Ss623VQ5DA consumed 4188 of 102872 compute units",
        "Program TokenkegQfeZyiNwAJbNbGKPFXCWuBvf9Ss623VQ5DA success",
        "Program ATokenGPvbdGVxr1b2hvZbsiqW5xWH25efTNsLJA8knL consumed 20406 of 118786 compute units",
        "Program ATokenGPvbdGVxr1b2hvZbsiqW5xWH25efTNsLJA8knL success",
        "Program 11111111111111111111111111111111 invoke [1]",
        "Program 11111111111111111111111111111111 success",
        "Program TokenkegQfeZyiNwAJbNbGKPFXCWuBvf9Ss623VQ5DA invoke [1]",
        "Program log: Instruction: SyncNative",
        "Program TokenkegQfeZyiNwAJbNbGKPFXCWuBvf9Ss623VQ5DA consumed 3045 of 98230 compute units",
        "Program TokenkegQfeZyiNwAJbNbGKPFXCWuBvf9Ss623VQ5DA success",
        "Program dbcij3LWUppWqq96dh6gJWwBifmcGfLSB5D4DuSMaqN invoke [1]",
        "Program log: Instruction: Swap",
        "Program TokenkegQfeZyiNwAJbNbGKPFXCWuBvf9Ss623VQ5DA invoke [2]",
        "Program log: Instruction: TransferChecked",
        "Program TokenkegQfeZyiNwAJbNbGKPFXCWuBvf9Ss623VQ5DA consumed 6238 of 74465 compute units",
        "Program TokenkegQfeZyiNwAJbNbGKPFXCWuBvf9Ss623VQ5DA success",
        "Program TokenkegQfeZyiNwAJbNbGKPFXCWuBvf9Ss623VQ5DA invoke [2]",
        "Program log: Instruction: TransferChecked",
        "Program TokenkegQfeZyiNwAJbNbGKPFXCWuBvf9Ss623VQ5DA consumed 6147 of 65757 compute units",
        "Program TokenkegQfeZyiNwAJbNbGKPFXCWuBvf9Ss623VQ5DA success",
        "Program TokenkegQfeZyiNwAJbNbGKPFXCWuBvf9Ss623VQ5DA invoke [2]",
        "Program log: Instruction: TransferChecked",
        "Program TokenkegQfeZyiNwAJbNbGKPFXCWuBvf9Ss623VQ5DA consumed 6238 of 57147 compute units",
        "Program TokenkegQfeZyiNwAJbNbGKPFXCWuBvf9Ss623VQ5DA success",
        "Program dbcij3LWUppWqq96dh6gJWwBifmcGfLSB5D4DuSMaqN invoke [2]",
        "Program dbcij3LWUppWqq96dh6gJWwBifmcGfLSB5D4DuSMaqN consumed 3577 of 47761 compute units",
        "Program dbcij3LWUppWqq96dh6gJWwBifmcGfLSB5D4DuSMaqN success",
        "Program dbcij3LWUppWqq96dh6gJWwBifmcGfLSB5D4DuSMaqN invoke [2]",
        "Program dbcij3LWUppWqq96dh6gJWwBifmcGfLSB5D4DuSMaqN consumed 3577 of 40879 compute units",
        "Program dbcij3LWUppWqq96dh6gJWwBifmcGfLSB5D4DuSMaqN success",
        "Program dbcij3LWUppWqq96dh6gJWwBifmcGfLSB5D4DuSMaqN consumed 58601 of 95185 compute units",
        "Program dbcij3LWUppWqq96dh6gJWwBifmcGfLSB5D4DuSMaqN success",
        "Program TokenkegQfeZyiNwAJbNbGKPFXCWuBvf9Ss623VQ5DA invoke [1]",
        "Program log: Instruction: CloseAccount",
        "Program TokenkegQfeZyiNwAJbNbGKPFXCWuBvf9Ss623VQ5DA consumed 3013 of 36584 compute units",
        "Program TokenkegQfeZyiNwAJbNbGKPFXCWuBvf9Ss623VQ5DA success",
        "Program 11111111111111111111111111111111 invoke [1]",
        "Program 11111111111111111111111111111111 success"
      ],
      "postBalances": [
        1993256000,
        26324319140,
        0,
        0,
        2039280,
        3841920,
        2039280,
        29782097981,
        1745329171102,
        1,
        747831958,
        1129657453219,
        1,
        4674972223,
        1461600,
        1151440,
        300434544957,
        8184960,
        1000000
      ],
      "postTokenBalances": [
        {
          "accountIndex": 4,
          "mint": "6K2nTkAPkSGs1VkhdwowF8w45CFFeefhuqDW3oAeAf1d",
          "owner": "GSrEv4nTuw5CdcoNfV4GDBL9BP6FJWXUJgFBkeMqRGSu",
          "programId": "TokenkegQfeZyiNwAJbNbGKPFXCWuBvf9Ss623VQ5DA",
          "uiTokenAmount": {
            "amount": "32102813761",
            "decimals": 6,
            "uiAmount": 32102.813761,
            "uiAmountString": "32102.813761"
          }
        },
        {
          "accountIndex": 6,
          "mint": "6K2nTkAPkSGs1VkhdwowF8w45CFFeefhuqDW3oAeAf1d",
          "owner": "FhVo3mqL8PW5pH5U2CN4XE33DokiyZnUwuGpH2hmHLuM",
          "programId": "TokenkegQfeZyiNwAJbNbGKPFXCWuBvf9Ss623VQ5DA",
          "uiTokenAmount": {
            "amount": "993751343768781",
            "decimals": 6,
            "uiAmount": 993751343.768781,
            "uiAmountString": "993751343.768781"
          }
        },
        {
          "accountIndex": 7,
          "mint": "So11111111111111111111111111111111111111112",
          "owner": "FhVo3mqL8PW5pH5U2CN4XE33DokiyZnUwuGpH2hmHLuM",
          "programId": "TokenkegQfeZyiNwAJbNbGKPFXCWuBvf9Ss623VQ5DA",
          "uiTokenAmount": {
            "amount": "29780058701",
            "decimals": 9,
            "uiAmount": 29.780058701,
            "uiAmountString": "29.780058701"
          }
        }
      ],
      "preBalances": [
        1993327000,
        26479358065,
        0,
        0,
        0,
        3841920,
        2039280,
        29629098593,
        1745329170845,
        1,
        747831958,
        1129657453219,
        1,
        4674972223,
        1461600,
        1151440,
        300434544957,
        8184960,
        1000000
      ],
      "preTokenBalances": [
        {
          "accountIndex": 6,
          "mint": "6K2nTkAPkSGs1VkhdwowF8w45CFFeefhuqDW3oAeAf1d",
          "owner": "FhVo3mqL8PW5pH5U2CN4XE33DokiyZnUwuGpH2hmHLuM",
          "programId": "TokenkegQfeZyiNwAJbNbGKPFXCWuBvf9Ss623VQ5DA",
          "uiTokenAmount": {
            "amount": "993783446582542",
            "decimals": 6,
            "uiAmount": 993783446.582542,
            "uiAmountString": "993783446.582542"
          }
        },
        {
          "accountIndex": 7,
          "mint": "So11111111111111111111111111111111111111112",
          "owner": "FhVo3mqL8PW5pH5U2CN4XE33DokiyZnUwuGpH2hmHLuM",
          "programId": "TokenkegQfeZyiNwAJbNbGKPFXCWuBvf9Ss623VQ5DA",
          "uiTokenAmount": {
            "amount": "29627059313",
            "decimals": 9,
            "uiAmount": 29.627059313,
            "uiAmountString": "29.627059313"
          }
        }
      ],
      "rewards": [],
      "status": {
        "Ok": null
      }
    },
    "slot": 364336593,
    "transaction": {
      "message": {
        "accountKeys": [
          "FRP9rmngPuVJb4Ghm9UkYLJmVgJB7rUjbV44TA9AWB4n",
          "4Cj49oNeaf71yoBrpXMJmCaxH3ynu12ZTA1aBFMkQeux",
          "GSrEv4nTuw5CdcoNfV4GDBL9BP6FJWXUJgFBkeMqRGSu",
          "2KjmbioJDcHsN1rckYKqmo2zoPTNFbQ6qAz4EiUu2dSh",
          "9gVvqmvZafvSe98bGS1eYfXWp6Pr58mK5L5KtaVK7Vkd",
          "9jrNfM29KkbYMsDwJ9STNY8btaD1oTdv4MTecive94Ez",
          "4cWrAvdvVrSxeRMFYHMiorPLDQMNpryrB8HMYbLcBfxJ",
          "6qDTJdWwRbJKk6gXen4wxLxx1xUdmRGx6D8AHgrfFcVc",
          "DfMxre4cKmvogbLrPigxmibVTTQDuzjdXojWzjCXXhzj",
          "ComputeBudget111111111111111111111111111111",
          "ATokenGPvbdGVxr1b2hvZbsiqW5xWH25efTNsLJA8knL",
          "So11111111111111111111111111111111111111112",
          "11111111111111111111111111111111",
          "TokenkegQfeZyiNwAJbNbGKPFXCWuBvf9Ss623VQ5DA",
          "6K2nTkAPkSGs1VkhdwowF8w45CFFeefhuqDW3oAeAf1d",
          "dbcij3LWUppWqq96dh6gJWwBifmcGfLSB5D4DuSMaqN",
          "FhVo3mqL8PW5pH5U2CN4XE33DokiyZnUwuGpH2hmHLuM",
          "GhBXyW1vWU1mwDpZybcAdRLA5xLDEJD2itvhfXhNGqMY",
          "8Ks12pbrD6PXxfty1hVQiE9sc289zgU1zHkvXhrSdriF"
        ],
        "addressTableLookups": [],
        "header": {
          "numReadonlySignedAccounts": 1,
          "numReadonlyUnsignedAccounts": 10,
          "numRequiredSignatures": 3
        },
        "instructions": [
          {
            "accounts": [],
            "data": "KpMJwH",
            "programIdIndex": 9,
            "stackHeight": 1
          },
          {
            "accounts": [],
            "data": "3atJtxCCtbsV",
            "programIdIndex": 9,
            "stackHeight": 1
          },
          {
            "accounts": [
              1,
              3,
              2,
              11,
              12,
              13
            ],
            "data": "2",
            "programIdIndex": 10,
            "stackHeight": 1
          },
          {
            "accounts": [
              1,
              4,
              2,
              14,
              12,
              13
            ],
            "data": "",
            "programIdIndex": 10,
            "stackHeight": 1
          },
          {
            "accounts": [
              1,
              3
            ],
            "data": "3Bxs4BfJeN12UqQ3",
            "programIdIndex": 12,
            "stackHeight": 1
          },
          {
            "accounts": [
              3
            ],
            "data": "J",
            "programIdIndex": 13,
            "stackHeight": 1
          },
          {
            "accounts": [
              16,
              17,
              5,
              3,
              4,
              6,
              7,
              14,
              11,
              2,
              13,
              13,
              3,
              18,
              15,
              8
            ],
            "data": "PgQWtn8oziwxmHLeToHYjegdsskfAYC7q",
            "programIdIndex": 15,
            "stackHeight": 1
          },
          {
            "accounts": [
              3,
              1,
              2
            ],
            "data": "A",
            "programIdIndex": 13,
            "stackHeight": 1
          },
          {
            "accounts": [
              1,
              8
            ],
            "data": "3Bxs412Q7yEtYvFy",
            "programIdIndex": 12,
            "stackHeight": 1
          }
        ],
        "recentBlockhash": "AEoihoL1wXRYHyYAVma1AFzruCkSjpkhkhTFVK5u5Vw3"
      },
      "signatures": [
        "3ASG6YjHeqY3jqjjVmtEhKEhxPXuaL4yfqXjvYtoTXSYXe22LdHAWnkyqyqsxwgoPLPsHdSYmZ8yisoAcLn9cJKx",
        "3bhhXrDRHrLuWKCko5W73o2npj7kfj5B2tGic8z9CZj3m46HsAuau9M1k619JY1kW9wsQg68yk44f8SBNeWXs7ew",
        "4RKDnX4hpZLqyyQGa7fC1GeroiePjsWp8DXGKPdLwWSSabxJzJK9ea9ozWupH4PgUrNZSfBbxWJ163xRZnYv11Tt"
      ]
    },
    "version": 0
  }
}
[EXECUTE_MASTER] ❌ Transaction not copyable. Reason: Balance analysis failed AND no known DEX instruction was found.
[2025-09-03T07:25:28.423Z] [monitor] [INFO] 🚀 New transaction detected for wallet suqh5sHt... | Sig: 2iFcCfgT... {}
[2025-09-03T07:25:28.470Z] [monitor] [INFO] 🎯 Transaction detected for suqh5sHt... | Sig: 2iFcCfgT... | Forwarding to analyzer... {}
🚀 FORWARDING COPY TRADE from monitor to executor:
   📍 Trader: suqh...HQfK
   🔑 Signature: 2iFcCfgT...
   📊 Has pre-fetched data: true
✅ Executor worker ready, forwarding message...
[2025-09-03T07:25:28.471Z] [executor] [INFO] 🚀 EXECUTING HIGH-SPEED COPY TRADE {
  traderWallet: 'suqh...HQfK',
  signature: '2iFcCfgT...',
  hasPreFetchedData: true
}
[PROCESS_SIG] 🎯 Processing signature for copy trade:
   📍 Source wallet: suqh...HQfK
   🔑 Signature: 2iFc...YK6p
   📊 Has pre-fetched data: true
   📋 Pre-fetched data type: none
[EXECUTE_MASTER] 🔍 Starting analysis for transaction 2iFc...YK6p...
[EXECUTE_MASTER] 📍 Source wallet: suqh...HQfK
[EXECUTE_MASTER] 📊 Pre-fetched data available: true
[ANALYZER-V5-HELIUS] Processing sig: 2iFc...YK6p
[NOISE-FILTER] Error checking noise: programId.toBase58 is not a function
[ANALYZER] Using pre-fetched data, type: unknown
[ANALYZER] ✅ Transaction metadata looks good
[ANALYZER] 🔍 Starting core analysis...
[BalanceAnalysis] 🔍 Looking for trader suqh...HQfK in 16 account keys...
[BalanceAnalysis] 📋 Account keys: GssD...Yfwp, 482B...cdR2, 61mQ...twH7, 4pjj...tsuM, 8JFB...q57b, Cuje...DH8u, Comp...1111, ATok...8knL, suqh...HQfK, Dnpy...Twok, 1111...1111, Toke...Q5DA, EHg5...Myaf, CyaE...a54o, 4BdK...EFUk, BTf4...sadd
[BalanceAnalysis] ✅ Trader found at index 8
[BalanceAnalysis] Trader suqh...HQfK SOL change: 0 SOL (Raw: 0)
[BalanceAnalysis] Post-Token Dnpy...Twok: +0 (Owner: suqh...HQfK)
[BalanceAnalysis] Final Token Changes Map: [ 'Dnpy...Twok: 0' ]
[BalanceAnalysis] SOL Change Threshold for swap detection: 100 lamports.
[BalanceAnalysis] Result: No clear swap pattern detected based on SOL/Token movements.
SOL Change: 0 (Threshold: 100)
Received Mint: N/A, Amount: 0
Sent Mint: N/A, Amount: 0
[ANALYZER] Balance analysis result: {
  isSwap: false,
  reason: 'No clear swap balance change pattern detected.'
}
[ANALYZER] 🔍 Analyzing 20 instructions for DEX programs...
[ANALYZER] 📋 Instruction program ID: Toke...Q5DA
[ANALYZER] ❌ No platform match found for program ID: Toke...Q5DA
[ANALYZER] 📋 Instruction program ID: 1111...1111
[ANALYZER] ❌ No platform match found for program ID: 1111...1111
[ANALYZER] 📋 Instruction program ID: Toke...Q5DA
[ANALYZER] ❌ No platform match found for program ID: Toke...Q5DA
[ANALYZER] 📋 Instruction program ID: Toke...Q5DA
[ANALYZER] ❌ No platform match found for program ID: Toke...Q5DA
[ANALYZER] 📋 Instruction program ID: Toke...Q5DA
[ANALYZER] ❌ No platform match found for program ID: Toke...Q5DA
[ANALYZER] 📋 Instruction program ID: 1111...1111
[ANALYZER] ❌ No platform match found for program ID: 1111...1111
[ANALYZER] 📋 Instruction program ID: Toke...Q5DA
[ANALYZER] ❌ No platform match found for program ID: Toke...Q5DA
[ANALYZER] 📋 Instruction program ID: Toke...Q5DA
[ANALYZER] ❌ No platform match found for program ID: Toke...Q5DA
[ANALYZER] 📋 Instruction program ID: Toke...Q5DA
[ANALYZER] ❌ No platform match found for program ID: Toke...Q5DA
[ANALYZER] 📋 Instruction program ID: 1111...1111
[ANALYZER] ❌ No platform match found for program ID: 1111...1111
[ANALYZER] 📋 Instruction program ID: Toke...Q5DA
[ANALYZER] ❌ No platform match found for program ID: Toke...Q5DA
[ANALYZER] 📋 Instruction program ID: Toke...Q5DA
[ANALYZER] ❌ No platform match found for program ID: Toke...Q5DA
[ANALYZER] 📋 Instruction program ID: Toke...Q5DA
[ANALYZER] ❌ No platform match found for program ID: Toke...Q5DA
[ANALYZER] 📋 Instruction program ID: 1111...1111
[ANALYZER] ❌ No platform match found for program ID: 1111...1111
[ANALYZER] 📋 Instruction program ID: Toke...Q5DA
[ANALYZER] ❌ No platform match found for program ID: Toke...Q5DA
[ANALYZER] 📋 Instruction program ID: Toke...Q5DA
[ANALYZER] ❌ No platform match found for program ID: Toke...Q5DA
[ANALYZER] 📋 Instruction program ID: Toke...Q5DA
[ANALYZER] ❌ No platform match found for program ID: Toke...Q5DA
[ANALYZER] 📋 Instruction program ID: 1111...1111
[ANALYZER] ❌ No platform match found for program ID: 1111...1111
[ANALYZER] 📋 Instruction program ID: Toke...Q5DA
[ANALYZER] ❌ No platform match found for program ID: Toke...Q5DA
[ANALYZER] 📋 Instruction program ID: Toke...Q5DA
[ANALYZER] ❌ No platform match found for program ID: Toke...Q5DA
[ANALYZER] 📊 Analysis Summary:
[ANALYZER]   - Balance Analysis: ❌ No swap
[ANALYZER]   - Instruction Analysis: ❌ No DEX
[ANALYZER]   - Balance Details: None
[ANALYZER]   - Instruction Details: {
  found: false,
  dexPlatform: 'Unknown DEX',
  platformProgramId: null,
  platformSpecificData: {}
}
[ANALYZER] ❌ Both analyses failed. Transaction not copyable.
[EXECUTE_MASTER] 📊 Analysis result: {
  "isCopyable": false,
  "reason": "Balance analysis failed AND no known DEX instruction was found.",
  "rawTransaction": {
    "blockTime": 1756884136,
    "meta": {
      "computeUnitsConsumed": 120190,
      "costUnits": 122776,
      "err": null,
      "fee": 807400,
      "innerInstructions": [
        {
          "index": 1,
          "instructions": [
            {
              "accounts": [
                9
              ],
              "data": "84eT",
              "programIdIndex": 11,
              "stackHeight": 2
            },
            {
              "accounts": [
                0,
                1
              ],
              "data": "11119os1e9qSs2u7TsThXqkBSRVFxhmYaFKFZ1waB2X7armDmvK3p5GmLdUxYdg3h7QSrL",
              "programIdIndex": 10,
              "stackHeight": 2
            },
            {
              "accounts": [
                1
              ],
              "data": "P",
              "programIdIndex": 11,
              "stackHeight": 2
            },
            {
              "accounts": [
                1,
                9
              ],
              "data": "6N1cWdHQ6BhQ8EnDME2oXCjuitdydZpLpXmX7Yhe1aZ6H",
              "programIdIndex": 11,
              "stackHeight": 2
            }
          ]
        },
        {
          "index": 2,
          "instructions": [
            {
              "accounts": [
                9
              ],
              "data": "84eT",
              "programIdIndex": 11,
              "stackHeight": 2
            },
            {
              "accounts": [
                0,
                2
              ],
              "data": "11119os1e9qSs2u7TsThXqkBSRVFxhmYaFKFZ1waB2X7armDmvK3p5GmLdUxYdg3h7QSrL",
              "programIdIndex": 10,
              "stackHeight": 2
            },
            {
              "accounts": [
                2
              ],
              "data": "P",
              "programIdIndex": 11,
              "stackHeight": 2
            },
            {
              "accounts": [
                2,
                9
              ],
              "data": "6aRNkUwzpjQTJCPYeD1gDQvcEmhd6kQFLiahRvoMif81d",
              "programIdIndex": 11,
              "stackHeight": 2
            }
          ]
        },
        {
          "index": 3,
          "instructions": [
            {
              "accounts": [
                9
              ],
              "data": "84eT",
              "programIdIndex": 11,
              "stackHeight": 2
            },
            {
              "accounts": [
                0,
                3
              ],
              "data": "11119os1e9qSs2u7TsThXqkBSRVFxhmYaFKFZ1waB2X7armDmvK3p5GmLdUxYdg3h7QSrL",
              "programIdIndex": 10,
              "stackHeight": 2
            },
            {
              "accounts": [
                3
              ],
              "data": "P",
              "programIdIndex": 11,
              "stackHeight": 2
            },
            {
              "accounts": [
                3,
                9
              ],
              "data": "6Z7GtwhViUhrY3scGvvGqMbeKUKcEB7yajPRhosyVsDVm",
              "programIdIndex": 11,
              "stackHeight": 2
            }
          ]
        },
        {
          "index": 4,
          "instructions": [
            {
              "accounts": [
                9
              ],
              "data": "84eT",
              "programIdIndex": 11,
              "stackHeight": 2
            },
            {
              "accounts": [
                0,
                4
              ],
              "data": "11119os1e9qSs2u7TsThXqkBSRVFxhmYaFKFZ1waB2X7armDmvK3p5GmLdUxYdg3h7QSrL",
              "programIdIndex": 10,
              "stackHeight": 2
            },
            {
              "accounts": [
                4
              ],
              "data": "P",
              "programIdIndex": 11,
              "stackHeight": 2
            },
            {
              "accounts": [
                4,
                9
              ],
              "data": "6QKKzX9tvYx2QKkeQVZi5YEW24K4GvnC6z4SU2CsEXPui",
              "programIdIndex": 11,
              "stackHeight": 2
            }
          ]
        },
        {
          "index": 5,
          "instructions": [
            {
              "accounts": [
                9
              ],
              "data": "84eT",
              "programIdIndex": 11,
              "stackHeight": 2
            },
            {
              "accounts": [
                0,
                5
              ],
              "data": "11119os1e9qSs2u7TsThXqkBSRVFxhmYaFKFZ1waB2X7armDmvK3p5GmLdUxYdg3h7QSrL",
              "programIdIndex": 10,
              "stackHeight": 2
            },
            {
              "accounts": [
                5
              ],
              "data": "P",
              "programIdIndex": 11,
              "stackHeight": 2
            },
            {
              "accounts": [
                5,
                9
              ],
              "data": "6XbMj6EBkZAR1TyJu68HR584sVRGBEvLeMQvmwvwEAj4b",
              "programIdIndex": 11,
              "stackHeight": 2
            }
          ]
        }
      ],
      "loadedAddresses": {
        "readonly": [],
        "writable": []
      },
      "logMessages": [
        "Program ComputeBudget111111111111111111111111111111 invoke [1]",
        "Program ComputeBudget111111111111111111111111111111 success",
        "Program ATokenGPvbdGVxr1b2hvZbsiqW5xWH25efTNsLJA8knL invoke [1]",
        "Program log: Create",
        "Program TokenkegQfeZyiNwAJbNbGKPFXCWuBvf9Ss623VQ5DA invoke [2]",
        "Program log: Instruction: GetAccountDataSize",
        "Program TokenkegQfeZyiNwAJbNbGKPFXCWuBvf9Ss623VQ5DA consumed 1569 of 989905 compute units",
        "Program return: TokenkegQfeZyiNwAJbNbGKPFXCWuBvf9Ss623VQ5DA pQAAAAAAAAA=",
        "Program TokenkegQfeZyiNwAJbNbGKPFXCWuBvf9Ss623VQ5DA success",
        "Program 11111111111111111111111111111111 invoke [2]",
        "Program 11111111111111111111111111111111 success",
        "Program log: Initialize the associated token account",
        "Program TokenkegQfeZyiNwAJbNbGKPFXCWuBvf9Ss623VQ5DA invoke [2]",
        "Program log: Instruction: InitializeImmutableOwner",
        "Program log: Please upgrade to SPL Token 2022 for immutable owner support",
        "Program TokenkegQfeZyiNwAJbNbGKPFXCWuBvf9Ss623VQ5DA consumed 1405 of 983318 compute units",
        "Program TokenkegQfeZyiNwAJbNbGKPFXCWuBvf9Ss623VQ5DA success",
        "Program TokenkegQfeZyiNwAJbNbGKPFXCWuBvf9Ss623VQ5DA invoke [2]",
        "Program log: Instruction: InitializeAccount3",
        "Program TokenkegQfeZyiNwAJbNbGKPFXCWuBvf9Ss623VQ5DA consumed 4188 of 979434 compute units",
        "Program TokenkegQfeZyiNwAJbNbGKPFXCWuBvf9Ss623VQ5DA success",
        "Program ATokenGPvbdGVxr1b2hvZbsiqW5xWH25efTNsLJA8knL consumed 27908 of 1002850 compute units",
        "Program ATokenGPvbdGVxr1b2hvZbsiqW5xWH25efTNsLJA8knL success",
        "Program ATokenGPvbdGVxr1b2hvZbsiqW5xWH25efTNsLJA8knL invoke [1]",
        "Program log: Create",
        "Program TokenkegQfeZyiNwAJbNbGKPFXCWuBvf9Ss623VQ5DA invoke [2]",
        "Program log: Instruction: GetAccountDataSize",
        "Program TokenkegQfeZyiNwAJbNbGKPFXCWuBvf9Ss623VQ5DA consumed 1569 of 961997 compute units",
        "Program return: TokenkegQfeZyiNwAJbNbGKPFXCWuBvf9Ss623VQ5DA pQAAAAAAAAA=",
        "Program TokenkegQfeZyiNwAJbNbGKPFXCWuBvf9Ss623VQ5DA success",
        "Program 11111111111111111111111111111111 invoke [2]",
        "Program 11111111111111111111111111111111 success",
        "Program log: Initialize the associated token account",
        "Program TokenkegQfeZyiNwAJbNbGKPFXCWuBvf9Ss623VQ5DA invoke [2]",
        "Program log: Instruction: InitializeImmutableOwner",
        "Program log: Please upgrade to SPL Token 2022 for immutable owner support",
        "Program TokenkegQfeZyiNwAJbNbGKPFXCWuBvf9Ss623VQ5DA consumed 1405 of 955410 compute units",
        "Program TokenkegQfeZyiNwAJbNbGKPFXCWuBvf9Ss623VQ5DA success",
        "Program TokenkegQfeZyiNwAJbNbGKPFXCWuBvf9Ss623VQ5DA invoke [2]",
        "Program log: Instruction: InitializeAccount3",
        "Program TokenkegQfeZyiNwAJbNbGKPFXCWuBvf9Ss623VQ5DA consumed 4188 of 951526 compute units",
        "Program TokenkegQfeZyiNwAJbNbGKPFXCWuBvf9Ss623VQ5DA success",
        "Program ATokenGPvbdGVxr1b2hvZbsiqW5xWH25efTNsLJA8knL consumed 27908 of 974942 compute units",
        "Program ATokenGPvbdGVxr1b2hvZbsiqW5xWH25efTNsLJA8knL success",
        "Program ATokenGPvbdGVxr1b2hvZbsiqW5xWH25efTNsLJA8knL invoke [1]",
        "Program log: Create",
        "Program TokenkegQfeZyiNwAJbNbGKPFXCWuBvf9Ss623VQ5DA invoke [2]",
        "Program log: Instruction: GetAccountDataSize",
        "Program TokenkegQfeZyiNwAJbNbGKPFXCWuBvf9Ss623VQ5DA consumed 1569 of 938589 compute units",
        "Program return: TokenkegQfeZyiNwAJbNbGKPFXCWuBvf9Ss623VQ5DA pQAAAAAAAAA=",
        "Program TokenkegQfeZyiNwAJbNbGKPFXCWuBvf9Ss623VQ5DA success",
        "Program 11111111111111111111111111111111 invoke [2]",
        "Program 11111111111111111111111111111111 success",
        "Program log: Initialize the associated token account",
        "Program TokenkegQfeZyiNwAJbNbGKPFXCWuBvf9Ss623VQ5DA invoke [2]",
        "Program log: Instruction: InitializeImmutableOwner",
        "Program log: Please upgrade to SPL Token 2022 for immutable owner support",
        "Program TokenkegQfeZyiNwAJbNbGKPFXCWuBvf9Ss623VQ5DA consumed 1405 of 932002 compute units",
        "Program TokenkegQfeZyiNwAJbNbGKPFXCWuBvf9Ss623VQ5DA success",
        "Program TokenkegQfeZyiNwAJbNbGKPFXCWuBvf9Ss623VQ5DA invoke [2]",
        "Program log: Instruction: InitializeAccount3",
        "Program TokenkegQfeZyiNwAJbNbGKPFXCWuBvf9Ss623VQ5DA consumed 4188 of 928118 compute units",
        "Program TokenkegQfeZyiNwAJbNbGKPFXCWuBvf9Ss623VQ5DA success",
        "Program ATokenGPvbdGVxr1b2hvZbsiqW5xWH25efTNsLJA8knL consumed 23408 of 947034 compute units",
        "Program ATokenGPvbdGVxr1b2hvZbsiqW5xWH25efTNsLJA8knL success",
        "Program ATokenGPvbdGVxr1b2hvZbsiqW5xWH25efTNsLJA8knL invoke [1]",
        "Program log: Create",
        "Program TokenkegQfeZyiNwAJbNbGKPFXCWuBvf9Ss623VQ5DA invoke [2]",
        "Program log: Instruction: GetAccountDataSize",
        "Program TokenkegQfeZyiNwAJbNbGKPFXCWuBvf9Ss623VQ5DA consumed 1569 of 918181 compute units",
        "Program return: TokenkegQfeZyiNwAJbNbGKPFXCWuBvf9Ss623VQ5DA pQAAAAAAAAA=",
        "Program TokenkegQfeZyiNwAJbNbGKPFXCWuBvf9Ss623VQ5DA success",
        "Program 11111111111111111111111111111111 invoke [2]",
        "Program 11111111111111111111111111111111 success",
        "Program log: Initialize the associated token account",
        "Program TokenkegQfeZyiNwAJbNbGKPFXCWuBvf9Ss623VQ5DA invoke [2]",
        "Program log: Instruction: InitializeImmutableOwner",
        "Program log: Please upgrade to SPL Token 2022 for immutable owner support",
        "Program TokenkegQfeZyiNwAJbNbGKPFXCWuBvf9Ss623VQ5DA consumed 1405 of 911594 compute units",
        "Program TokenkegQfeZyiNwAJbNbGKPFXCWuBvf9Ss623VQ5DA success",
        "Program TokenkegQfeZyiNwAJbNbGKPFXCWuBvf9Ss623VQ5DA invoke [2]",
        "Program log: Instruction: InitializeAccount3",
        "Program TokenkegQfeZyiNwAJbNbGKPFXCWuBvf9Ss623VQ5DA consumed 4188 of 907710 compute units",
        "Program TokenkegQfeZyiNwAJbNbGKPFXCWuBvf9Ss623VQ5DA success",
        "Program ATokenGPvbdGVxr1b2hvZbsiqW5xWH25efTNsLJA8knL consumed 20408 of 923626 compute units",
        "Program ATokenGPvbdGVxr1b2hvZbsiqW5xWH25efTNsLJA8knL success",
        "Program ATokenGPvbdGVxr1b2hvZbsiqW5xWH25efTNsLJA8knL invoke [1]",
        "Program log: Create",
        "Program TokenkegQfeZyiNwAJbNbGKPFXCWuBvf9Ss623VQ5DA invoke [2]",
        "Program log: Instruction: GetAccountDataSize",
        "Program TokenkegQfeZyiNwAJbNbGKPFXCWuBvf9Ss623VQ5DA consumed 1569 of 897773 compute units",
        "Program return: TokenkegQfeZyiNwAJbNbGKPFXCWuBvf9Ss623VQ5DA pQAAAAAAAAA=",
        "Program TokenkegQfeZyiNwAJbNbGKPFXCWuBvf9Ss623VQ5DA success",
        "Program 11111111111111111111111111111111 invoke [2]",
        "Program 11111111111111111111111111111111 success",
        "Program log: Initialize the associated token account",
        "Program TokenkegQfeZyiNwAJbNbGKPFXCWuBvf9Ss623VQ5DA invoke [2]",
        "Program log: Instruction: InitializeImmutableOwner",
        "Program log: Please upgrade to SPL Token 2022 for immutable owner support",
        "Program TokenkegQfeZyiNwAJbNbGKPFXCWuBvf9Ss623VQ5DA consumed 1405 of 891186 compute units",
        "Program TokenkegQfeZyiNwAJbNbGKPFXCWuBvf9Ss623VQ5DA success",
        "Program TokenkegQfeZyiNwAJbNbGKPFXCWuBvf9Ss623VQ5DA invoke [2]",
        "Program log: Instruction: InitializeAccount3",
        "Program TokenkegQfeZyiNwAJbNbGKPFXCWuBvf9Ss623VQ5DA consumed 4188 of 887302 compute units",
        "Program TokenkegQfeZyiNwAJbNbGKPFXCWuBvf9Ss623VQ5DA success",
        "Program ATokenGPvbdGVxr1b2hvZbsiqW5xWH25efTNsLJA8knL consumed 20408 of 903218 compute units",
        "Program ATokenGPvbdGVxr1b2hvZbsiqW5xWH25efTNsLJA8knL success"
      ],
      "postBalances": [
        7974584426,
        2039280,
        2039280,
        2039280,
        2039280,
        2039280,
        1,
        747831958,
        940909142644,
        1461600,
        1,
        4674972223,
        76532917144,
        434006526828,
        494363747722,
        146606363361
      ],
      "postTokenBalances": [
        {
          "accountIndex": 1,
          "mint": "DnpyAdJ31QYGNzvSdhZQGtAZVuk4WfpZbmDdat8vTwok",
          "owner": "suqh5sHtr8HyJ7q8scBimULPkPpA557prMG47xCHQfK",
          "programId": "TokenkegQfeZyiNwAJbNbGKPFXCWuBvf9Ss623VQ5DA",
          "uiTokenAmount": {
            "amount": "0",
            "decimals": 6,
            "uiAmount": null,
            "uiAmountString": "0"
          }
        },
        {
          "accountIndex": 2,
          "mint": "DnpyAdJ31QYGNzvSdhZQGtAZVuk4WfpZbmDdat8vTwok",
          "owner": "EHg5YkU2SZBTvuT87rUsvxArGp3HLeye1fXaSDfuMyaf",
          "programId": "TokenkegQfeZyiNwAJbNbGKPFXCWuBvf9Ss623VQ5DA",
          "uiTokenAmount": {
            "amount": "0",
            "decimals": 6,
            "uiAmount": null,
            "uiAmountString": "0"
          }
        },
        {
          "accountIndex": 3,
          "mint": "DnpyAdJ31QYGNzvSdhZQGtAZVuk4WfpZbmDdat8vTwok",
          "owner": "CyaE1VxvBrahnPWkqm5VsdCvyS2QmNht2UFrKJHga54o",
          "programId": "TokenkegQfeZyiNwAJbNbGKPFXCWuBvf9Ss623VQ5DA",
          "uiTokenAmount": {
            "amount": "0",
            "decimals": 6,
            "uiAmount": null,
            "uiAmountString": "0"
          }
        },
        {
          "accountIndex": 4,
          "mint": "DnpyAdJ31QYGNzvSdhZQGtAZVuk4WfpZbmDdat8vTwok",
          "owner": "4BdKaxN8G6ka4GYtQQWk4G4dZRUTX2vQH9GcXdBREFUk",
          "programId": "TokenkegQfeZyiNwAJbNbGKPFXCWuBvf9Ss623VQ5DA",
          "uiTokenAmount": {
            "amount": "0",
            "decimals": 6,
            "uiAmount": null,
            "uiAmountString": "0"
          }
        },
        {
          "accountIndex": 5,
          "mint": "DnpyAdJ31QYGNzvSdhZQGtAZVuk4WfpZbmDdat8vTwok",
          "owner": "BTf4A2exGK9BCVDNzy65b9dUzXgMqB4weVkvTMFQsadd",
          "programId": "TokenkegQfeZyiNwAJbNbGKPFXCWuBvf9Ss623VQ5DA",
          "uiTokenAmount": {
            "amount": "0",
            "decimals": 6,
            "uiAmount": null,
            "uiAmountString": "0"
          }
        }
      ],
      "preBalances": [
        7985588226,
        0,
        0,
        0,
        0,
        0,
        1,
        747831958,
        940909142644,
        1461600,
        1,
        4674972223,
        76532917144,
        434006526828,
        494363747722,
        146606363361
      ],
      "preTokenBalances": [],
      "rewards": [],
      "status": {
        "Ok": null
      }
    },
    "slot": 364337182,
    "transaction": {
      "message": {
        "accountKeys": [
          "GssDZPpkzEx6QuGKwXgarHtt6bZA3EDf835zzMD1Yfwp",
          "482Bm48HVnSmnVu8irZukyurrDXwPYLCX65W54AYcdR2",
          "61mQySH7rYTs2PXNMww2YZjKAxATyEKw8AFTXfwatwH7",
          "4pjjRK7w8JZSB2w2iQfnhU6aNpbXuDEpZEnKhZMFtsuM",
          "8JFBnUxVH1kzr7gKgPuZNz4ijecb19Bqq4ux123uq57b",
          "Cujeb8dg5QDMWnAowjMw5yE7LQXhr47kdi1NCpBSDH8u",
          "ComputeBudget111111111111111111111111111111",
          "ATokenGPvbdGVxr1b2hvZbsiqW5xWH25efTNsLJA8knL",
          "suqh5sHtr8HyJ7q8scBimULPkPpA557prMG47xCHQfK",
          "DnpyAdJ31QYGNzvSdhZQGtAZVuk4WfpZbmDdat8vTwok",
          "11111111111111111111111111111111",
          "TokenkegQfeZyiNwAJbNbGKPFXCWuBvf9Ss623VQ5DA",
          "EHg5YkU2SZBTvuT87rUsvxArGp3HLeye1fXaSDfuMyaf",
          "CyaE1VxvBrahnPWkqm5VsdCvyS2QmNht2UFrKJHga54o",
          "4BdKaxN8G6ka4GYtQQWk4G4dZRUTX2vQH9GcXdBREFUk",
          "BTf4A2exGK9BCVDNzy65b9dUzXgMqB4weVkvTMFQsadd"
        ],
        "addressTableLookups": [],
        "header": {
          "numReadonlySignedAccounts": 0,
          "numReadonlyUnsignedAccounts": 10,
          "numRequiredSignatures": 1
        },
        "instructions": [
          {
            "accounts": [],
            "data": "3DVaC8fPXTwD",
            "programIdIndex": 6,
            "stackHeight": 1
          },
          {
            "accounts": [
              0,
              1,
              8,
              9,
              10,
              11
            ],
            "data": "",
            "programIdIndex": 7,
            "stackHeight": 1
          },
          {
            "accounts": [
              0,
              2,
              12,
              9,
              10,
              11
            ],
            "data": "",
            "programIdIndex": 7,
            "stackHeight": 1
          },
          {
            "accounts": [
              0,
              3,
              13,
              9,
              10,
              11
            ],
            "data": "",
            "programIdIndex": 7,
            "stackHeight": 1
          },
          {
            "accounts": [
              0,
              4,
              14,
              9,
              10,
              11
            ],
            "data": "",
            "programIdIndex": 7,
            "stackHeight": 1
          },
          {
            "accounts": [
              0,
              5,
              15,
              9,
              10,
              11
            ],
            "data": "",
            "programIdIndex": 7,
            "stackHeight": 1
          }
        ],
        "recentBlockhash": "EHx6y6pNkUHGJMtL4VBfxYxSqx4yk92vfL58FxwmD63s"
      },
      "signatures": [
        "2iFcCfgTeeVC9hVbcR8yKNsgmUTL5GeU6cSVd989wHzaqYMUzT9sr2z7VumiRdQ6mh5dVz5WUSjtUyx41LipYK6p"
      ]
    },
    "version": 0
  }
}
[EXECUTE_MASTER] ❌ Transaction not copyable. Reason: Balance analysis failed AND no known DEX instruction was found.
[2025-09-03T07:25:28.635Z] [monitor] [INFO] 🚀 New transaction detected for wallet As7HjL7d... | Sig: 3hidug1T... {}
[2025-09-03T07:25:28.685Z] [monitor] [INFO] 🎯 Transaction detected for As7HjL7d... | Sig: 3hidug1T... | Forwarding to analyzer... {}
🚀 FORWARDING COPY TRADE from monitor to executor:
   📍 Trader: As7H...SMB5
   🔑 Signature: 3hidug1T...
   📊 Has pre-fetched data: true
✅ Executor worker ready, forwarding message...
[2025-09-03T07:25:28.687Z] [executor] [INFO] 🚀 EXECUTING HIGH-SPEED COPY TRADE {
  traderWallet: 'As7H...SMB5',
  signature: '3hidug1T...',
  hasPreFetchedData: true
}
[PROCESS_SIG] 🎯 Processing signature for copy trade:
   📍 Source wallet: As7H...SMB5
   🔑 Signature: 3hid...NNDy
   📊 Has pre-fetched data: true
   📋 Pre-fetched data type: none
[EXECUTE_MASTER] 🔍 Starting analysis for transaction 3hid...NNDy...
[EXECUTE_MASTER] 📍 Source wallet: As7H...SMB5
[EXECUTE_MASTER] 📊 Pre-fetched data available: true
[ANALYZER-V5-HELIUS] Processing sig: 3hid...NNDy
[NOISE-FILTER] Error checking noise: programId.toBase58 is not a function
[ANALYZER] Using pre-fetched data, type: unknown
[ANALYZER] ✅ Transaction metadata looks good
[ANALYZER] 🔍 Starting core analysis...
[BalanceAnalysis] 🔍 Looking for trader As7H...SMB5 in 18 account keys...
[BalanceAnalysis] 📋 Account keys: 849E...m394, 3aFb...SqnA, 6cKz...uM2S, 5mz6...JB5w, 8ESd...7DU4, 9WZd...7CTn, 3gxt...GMwH, Comp...1111, ATok...8knL, DNfu...eBHm, CQ7G...pUSa, 1111...1111, Toke...Q5DA, HUpP...oes5, AVAZ...NXYm, 8zFZ...c7Zd, As7H...SMB5, EHg5...Myaf
[BalanceAnalysis] ✅ Trader found at index 16
[BalanceAnalysis] Trader As7H...SMB5 SOL change: 0 SOL (Raw: 0)
[BalanceAnalysis] Post-Token CQ7G...pUSa: +0 (Owner: As7H...SMB5)
[BalanceAnalysis] Final Token Changes Map: [ 'CQ7G...pUSa: 0' ]
[BalanceAnalysis] SOL Change Threshold for swap detection: 100 lamports.
[BalanceAnalysis] Result: No clear swap pattern detected based on SOL/Token movements.
SOL Change: 0 (Threshold: 100)
Received Mint: N/A, Amount: 0
Sent Mint: N/A, Amount: 0
[ANALYZER] Balance analysis result: {
  isSwap: false,
  reason: 'No clear swap balance change pattern detected.'
}
[ANALYZER] 🔍 Analyzing 24 instructions for DEX programs...
[ANALYZER] 📋 Instruction program ID: Toke...Q5DA
[ANALYZER] ❌ No platform match found for program ID: Toke...Q5DA
[ANALYZER] 📋 Instruction program ID: 1111...1111
[ANALYZER] ❌ No platform match found for program ID: 1111...1111
[ANALYZER] 📋 Instruction program ID: Toke...Q5DA
[ANALYZER] ❌ No platform match found for program ID: Toke...Q5DA
[ANALYZER] 📋 Instruction program ID: Toke...Q5DA
[ANALYZER] ❌ No platform match found for program ID: Toke...Q5DA
[ANALYZER] 📋 Instruction program ID: Toke...Q5DA
[ANALYZER] ❌ No platform match found for program ID: Toke...Q5DA
[ANALYZER] 📋 Instruction program ID: 1111...1111
[ANALYZER] ❌ No platform match found for program ID: 1111...1111
[ANALYZER] 📋 Instruction program ID: Toke...Q5DA
[ANALYZER] ❌ No platform match found for program ID: Toke...Q5DA
[ANALYZER] 📋 Instruction program ID: Toke...Q5DA
[ANALYZER] ❌ No platform match found for program ID: Toke...Q5DA
[ANALYZER] 📋 Instruction program ID: Toke...Q5DA
[ANALYZER] ❌ No platform match found for program ID: Toke...Q5DA
[ANALYZER] 📋 Instruction program ID: 1111...1111
[ANALYZER] ❌ No platform match found for program ID: 1111...1111
[ANALYZER] 📋 Instruction program ID: Toke...Q5DA
[ANALYZER] ❌ No platform match found for program ID: Toke...Q5DA
[ANALYZER] 📋 Instruction program ID: Toke...Q5DA
[ANALYZER] ❌ No platform match found for program ID: Toke...Q5DA
[ANALYZER] 📋 Instruction program ID: Toke...Q5DA
[ANALYZER] ❌ No platform match found for program ID: Toke...Q5DA
[ANALYZER] 📋 Instruction program ID: 1111...1111
[ANALYZER] ❌ No platform match found for program ID: 1111...1111
[ANALYZER] 📋 Instruction program ID: Toke...Q5DA
[ANALYZER] ❌ No platform match found for program ID: Toke...Q5DA
[ANALYZER] 📋 Instruction program ID: Toke...Q5DA
[ANALYZER] ❌ No platform match found for program ID: Toke...Q5DA
[ANALYZER] 📋 Instruction program ID: Toke...Q5DA
[ANALYZER] ❌ No platform match found for program ID: Toke...Q5DA
[ANALYZER] 📋 Instruction program ID: 1111...1111
[ANALYZER] ❌ No platform match found for program ID: 1111...1111
[ANALYZER] 📋 Instruction program ID: Toke...Q5DA
[ANALYZER] ❌ No platform match found for program ID: Toke...Q5DA
[ANALYZER] 📋 Instruction program ID: Toke...Q5DA
[ANALYZER] ❌ No platform match found for program ID: Toke...Q5DA
[ANALYZER] 📋 Instruction program ID: Toke...Q5DA
[ANALYZER] ❌ No platform match found for program ID: Toke...Q5DA
[ANALYZER] 📋 Instruction program ID: 1111...1111
[ANALYZER] ❌ No platform match found for program ID: 1111...1111
[ANALYZER] 📋 Instruction program ID: Toke...Q5DA
[ANALYZER] ❌ No platform match found for program ID: Toke...Q5DA
[ANALYZER] 📋 Instruction program ID: Toke...Q5DA
[ANALYZER] ❌ No platform match found for program ID: Toke...Q5DA
[ANALYZER] 📊 Analysis Summary:
[ANALYZER]   - Balance Analysis: ❌ No swap
[ANALYZER]   - Instruction Analysis: ❌ No DEX
[ANALYZER]   - Balance Details: None
[ANALYZER]   - Instruction Details: {
  found: false,
  dexPlatform: 'Unknown DEX',
  platformProgramId: null,
  platformSpecificData: {}
}
[ANALYZER] ❌ Both analyses failed. Transaction not copyable.
[EXECUTE_MASTER] 📊 Analysis result: {
  "isCopyable": false,
  "reason": "Balance analysis failed AND no known DEX instruction was found.",
  "rawTransaction": {
    "blockTime": 1756881930,
    "meta": {
      "computeUnitsConsumed": 128598,
      "costUnits": 131484,
      "err": null,
      "fee": 967400,
      "innerInstructions": [
        {
          "index": 1,
          "instructions": [
            {
              "accounts": [
                10
              ],
              "data": "84eT",
              "programIdIndex": 12,
              "stackHeight": 2
            },
            {
              "accounts": [
                0,
                1
              ],
              "data": "11119os1e9qSs2u7TsThXqkBSRVFxhmYaFKFZ1waB2X7armDmvK3p5GmLdUxYdg3h7QSrL",
              "programIdIndex": 11,
              "stackHeight": 2
            },
            {
              "accounts": [
                1
              ],
              "data": "P",
              "programIdIndex": 12,
              "stackHeight": 2
            },
            {
              "accounts": [
                1,
                10
              ],
              "data": "6ZWNaBCrtKMnomXutfuh6TEheVP5X8opYmwuJGD9nwKij",
              "programIdIndex": 12,
              "stackHeight": 2
            }
          ]
        },
        {
          "index": 2,
          "instructions": [
            {
              "accounts": [
                10
              ],
              "data": "84eT",
              "programIdIndex": 12,
              "stackHeight": 2
            },
            {
              "accounts": [
                0,
                2
              ],
              "data": "11119os1e9qSs2u7TsThXqkBSRVFxhmYaFKFZ1waB2X7armDmvK3p5GmLdUxYdg3h7QSrL",
              "programIdIndex": 11,
              "stackHeight": 2
            },
            {
              "accounts": [
                2
              ],
              "data": "P",
              "programIdIndex": 12,
              "stackHeight": 2
            },
            {
              "accounts": [
                2,
                10
              ],
              "data": "6dcX4uXzvcMzhTewZs9iJWDkqboVmon6yPDapU3W36oJ3",
              "programIdIndex": 12,
              "stackHeight": 2
            }
          ]
        },
        {
          "index": 3,
          "instructions": [
            {
              "accounts": [
                10
              ],
              "data": "84eT",
              "programIdIndex": 12,
              "stackHeight": 2
            },
            {
              "accounts": [
                0,
                3
              ],
              "data": "11119os1e9qSs2u7TsThXqkBSRVFxhmYaFKFZ1waB2X7armDmvK3p5GmLdUxYdg3h7QSrL",
              "programIdIndex": 11,
              "stackHeight": 2
            },
            {
              "accounts": [
                3
              ],
              "data": "P",
              "programIdIndex": 12,
              "stackHeight": 2
            },
            {
              "accounts": [
                3,
                10
              ],
              "data": "6WcsErUsDKEtM5hkeGgjQLUPknS11PeFJzfn2aZmDffyj",
              "programIdIndex": 12,
              "stackHeight": 2
            }
          ]
        },
        {
          "index": 4,
          "instructions": [
            {
              "accounts": [
                10
              ],
              "data": "84eT",
              "programIdIndex": 12,
              "stackHeight": 2
            },
            {
              "accounts": [
                0,
                4
              ],
              "data": "11119os1e9qSs2u7TsThXqkBSRVFxhmYaFKFZ1waB2X7armDmvK3p5GmLdUxYdg3h7QSrL",
              "programIdIndex": 11,
              "stackHeight": 2
            },
            {
              "accounts": [
                4
              ],
              "data": "P",
              "programIdIndex": 12,
              "stackHeight": 2
            },
            {
              "accounts": [
                4,
                10
              ],
              "data": "6V7xEE6yEC56jRuCpBRCHTDVJpGXscEmjvATA9S6WuFzb",
              "programIdIndex": 12,
              "stackHeight": 2
            }
          ]
        },
        {
          "index": 5,
          "instructions": [
            {
              "accounts": [
                10
              ],
              "data": "84eT",
              "programIdIndex": 12,
              "stackHeight": 2
            },
            {
              "accounts": [
                0,
                5
              ],
              "data": "11119os1e9qSs2u7TsThXqkBSRVFxhmYaFKFZ1waB2X7armDmvK3p5GmLdUxYdg3h7QSrL",
              "programIdIndex": 11,
              "stackHeight": 2
            },
            {
              "accounts": [
                5
              ],
              "data": "P",
              "programIdIndex": 12,
              "stackHeight": 2
            },
            {
              "accounts": [
                5,
                10
              ],
              "data": "6WzoxfXeSHrCRh5fj8fQFG2ZFJVJQSW2s2LhDRJyZjVc3",
              "programIdIndex": 12,
              "stackHeight": 2
            }
          ]
        },
        {
          "index": 6,
          "instructions": [
            {
              "accounts": [
                10
              ],
              "data": "84eT",
              "programIdIndex": 12,
              "stackHeight": 2
            },
            {
              "accounts": [
                0,
                6
              ],
              "data": "11119os1e9qSs2u7TsThXqkBSRVFxhmYaFKFZ1waB2X7armDmvK3p5GmLdUxYdg3h7QSrL",
              "programIdIndex": 11,
              "stackHeight": 2
            },
            {
              "accounts": [
                6
              ],
              "data": "P",
              "programIdIndex": 12,
              "stackHeight": 2
            },
            {
              "accounts": [
                6,
                10
              ],
              "data": "6aRNkUwzpjQTJCPYeD1gDQvcEmhd6kQFLiahRvoMif81d",
              "programIdIndex": 12,
              "stackHeight": 2
            }
          ]
        }
      ],
      "loadedAddresses": {
        "readonly": [],
        "writable": []
      },
      "logMessages": [
        "Program ComputeBudget111111111111111111111111111111 invoke [1]",
        "Program ComputeBudget111111111111111111111111111111 success",
        "Program ATokenGPvbdGVxr1b2hvZbsiqW5xWH25efTNsLJA8knL invoke [1]",
        "Program log: Create",
        "Program TokenkegQfeZyiNwAJbNbGKPFXCWuBvf9Ss623VQ5DA invoke [2]",
        "Program log: Instruction: GetAccountDataSize",
        "Program TokenkegQfeZyiNwAJbNbGKPFXCWuBvf9Ss623VQ5DA consumed 1569 of 1195905 compute units",
        "Program return: TokenkegQfeZyiNwAJbNbGKPFXCWuBvf9Ss623VQ5DA pQAAAAAAAAA=",
        "Program TokenkegQfeZyiNwAJbNbGKPFXCWuBvf9Ss623VQ5DA success",
        "Program 11111111111111111111111111111111 invoke [2]",
        "Program 11111111111111111111111111111111 success",
        "Program log: Initialize the associated token account",
        "Program TokenkegQfeZyiNwAJbNbGKPFXCWuBvf9Ss623VQ5DA invoke [2]",
        "Program log: Instruction: InitializeImmutableOwner",
        "Program log: Please upgrade to SPL Token 2022 for immutable owner support",
        "Program TokenkegQfeZyiNwAJbNbGKPFXCWuBvf9Ss623VQ5DA consumed 1405 of 1189318 compute units",
        "Program TokenkegQfeZyiNwAJbNbGKPFXCWuBvf9Ss623VQ5DA success",
        "Program TokenkegQfeZyiNwAJbNbGKPFXCWuBvf9Ss623VQ5DA invoke [2]",
        "Program log: Instruction: InitializeAccount3",
        "Program TokenkegQfeZyiNwAJbNbGKPFXCWuBvf9Ss623VQ5DA consumed 4188 of 1185434 compute units",
        "Program TokenkegQfeZyiNwAJbNbGKPFXCWuBvf9Ss623VQ5DA success",
        "Program ATokenGPvbdGVxr1b2hvZbsiqW5xWH25efTNsLJA8knL consumed 21908 of 1202850 compute units",
        "Program ATokenGPvbdGVxr1b2hvZbsiqW5xWH25efTNsLJA8knL success",
        "Program ATokenGPvbdGVxr1b2hvZbsiqW5xWH25efTNsLJA8knL invoke [1]",
        "Program log: Create",
        "Program TokenkegQfeZyiNwAJbNbGKPFXCWuBvf9Ss623VQ5DA invoke [2]",
        "Program log: Instruction: GetAccountDataSize",
        "Program TokenkegQfeZyiNwAJbNbGKPFXCWuBvf9Ss623VQ5DA consumed 1569 of 1173997 compute units",
        "Program return: TokenkegQfeZyiNwAJbNbGKPFXCWuBvf9Ss623VQ5DA pQAAAAAAAAA=",
        "Program TokenkegQfeZyiNwAJbNbGKPFXCWuBvf9Ss623VQ5DA success",
        "Program 11111111111111111111111111111111 invoke [2]",
        "Program 11111111111111111111111111111111 success",
        "Program log: Initialize the associated token account",
        "Program TokenkegQfeZyiNwAJbNbGKPFXCWuBvf9Ss623VQ5DA invoke [2]",
        "Program log: Instruction: InitializeImmutableOwner",
        "Program log: Please upgrade to SPL Token 2022 for immutable owner support",
        "Program TokenkegQfeZyiNwAJbNbGKPFXCWuBvf9Ss623VQ5DA consumed 1405 of 1167410 compute units",
        "Program TokenkegQfeZyiNwAJbNbGKPFXCWuBvf9Ss623VQ5DA success",
        "Program TokenkegQfeZyiNwAJbNbGKPFXCWuBvf9Ss623VQ5DA invoke [2]",
        "Program log: Instruction: InitializeAccount3",
        "Program TokenkegQfeZyiNwAJbNbGKPFXCWuBvf9Ss623VQ5DA consumed 4188 of 1163526 compute units",
        "Program TokenkegQfeZyiNwAJbNbGKPFXCWuBvf9Ss623VQ5DA success",
        "Program ATokenGPvbdGVxr1b2hvZbsiqW5xWH25efTNsLJA8knL consumed 21908 of 1180942 compute units",
        "Program ATokenGPvbdGVxr1b2hvZbsiqW5xWH25efTNsLJA8knL success",
        "Program ATokenGPvbdGVxr1b2hvZbsiqW5xWH25efTNsLJA8knL invoke [1]",
        "Program log: Create",
        "Program TokenkegQfeZyiNwAJbNbGKPFXCWuBvf9Ss623VQ5DA invoke [2]",
        "Program log: Instruction: GetAccountDataSize",
        "Program TokenkegQfeZyiNwAJbNbGKPFXCWuBvf9Ss623VQ5DA consumed 1569 of 1153589 compute units",
        "Program return: TokenkegQfeZyiNwAJbNbGKPFXCWuBvf9Ss623VQ5DA pQAAAAAAAAA=",
        "Program TokenkegQfeZyiNwAJbNbGKPFXCWuBvf9Ss623VQ5DA success",
        "Program 11111111111111111111111111111111 invoke [2]",
        "Program 11111111111111111111111111111111 success",
        "Program log: Initialize the associated token account",
        "Program TokenkegQfeZyiNwAJbNbGKPFXCWuBvf9Ss623VQ5DA invoke [2]",
        "Program log: Instruction: InitializeImmutableOwner",
        "Program log: Please upgrade to SPL Token 2022 for immutable owner support",
        "Program TokenkegQfeZyiNwAJbNbGKPFXCWuBvf9Ss623VQ5DA consumed 1405 of 1147002 compute units",
        "Program TokenkegQfeZyiNwAJbNbGKPFXCWuBvf9Ss623VQ5DA success",
        "Program TokenkegQfeZyiNwAJbNbGKPFXCWuBvf9Ss623VQ5DA invoke [2]",
        "Program log: Instruction: InitializeAccount3",
        "Program TokenkegQfeZyiNwAJbNbGKPFXCWuBvf9Ss623VQ5DA consumed 4188 of 1143118 compute units",
        "Program TokenkegQfeZyiNwAJbNbGKPFXCWuBvf9Ss623VQ5DA success",
        "Program ATokenGPvbdGVxr1b2hvZbsiqW5xWH25efTNsLJA8knL consumed 20408 of 1159034 compute units",
        "Program ATokenGPvbdGVxr1b2hvZbsiqW5xWH25efTNsLJA8knL success",
        "Program ATokenGPvbdGVxr1b2hvZbsiqW5xWH25efTNsLJA8knL invoke [1]",
        "Program log: Create",
        "Program TokenkegQfeZyiNwAJbNbGKPFXCWuBvf9Ss623VQ5DA invoke [2]",
        "Program log: Instruction: GetAccountDataSize",
        "Program TokenkegQfeZyiNwAJbNbGKPFXCWuBvf9Ss623VQ5DA consumed 1569 of 1130181 compute units",
        "Program return: TokenkegQfeZyiNwAJbNbGKPFXCWuBvf9Ss623VQ5DA pQAAAAAAAAA=",
        "Program TokenkegQfeZyiNwAJbNbGKPFXCWuBvf9Ss623VQ5DA success",
        "Program 11111111111111111111111111111111 invoke [2]",
        "Program 11111111111111111111111111111111 success",
        "Program log: Initialize the associated token account",
        "Program TokenkegQfeZyiNwAJbNbGKPFXCWuBvf9Ss623VQ5DA invoke [2]",
        "Program log: Instruction: InitializeImmutableOwner",
        "Program log: Please upgrade to SPL Token 2022 for immutable owner support",
        "Program TokenkegQfeZyiNwAJbNbGKPFXCWuBvf9Ss623VQ5DA consumed 1405 of 1123594 compute units",
        "Program TokenkegQfeZyiNwAJbNbGKPFXCWuBvf9Ss623VQ5DA success",
        "Program TokenkegQfeZyiNwAJbNbGKPFXCWuBvf9Ss623VQ5DA invoke [2]",
        "Program log: Instruction: InitializeAccount3",
        "Program TokenkegQfeZyiNwAJbNbGKPFXCWuBvf9Ss623VQ5DA consumed 4188 of 1119710 compute units",
        "Program TokenkegQfeZyiNwAJbNbGKPFXCWuBvf9Ss623VQ5DA success",
        "Program ATokenGPvbdGVxr1b2hvZbsiqW5xWH25efTNsLJA8knL consumed 23408 of 1138626 compute units",
        "Program ATokenGPvbdGVxr1b2hvZbsiqW5xWH25efTNsLJA8knL success",
        "Program ATokenGPvbdGVxr1b2hvZbsiqW5xWH25efTNsLJA8knL invoke [1]",
        "Program log: Create",
        "Program TokenkegQfeZyiNwAJbNbGKPFXCWuBvf9Ss623VQ5DA invoke [2]",
        "Program log: Instruction: GetAccountDataSize",
        "Program TokenkegQfeZyiNwAJbNbGKPFXCWuBvf9Ss623VQ5DA consumed 1569 of 1109773 compute units",
        "Program return: TokenkegQfeZyiNwAJbNbGKPFXCWuBvf9Ss623VQ5DA pQAAAAAAAAA=",
        "Program TokenkegQfeZyiNwAJbNbGKPFXCWuBvf9Ss623VQ5DA success",
        "Program 11111111111111111111111111111111 invoke [2]",
        "Program 11111111111111111111111111111111 success",
        "Program log: Initialize the associated token account",
        "Program TokenkegQfeZyiNwAJbNbGKPFXCWuBvf9Ss623VQ5DA invoke [2]",
        "Program log: Instruction: InitializeImmutableOwner",
        "Program log: Please upgrade to SPL Token 2022 for immutable owner support",
        "Program TokenkegQfeZyiNwAJbNbGKPFXCWuBvf9Ss623VQ5DA consumed 1405 of 1103186 compute units",
        "Program TokenkegQfeZyiNwAJbNbGKPFXCWuBvf9Ss623VQ5DA success",
        "Program TokenkegQfeZyiNwAJbNbGKPFXCWuBvf9Ss623VQ5DA invoke [2]",
        "Program log: Instruction: InitializeAccount3",
        "Program TokenkegQfeZyiNwAJbNbGKPFXCWuBvf9Ss623VQ5DA consumed 4188 of 1099302 compute units",
        "Program TokenkegQfeZyiNwAJbNbGKPFXCWuBvf9Ss623VQ5DA success",
        "Program ATokenGPvbdGVxr1b2hvZbsiqW5xWH25efTNsLJA8knL consumed 20408 of 1115218 compute units",
        "Program ATokenGPvbdGVxr1b2hvZbsiqW5xWH25efTNsLJA8knL success",
        "Program ATokenGPvbdGVxr1b2hvZbsiqW5xWH25efTNsLJA8knL invoke [1]",
        "Program log: Create",
        "Program TokenkegQfeZyiNwAJbNbGKPFXCWuBvf9Ss623VQ5DA invoke [2]",
        "Program log: Instruction: GetAccountDataSize",
        "Program TokenkegQfeZyiNwAJbNbGKPFXCWuBvf9Ss623VQ5DA consumed 1569 of 1089365 compute units",
        "Program return: TokenkegQfeZyiNwAJbNbGKPFXCWuBvf9Ss623VQ5DA pQAAAAAAAAA=",
        "Program TokenkegQfeZyiNwAJbNbGKPFXCWuBvf9Ss623VQ5DA success",
        "Program 11111111111111111111111111111111 invoke [2]",
        "Program 11111111111111111111111111111111 success",
        "Program log: Initialize the associated token account",
        "Program TokenkegQfeZyiNwAJbNbGKPFXCWuBvf9Ss623VQ5DA invoke [2]",
        "Program log: Instruction: InitializeImmutableOwner",
        "Program log: Please upgrade to SPL Token 2022 for immutable owner support",
        "Program TokenkegQfeZyiNwAJbNbGKPFXCWuBvf9Ss623VQ5DA consumed 1405 of 1082778 compute units",
        "Program TokenkegQfeZyiNwAJbNbGKPFXCWuBvf9Ss623VQ5DA success",
        "Program TokenkegQfeZyiNwAJbNbGKPFXCWuBvf9Ss623VQ5DA invoke [2]",
        "Program log: Instruction: InitializeAccount3",
        "Program TokenkegQfeZyiNwAJbNbGKPFXCWuBvf9Ss623VQ5DA consumed 4188 of 1078894 compute units",
        "Program TokenkegQfeZyiNwAJbNbGKPFXCWuBvf9Ss623VQ5DA success",
        "Program ATokenGPvbdGVxr1b2hvZbsiqW5xWH25efTNsLJA8knL consumed 20408 of 1094810 compute units",
        "Program ATokenGPvbdGVxr1b2hvZbsiqW5xWH25efTNsLJA8knL success"
      ],
      "postBalances": [
        12311374937,
        2039280,
        2039280,
        2039280,
        2039280,
        2039280,
        2039280,
        1,
        747831958,
        516179958061,
        1461600,
        1,
        4674972223,
        643298736562,
        2705938164,
        750337259,
        55636092003,
        76532917144
      ],
      "postTokenBalances": [
        {
          "accountIndex": 1,
          "mint": "CQ7GRK3WskSRYA4ioB5LZQE3hygVgegwXPjsfZkQpUSa",
          "owner": "DNfuF1L62WWyW3pNakVkyGGFzVVhj4Yr52jSmdTyeBHm",
          "programId": "TokenkegQfeZyiNwAJbNbGKPFXCWuBvf9Ss623VQ5DA",
          "uiTokenAmount": {
            "amount": "0",
            "decimals": 6,
            "uiAmount": null,
            "uiAmountString": "0"
          }
        },
        {
          "accountIndex": 2,
          "mint": "CQ7GRK3WskSRYA4ioB5LZQE3hygVgegwXPjsfZkQpUSa",
          "owner": "HUpPyLU8KWisCAr3mzWy2FKT6uuxQ2qGgJQxyTpDoes5",
          "programId": "TokenkegQfeZyiNwAJbNbGKPFXCWuBvf9Ss623VQ5DA",
          "uiTokenAmount": {
            "amount": "0",
            "decimals": 6,
            "uiAmount": null,
            "uiAmountString": "0"
          }
        },
        {
          "accountIndex": 3,
          "mint": "CQ7GRK3WskSRYA4ioB5LZQE3hygVgegwXPjsfZkQpUSa",
          "owner": "AVAZvHLR2PcWpDf8BXY4rVxNHYRBytycHkcB5z5QNXYm",
          "programId": "TokenkegQfeZyiNwAJbNbGKPFXCWuBvf9Ss623VQ5DA",
          "uiTokenAmount": {
            "amount": "0",
            "decimals": 6,
            "uiAmount": null,
            "uiAmountString": "0"
          }
        },
        {
          "accountIndex": 4,
          "mint": "CQ7GRK3WskSRYA4ioB5LZQE3hygVgegwXPjsfZkQpUSa",
          "owner": "8zFZHuSRuDpuAR7J6FzwyF3vKNx4CVW3DFHJerQhc7Zd",
          "programId": "TokenkegQfeZyiNwAJbNbGKPFXCWuBvf9Ss623VQ5DA",
          "uiTokenAmount": {
            "amount": "0",
            "decimals": 6,
            "uiAmount": null,
            "uiAmountString": "0"
          }
        },
        {
          "accountIndex": 5,
          "mint": "CQ7GRK3WskSRYA4ioB5LZQE3hygVgegwXPjsfZkQpUSa",
          "owner": "As7HjL7dzzvbRbaD3WCun47robib2kmAKRXMvjHkSMB5",
          "programId": "TokenkegQfeZyiNwAJbNbGKPFXCWuBvf9Ss623VQ5DA",
          "uiTokenAmount": {
            "amount": "0",
            "decimals": 6,
            "uiAmount": null,
            "uiAmountString": "0"
          }
        },
        {
          "accountIndex": 6,
          "mint": "CQ7GRK3WskSRYA4ioB5LZQE3hygVgegwXPjsfZkQpUSa",
          "owner": "EHg5YkU2SZBTvuT87rUsvxArGp3HLeye1fXaSDfuMyaf",
          "programId": "TokenkegQfeZyiNwAJbNbGKPFXCWuBvf9Ss623VQ5DA",
          "uiTokenAmount": {
            "amount": "0",
            "decimals": 6,
            "uiAmount": null,
            "uiAmountString": "0"
          }
        }
      ],
      "preBalances": [
        12324578017,
        0,
        0,
        0,
        0,
        0,
        0,
        1,
        747831958,
        516179958061,
        1461600,
        1,
        4674972223,
        643298736562,
        2705938164,
        750337259,
        55636092003,
        76532917144
      ],
      "preTokenBalances": [],
      "rewards": [],
      "status": {
        "Ok": null
      }
    },
    "slot": 364331624,
    "transaction": {
      "message": {
        "accountKeys": [
          "849ETHzFqncauUT6hynp7w61fHZiSxUkzPck1jSbm394",
          "3aFbGrosSTLwUzyMnsbqfemLvebu22JDcH17E648SqnA",
          "6cKz7Vs3VhBPgQ6Y3QExMHAWjmejYAwYiWNDNZ66uM2S",
          "5mz6pzgMsgQLB62LnvxWdgUMTB6Mzsm8MWDqWjXRJB5w",
          "8ESdsUu4HR6sr3oh9kZ87Arun8J9vZDseGAJdZZZ7DU4",
          "9WZduUNYabSp2N3wuTgmbw4BmCquuv7JvMQ539G77CTn",
          "3gxtTDfQiNvR3etzexqfMDNx4MBJC44UZvLrUUSmGMwH",
          "ComputeBudget111111111111111111111111111111",
          "ATokenGPvbdGVxr1b2hvZbsiqW5xWH25efTNsLJA8knL",
          "DNfuF1L62WWyW3pNakVkyGGFzVVhj4Yr52jSmdTyeBHm",
          "CQ7GRK3WskSRYA4ioB5LZQE3hygVgegwXPjsfZkQpUSa",
          "11111111111111111111111111111111",
          "TokenkegQfeZyiNwAJbNbGKPFXCWuBvf9Ss623VQ5DA",
          "HUpPyLU8KWisCAr3mzWy2FKT6uuxQ2qGgJQxyTpDoes5",
          "AVAZvHLR2PcWpDf8BXY4rVxNHYRBytycHkcB5z5QNXYm",
          "8zFZHuSRuDpuAR7J6FzwyF3vKNx4CVW3DFHJerQhc7Zd",
          "As7HjL7dzzvbRbaD3WCun47robib2kmAKRXMvjHkSMB5",
          "EHg5YkU2SZBTvuT87rUsvxArGp3HLeye1fXaSDfuMyaf"
        ],
        "addressTableLookups": [],
        "header": {
          "numReadonlySignedAccounts": 0,
          "numReadonlyUnsignedAccounts": 11,
          "numRequiredSignatures": 1
        },
        "instructions": [
          {
            "accounts": [],
            "data": "3DVaC8fPXTwD",
            "programIdIndex": 7,
            "stackHeight": 1
          },
          {
            "accounts": [
              0,
              1,
              9,
              10,
              11,
              12
            ],
            "data": "",
            "programIdIndex": 8,
            "stackHeight": 1
          },
          {
            "accounts": [
              0,
              2,
              13,
              10,
              11,
              12
            ],
            "data": "",
            "programIdIndex": 8,
            "stackHeight": 1
          },
          {
            "accounts": [
              0,
              3,
              14,
              10,
              11,
              12
            ],
            "data": "",
            "programIdIndex": 8,
            "stackHeight": 1
          },
          {
            "accounts": [
              0,
              4,
              15,
              10,
              11,
              12
            ],
            "data": "",
            "programIdIndex": 8,
            "stackHeight": 1
          },
          {
            "accounts": [
              0,
              5,
              16,
              10,
              11,
              12
            ],
            "data": "",
            "programIdIndex": 8,
            "stackHeight": 1
          },
          {
            "accounts": [
              0,
              6,
              17,
              10,
              11,
              12
            ],
            "data": "",
            "programIdIndex": 8,
            "stackHeight": 1
          }
        ],
        "recentBlockhash": "4QFMnma6AdbjuJaQ4GEJ9SeNnoYkAZyf1GThDH633AAP"
      },
      "signatures": [
        "3hidug1TZSAat4VNdNxXnM9P1ccsF2RfAH7P4ksfQLJZDgdfQ873BHCRHz4wJFpktg3ewiYu7CnjhDBeiYW9NNDy"
      ]
    },
    "version": 0
  }
}
[EXECUTE_MASTER] ❌ Transaction not copyable. Reason: Balance analysis failed AND no known DEX instruction was found.
[2025-09-03T07:25:28.774Z] [monitor] [INFO] 🚀 New transaction detected for wallet 96sErVjE... | Sig: 4i1FpM4P... {}
[2025-09-03T07:25:28.821Z] [monitor] [INFO] 🎯 Transaction detected for 96sErVjE... | Sig: 4i1FpM4P... | Forwarding to analyzer... {}
🚀 FORWARDING COPY TRADE from monitor to executor:
   📍 Trader: 96sE...LKBf
   🔑 Signature: 4i1FpM4P...
   📊 Has pre-fetched data: true
✅ Executor worker ready, forwarding message...
[2025-09-03T07:25:28.822Z] [executor] [INFO] 🚀 EXECUTING HIGH-SPEED COPY TRADE {
  traderWallet: '96sE...LKBf',
  signature: '4i1FpM4P...',
  hasPreFetchedData: true
}
[PROCESS_SIG] 🎯 Processing signature for copy trade:
   📍 Source wallet: 96sE...LKBf
   🔑 Signature: 4i1F...J5wW
   📊 Has pre-fetched data: true
   📋 Pre-fetched data type: none
[EXECUTE_MASTER] 🔍 Starting analysis for transaction 4i1F...J5wW...
[EXECUTE_MASTER] 📍 Source wallet: 96sE...LKBf
[EXECUTE_MASTER] 📊 Pre-fetched data available: true
[ANALYZER-V5-HELIUS] Processing sig: 4i1F...J5wW
[NOISE-FILTER] Error checking noise: programId.toBase58 is not a function
[ANALYZER] Using pre-fetched data, type: unknown
[ANALYZER] ✅ Transaction metadata looks good
[ANALYZER] 🔍 Starting core analysis...
[BalanceAnalysis] 🔍 Looking for trader 96sE...LKBf in 16 account keys...
[BalanceAnalysis] 📋 Account keys: 96sE...LKBf, 9BEd...MNa5, CQQ4...c25G, 4Sft...zMV5, CyyX...1PKA, 7U3i...ytJb, 7toB...YnEK, Comp...1111, jito...otGg, 9Fox...yVyX, ATok...8knL, EkXV...pump, 1111...1111, 6EF8...wF6P, 8Wf5...VwTt, pfee...ojVZ
[BalanceAnalysis] ✅ Trader found at index 0
[BalanceAnalysis] Trader 96sE...LKBf SOL change: 2.15376006 SOL (Raw: 2153760060)
[BalanceAnalysis] Pre-Token EkXV...pump: -54509130300116 (Owner: 96sE...LKBf)
[BalanceAnalysis] Post-Token EkXV...pump: +0 (Owner: 96sE...LKBf)
[BalanceAnalysis] Final Token Changes Map: [ 'EkXV...pump: -54509130300116' ]
[BalanceAnalysis] SOL Change Threshold for swap detection: 100 lamports.
[BalanceAnalysis] ✅ SELL Detected (SOL in, Token out). SOL change: 2153760060, Token sent: EkXV...pump
[ANALYZER] Balance analysis result: {
  isSwap: true,
  details: {
    tradeType: 'sell',
    inputMint: 'EkXVbLSkReqJvbKZCi46YKgBmdgRzH2cVnKSQ9jKpump',
    outputMint: 'So11111111111111111111111111111111111111112',
    inputAmountRaw: '54509130300116',
    outputAmountRaw: '2153760060',
    tokenDecimals: 6
  }
}
[ANALYZER] 🔍 Analyzing 3 instructions for DEX programs...
[ANALYZER] 📋 Instruction program ID: pfee...ojVZ
[ANALYZER] ❌ No platform match found for program ID: pfee...ojVZ
[ANALYZER] ⚠️ Could not resolve program ID for instruction: {
  accounts: [ 2, 4, 0 ],
  data: '3pxST2YS6JWK',
  programIdIndex: 19,
  stackHeight: 2
}
[ANALYZER] 📋 Instruction program ID: 6EF8...wF6P
[ANALYZER] ✅ Found matching platform: PUMP_FUN_VARIANT -> Pump.fun
[ANALYZER] 📊 Analysis Summary:
[ANALYZER]   - Balance Analysis: ✅ SWAP DETECTED
[ANALYZER]   - Instruction Analysis: ✅ DEX FOUND
[ANALYZER]   - Balance Details: {
  tradeType: 'sell',
  inputMint: 'EkXVbLSkReqJvbKZCi46YKgBmdgRzH2cVnKSQ9jKpump',
  outputMint: 'So11111111111111111111111111111111111111112',
  inputAmountRaw: '54509130300116',
  outputAmountRaw: '2153760060',
  tokenDecimals: 6
}
[ANALYZER]   - Instruction Details: {
  found: true,
  dexPlatform: 'Pump.fun',
  platformProgramId: '6EF8rrecthR5Dkzon8Nwu78hRvfCKubJ14M5uBEwF6P',
  platformSpecificData: {}
}
[ANALYZER] 🔄 Combined swap details: {
  found: true,
  dexPlatform: 'Pump.fun',
  platformProgramId: '6EF8rrecthR5Dkzon8Nwu78hRvfCKubJ14M5uBEwF6P',
  platformSpecificData: {},
  tradeType: 'sell',
  inputMint: 'EkXVbLSkReqJvbKZCi46YKgBmdgRzH2cVnKSQ9jKpump',
  outputMint: 'So11111111111111111111111111111111111111112',
  inputAmountRaw: '54509130300116',
  outputAmountRaw: '2153760060',
  tokenDecimals: 6
}
[ANALYZER] 🎉 SUCCESS! Transaction is copyable: { platform: 'Pump.fun', type: 'sell', token: 'So11...1112' }
[EXECUTE_MASTER] 📊 Analysis result: {
  "isCopyable": true,
  "reason": "Trade detected on Pump.fun.",
  "rawTransaction": {
    "blockTime": 1756884247,
    "meta": {
      "computeUnitsConsumed": 55665,
      "costUnits": 59470,
      "err": null,
      "fee": 7005000,
      "innerInstructions": [
        {
          "index": 4,
          "instructions": [
            {
              "accounts": [
                14,
                13
              ],
              "data": "2BfZXS1GQrCLZ1MsuY8SyvwzZdw89HhrnTkMj7PMhCrT9q",
              "programIdIndex": 15,
              "stackHeight": 2
            },
            {
              "accounts": [
                2,
                4,
                0
              ],
              "data": "3pxST2YS6JWK",
              "programIdIndex": 19,
              "stackHeight": 2
            },
            {
              "accounts": [
                21
              ],
              "data": "3ck7szVsdFfRDqrKq3Yie3NUwk415TJvnWMgQEXjD3rr54sSsXa7K5wu1iGBmsjMfx8v9QQuZqVUa3QKWLnAXJDNVWZc4f8UYZGP6oxVUFoQi7Xr3A3Mv7ET9Lx3HKSiqGNHUKXUAVfHeCtciHqEjSzMvrNB1AKwXWnoNB9VGL85w8w3oRrdBhVyeK1ob4o3t1RLGuHpmAGpFobfT79WNAYP9RzPtT1Xe19MyJ3sdzx8FsYnxNM69u5KDntHR9iAo4cbbii99VivU1qdrHLku1yvDbpMw1Dtb3Sx21VFK1Vv8LTnEGr938Z5zNRNuv7ru8oVyoZRrQUt3ptgg68z2qqmn2y2tMJwVWb2rSbcZmf5",
              "programIdIndex": 13,
              "stackHeight": 2
            }
          ]
        }
      ],
      "loadedAddresses": {
        "readonly": [
          "TokenkegQfeZyiNwAJbNbGKPFXCWuBvf9Ss623VQ5DA",
          "4wTV1YmiEkRvAtNtsSGPtUrqRYQMe5SKy2uB4Jjaxnjf",
          "Ce6TQqeHC9p8KetsN6JsjHK7UTZk7nasjjnr7XxXp9F1"
        ],
        "writable": [
          "62qc2CNXwrYqQScmEdiZFFAnJR262PxWEuNQtxfafNgV",
          "J5XGHmzrRmnYWbmw45DbYkdZAU2bwERFZ11qCDXPvFB5",
          "DoAsxPQgiyAxyaJNvpAAUb2ups6rbJRdYrCPyWxwRxBb"
        ]
      },
      "logMessages": [
        "Program ComputeBudget111111111111111111111111111111 invoke [1]",
        "Program ComputeBudget111111111111111111111111111111 success",
        "Program ComputeBudget111111111111111111111111111111 invoke [1]",
        "Program ComputeBudget111111111111111111111111111111 success",
        "Program 9Fox6i7oT8p4qHn76Qj3dks8RRMGsXQyfMSBScA5yVyX invoke [1]",
        "Program log: Instruction: ValidateNonce",
        "Program 9Fox6i7oT8p4qHn76Qj3dks8RRMGsXQyfMSBScA5yVyX consumed 5235 of 179700 compute units",
        "Program 9Fox6i7oT8p4qHn76Qj3dks8RRMGsXQyfMSBScA5yVyX success",
        "Program ATokenGPvbdGVxr1b2hvZbsiqW5xWH25efTNsLJA8knL invoke [1]",
        "Program log: CreateIdempotent",
        "Program ATokenGPvbdGVxr1b2hvZbsiqW5xWH25efTNsLJA8knL consumed 4338 of 174465 compute units",
        "Program ATokenGPvbdGVxr1b2hvZbsiqW5xWH25efTNsLJA8knL success",
        "Program 6EF8rrecthR5Dkzon8Nwu78hRvfCKubJ14M5uBEwF6P invoke [1]",
        "Program log: Instruction: Sell",
        "Program pfeeUxB6jkeY1Hxd7CsFCAjcbHA9rWtchMGdZ6VojVZ invoke [2]",
        "Program log: Instruction: GetFees",
        "Program pfeeUxB6jkeY1Hxd7CsFCAjcbHA9rWtchMGdZ6VojVZ consumed 3119 of 145158 compute units",
        "Program return: pfeeUxB6jkeY1Hxd7CsFCAjcbHA9rWtchMGdZ6VojVZ AAAAAAAAAABfAAAAAAAAAB4AAAAAAAAA",
        "Program pfeeUxB6jkeY1Hxd7CsFCAjcbHA9rWtchMGdZ6VojVZ success",
        "Program TokenkegQfeZyiNwAJbNbGKPFXCWuBvf9Ss623VQ5DA invoke [2]",
        "Program log: Instruction: Transfer",
        "Program TokenkegQfeZyiNwAJbNbGKPFXCWuBvf9Ss623VQ5DA consumed 4645 of 138627 compute units",
        "Program TokenkegQfeZyiNwAJbNbGKPFXCWuBvf9Ss623VQ5DA success",
        "Program data: vdt/007mYe7MTmIiejDJh/xcLFtNNqWBSD870dyP72KI+tJINRnurzVGNYUAAAAA1DpZZZMxAAAAeF40Z6HZn0k/f/z+9i9AGTmaNhpByAKV8l0wIAdg/AoX7bdoAAAAADAgyTMIAAAAW+isYAw/AwAwdKU3AQAAAFtQmhR7QAIASsL40N1cvJfjKJwZfLUGKlTz2Va5zm5RFfllZ6pcs+ZfAAAAAAAAAE32QwEAAAAABYein4urV/lN8aLa8WlxX4sCGlx3xPTWcQb0o8nnWgceAAAAAAAAAMhNZgAAAAAAAAAAAAAAAAAAAAAAAAAAAAAAAAAAAAAAAAAAAAAAAAAA",
        "Program 6EF8rrecthR5Dkzon8Nwu78hRvfCKubJ14M5uBEwF6P invoke [2]",
        "Program 6EF8rrecthR5Dkzon8Nwu78hRvfCKubJ14M5uBEwF6P consumed 2027 of 127676 compute units",
        "Program 6EF8rrecthR5Dkzon8Nwu78hRvfCKubJ14M5uBEwF6P success",
        "Program 6EF8rrecthR5Dkzon8Nwu78hRvfCKubJ14M5uBEwF6P consumed 45342 of 170127 compute units",
        "Program 6EF8rrecthR5Dkzon8Nwu78hRvfCKubJ14M5uBEwF6P success",
        "Program 11111111111111111111111111111111 invoke [1]",
        "Program 11111111111111111111111111111111 success",
        "Program 11111111111111111111111111111111 invoke [1]",
        "Program 11111111111111111111111111111111 success",
        "Program 11111111111111111111111111111111 invoke [1]",
        "Program 11111111111111111111111111111111 success"
      ],
      "postBalances": [
        199770330198,
        2074080,
        2039280,
        5230492240,
        2039280,
        178702940,
        1539845065,
        1,
        0,
        1141440,
        747831958,
        1461600,
        1,
        1216414799,
        18374400,
        1141440,
        9286364574772,
        411890893457,
        569924813664,
        4674972223,
        450770805,
        147106477
      ],
      "postTokenBalances": [
        {
          "accountIndex": 2,
          "mint": "EkXVbLSkReqJvbKZCi46YKgBmdgRzH2cVnKSQ9jKpump",
          "owner": "96sErVjEN7LNJ6Uvj63bdRWZxNuBngj56fnT9biHLKBf",
          "programId": "TokenkegQfeZyiNwAJbNbGKPFXCWuBvf9Ss623VQ5DA",
          "uiTokenAmount": {
            "amount": "0",
            "decimals": 6,
            "uiAmount": null,
            "uiAmountString": "0"
          }
        },
        {
          "accountIndex": 4,
          "mint": "EkXVbLSkReqJvbKZCi46YKgBmdgRzH2cVnKSQ9jKpump",
          "owner": "4SftkwLAq8XeZPTUMcpWWvevSAZruDKLjBhQuygRzMV5",
          "programId": "TokenkegQfeZyiNwAJbNbGKPFXCWuBvf9Ss623VQ5DA",
          "uiTokenAmount": {
            "amount": "840747324233819",
            "decimals": 6,
            "uiAmount": 840747324.233819,
            "uiAmountString": "840747324.233819"
          }
        }
      ],
      "preBalances": [
        197616570138,
        2074080,
        2039280,
        7465353349,
        2039280,
        171998356,
        1522845065,
        1,
        0,
        1141440,
        747831958,
        1461600,
        1,
        1216414799,
        18374400,
        1141440,
        9286343343591,
        411880687358,
        569905859479,
        4674972223,
        450770805,
        147106477
      ],
      "preTokenBalances": [
        {
          "accountIndex": 2,
          "mint": "EkXVbLSkReqJvbKZCi46YKgBmdgRzH2cVnKSQ9jKpump",
          "owner": "96sErVjEN7LNJ6Uvj63bdRWZxNuBngj56fnT9biHLKBf",
          "programId": "TokenkegQfeZyiNwAJbNbGKPFXCWuBvf9Ss623VQ5DA",
          "uiTokenAmount": {
            "amount": "54509130300116",
            "decimals": 6,
            "uiAmount": 54509130.300116,
            "uiAmountString": "54509130.300116"
          }
        },
        {
          "accountIndex": 4,
          "mint": "EkXVbLSkReqJvbKZCi46YKgBmdgRzH2cVnKSQ9jKpump",
          "owner": "4SftkwLAq8XeZPTUMcpWWvevSAZruDKLjBhQuygRzMV5",
          "programId": "TokenkegQfeZyiNwAJbNbGKPFXCWuBvf9Ss623VQ5DA",
          "uiTokenAmount": {
            "amount": "786238193933703",
            "decimals": 6,
            "uiAmount": 786238193.933703,
            "uiAmountString": "786238193.933703"
          }
        }
      ],
      "rewards": [],
      "status": {
        "Ok": null
      }
    },
    "slot": 364337464,
    "transaction": {
      "message": {
        "accountKeys": [
          "96sErVjEN7LNJ6Uvj63bdRWZxNuBngj56fnT9biHLKBf",
          "9BEdHCP61UxoJxyXTp4eFLEr94qzsiDjop1rH6roMNa5",
          "CQQ4RMBSS9zMAmaWbDb6B1L319ezButSbHhTnMABc25G",
          "4SftkwLAq8XeZPTUMcpWWvevSAZruDKLjBhQuygRzMV5",
          "CyyXLKVwBDcS4PmBjF62QvDykRR5iqPCY8ELkjQd1PKA",
          "7U3ikuP6gmedmmc7N4zofVDLKyaH893sva7TURZLytJb",
          "7toBU3inhmrARGngC7z6SjyP85HgGMmCTEwGNRAcYnEK",
          "ComputeBudget111111111111111111111111111111",
          "jitodontfront11111111111TradeWithPadreDotGg",
          "9Fox6i7oT8p4qHn76Qj3dks8RRMGsXQyfMSBScA5yVyX",
          "ATokenGPvbdGVxr1b2hvZbsiqW5xWH25efTNsLJA8knL",
          "EkXVbLSkReqJvbKZCi46YKgBmdgRzH2cVnKSQ9jKpump",
          "11111111111111111111111111111111",
          "6EF8rrecthR5Dkzon8Nwu78hRvfCKubJ14M5uBEwF6P",
          "8Wf5TiAheLUqBrKXeYg2JtAFFMWtKdG2BSFgqUcPVwTt",
          "pfeeUxB6jkeY1Hxd7CsFCAjcbHA9rWtchMGdZ6VojVZ"
        ],
        "addressTableLookups": [
          {
            "accountKey": "4V2ETUtBYuA5ZH1JWxgcs4xmGgs6vTwgf5sLWexv7m4Z",
            "readonlyIndexes": [
              20,
              29,
              31
            ],
            "writableIndexes": [
              30,
              18,
              19
            ]
          }
        ],
        "header": {
          "numReadonlySignedAccounts": 0,
          "numReadonlyUnsignedAccounts": 9,
          "numRequiredSignatures": 1
        },
        "instructions": [
          {
            "accounts": [
              8
            ],
            "data": "EvcRSF",
            "programIdIndex": 7,
            "stackHeight": 1
          },
          {
            "accounts": [],
            "data": "3kJS485ALwEo",
            "programIdIndex": 7,
            "stackHeight": 1
          },
          {
            "accounts": [
              1,
              0
            ],
            "data": "DVGvGmyf25wmSZ",
            "programIdIndex": 9,
            "stackHeight": 1
          },
          {
            "accounts": [
              0,
              2,
              0,
              11,
              12,
              19
            ],
            "data": "2",
            "programIdIndex": 10,
            "stackHeight": 1
          },
          {
            "accounts": [
              20,
              16,
              11,
              3,
              4,
              2,
              0,
              12,
              5,
              19,
              21,
              13,
              14,
              15
            ],
            "data": "5jRcjdixRUDgGxeT58rMabahUiaJMQoi7",
            "programIdIndex": 13,
            "stackHeight": 1
          },
          {
            "accounts": [
              0,
              6
            ],
            "data": "3Bxs4BdQWskzq6LF",
            "programIdIndex": 12,
            "stackHeight": 1
          },
          {
            "accounts": [
              0,
              17
            ],
            "data": "3Bxs4RZrUZjcEPgT",
            "programIdIndex": 12,
            "stackHeight": 1
          },
          {
            "accounts": [
              0,
              18
            ],
            "data": "3Bxs4aWhd8uqu5cb",
            "programIdIndex": 12,
            "stackHeight": 1
          }
        ],
        "recentBlockhash": "EL1sMMG4pbpMFSaX6UL77mP5umDfEjVirbRf5pzR5run"
      },
      "signatures": [
        "4i1FpM4Py4skbua3984mDKNjgjjfXfQyHAKoVx4RTuoxt5xszCEHAoFm21aZ6fZRCeW3JL3BzXRx9FZuz1aeJ5wW"
      ]
    },
    "version": 0
  },
  "details": {
    "found": true,
    "dexPlatform": "Pump.fun",
    "platformProgramId": "6EF8rrecthR5Dkzon8Nwu78hRvfCKubJ14M5uBEwF6P",
    "platformSpecificData": {},
    "tradeType": "sell",
    "inputMint": "EkXVbLSkReqJvbKZCi46YKgBmdgRzH2cVnKSQ9jKpump",
    "outputMint": "So11111111111111111111111111111111111111112",
    "inputAmountRaw": "54509130300116",
    "outputAmountRaw": "2153760060",
    "tokenDecimals": 6,
    "traderPubkey": "96sErVjEN7LNJ6Uvj63bdRWZxNuBngj56fnT9biHLKBf"
  }
}
[EXECUTE_MASTER] ✅ Transaction is copyable! Platform: Pump.fun, Type: sell
[EXECUTE_MASTER] 🔍 Loading traders from database...
[EXECUTE_MASTER] 📊 Found 1 users with traders
[EXECUTE_MASTER] ✅ Found active trader: orange for user 6032767351
[EXECUTE_MASTER] 🚀 Dispatching copy for Pump.fun trade to 1 user(s).
[SINGAPORE-SENDER] 🚀 Starting copy trade execution for user 6032767351
[SINGAPORE-SENDER] 📍 Platform: Pump.fun
[SINGAPORE-SENDER] 🎯 Token: So11...1112
[DIAGNOSTIC] Attempting to get Keypair for wallet ID: 4
[DIAGNOSTIC] ✅ Decryption successful for "zap".
[PUMP_BUILDER_BC-SDK] ❌ Failed to build Pump.fun swap with SDK: Cannot read properties of undefined (reading '_bn')
[DIAGNOSTIC] ✅ Keypair successfully derived for wallet ID: 4
[KeypairProvider] ✅ Resolved wallet "zap" for user 2.
[SINGAPORE-SENDER] 💼 Using wallet: [object Object]
[SINGAPORE-SENDER] 🔧 Building instructions for Pump.fun...
TypeError: Cannot read properties of undefined (reading '_bn')
    at isPublicKeyData (/home/zapbot/zap-mono/node_modules/@solana/web3.js/lib/index.cjs.js:147:16)
    at new PublicKey (/home/zapbot/zap-mono/node_modules/@solana/web3.js/lib/index.cjs.js:165:9)
    at buildPumpFunInstruction (/home/zapbot/zap-mono/platformBuilders.js:95:30)
    at TradingEngine._executeCopyTradeWithSingaporeSender (/home/zapbot/zap-mono/tradingEngine.js:1587:40)
    at async Promise.allSettled (index 0)
    at async TradingEngine._executeCopyForUser (/home/zapbot/zap-mono/tradingEngine.js:423:9)
[SINGAPORE-SENDER] ❌ Copy trade execution failed for user 6032767351: Error: Failed to build instructions for Pump.fun
    at TradingEngine._executeCopyTradeWithSingaporeSender (/home/zapbot/zap-mono/tradingEngine.js:1590:23)
    at async Promise.allSettled (index 0)
    at async TradingEngine._executeCopyForUser (/home/zapbot/zap-mono/tradingEngine.js:423:9)
[ROUTER] Forwarding notification from executor to telegram worker.
[TraceLogger] Cannot append trace. File not found for signature: 4i1FpM4Py4skbua3984mDKNjgjjfXfQyHAKoVx4RTuoxt5xszCEHAoFm21aZ6fZRCeW3JL3BzXRx9FZuz1aeJ5wW
[telegram] Unknown message type: send_message
