⚡ ZAPBOT v2.0 Initialized
✅ WebSocket: Turbo Mode Activated
♻️ Reconnecting in 0s...
✅ WebSocket: Turbo Mode Activated
♻️ Reconnecting in 0s...
✅ WebSocket: Turbo Mode Activated
♻️ Reconnecting in 0s...
✅ WebSocket: Turbo Mode Activated
♻️ Reconnecting in 0s...
✅ WebSocket: Turbo Mode Activated
♻️ Reconnecting in 0s...
✅ WebSocket: Turbo Mode Activated
♻️ Reconnecting in 0s...
✅ WebSocket: Turbo Mode Activated
♻️ Reconnecting in 0s...
✅ WebSocket: Turbo Mode Activated
♻️ Reconnecting in 0s...
✅ WebSocket: Turbo Mode Activated
♻️ Reconnecting in 0s...
✅ WebSocket: Turbo Mode Activated
♻️ Reconnecting in 0s...
✅ WebSocket: Turbo Mode Activated
♻️ Reconnecting in 0s...
✅ WebSocket: Turbo Mode Activated
♻️ Reconnecting in 0s...
✅ WebSocket: Turbo Mode Activated
♻️ Reconnecting in 0s...
✅ WebSocket: Turbo Mode Activated
♻️ Reconnecting in 0s...
✅ WebSocket: Turbo Mode Activated
♻️ Reconnecting in 0s...
✅ WebSocket: Turbo Mode Activated
♻️ Reconnecting in 0s...
✅ WebSocket: Turbo Mode Activated
♻️ Reconnecting in 0s...
✅ WebSocket: Turbo Mode Activated
♻️ Reconnecting in 0s...
✅ WebSocket: Turbo Mode Activated
⚡ ZAPBOT v2.0 Initialized
✅ WebSocket: Turbo Mode Activated
♻️ Reconnecting in 0s...
✅ WebSocket: Turbo Mode Activated
♻️ Reconnecting in 0s...
✅ WebSocket: Turbo Mode Activated
♻️ Reconnecting in 0s...
✅ WebSocket: Turbo Mode Activated
♻️ Reconnecting in 0s...
✅ WebSocket: Turbo Mode Activated
♻️ Reconnecting in 0s...
✅ WebSocket: Turbo Mode Activated
♻️ Reconnecting in 0s...
✅ WebSocket: Turbo Mode Activated
♻️ Reconnecting in 0s...
✅ WebSocket: Turbo Mode Activated
⚡ ZAPBOT v2.0 Initialized
✅ WebSocket: Turbo Mode Activated
♻️ Reconnecting in 0s...
✅ WebSocket: Turbo Mode Activated
♻️ Reconnecting in 0s...
✅ WebSocket: Turbo Mode Activated
♻️ Reconnecting in 0s...
✅ WebSocket: Turbo Mode Activated
[2025-03-26T15:02:49.879Z] ZAPBOT v2.1 Initialized
[2025-03-26T15:02:50.358Z] WebSocket: Turbo Mode Activated
[2025-03-26T15:03:05.369Z] ERROR: Polling error: this.routeMessage is not a function
[2025-03-26T15:04:11.723Z] ZAPBOT v2.1 Initialized
[2025-03-26T15:04:12.096Z] WebSocket: Turbo Mode Activated
[2025-03-26T15:04:19.250Z] ERROR: Polling error: this.routeMessage is not a function
[2025-03-26T15:06:15.782Z] ZAPBOT v2.1 Initialized
[2025-03-26T15:06:16.215Z] WebSocket: Turbo Mode Activated
[2025-03-26T15:07:16.211Z] WebSocket connection closed
[2025-03-26T15:07:16.212Z] Reconnecting in 0s...
[2025-03-26T15:07:16.650Z] WebSocket: Turbo Mode Activated
[2025-03-26T15:08:16.652Z] WebSocket connection closed
[2025-03-26T15:08:16.653Z] Reconnecting in 0s...
[2025-03-26T15:08:17.047Z] WebSocket: Turbo Mode Activated
[2025-03-26T15:09:17.049Z] WebSocket connection closed
[2025-03-26T15:09:17.050Z] Reconnecting in 0s...
[2025-03-26T15:09:17.491Z] WebSocket: Turbo Mode Activated
[2025-03-26T15:09:45.047Z] ERROR: Polling error: this.routeMessage is not a function
[2025-03-26T15:10:17.489Z] WebSocket connection closed
[2025-03-26T15:10:17.491Z] Reconnecting in 0s...
[2025-03-26T15:10:17.903Z] WebSocket: Turbo Mode Activated
[2025-03-26T15:11:17.903Z] WebSocket connection closed
[2025-03-26T15:11:17.904Z] Reconnecting in 0s...
[2025-03-26T15:11:18.303Z] WebSocket: Turbo Mode Activated
[2025-03-26T15:12:18.303Z] WebSocket connection closed
[2025-03-26T15:12:18.304Z] Reconnecting in 0s...
[2025-03-26T15:12:18.708Z] WebSocket: Turbo Mode Activated
[2025-03-26T15:12:38.512Z] ERROR: Polling error: this.routeMessage is not a function
[2025-03-26T15:13:18.709Z] WebSocket connection closed
[2025-03-26T15:13:18.710Z] Reconnecting in 0s...
[2025-03-26T15:13:19.097Z] WebSocket: Turbo Mode Activated
[2025-03-26T15:14:19.101Z] WebSocket connection closed
[2025-03-26T15:14:19.102Z] Reconnecting in 0s...
[2025-03-26T15:14:19.488Z] WebSocket: Turbo Mode Activated
[2025-03-26T15:15:19.491Z] WebSocket connection closed
[2025-03-26T15:15:19.491Z] Reconnecting in 0s...
[2025-03-26T15:15:19.875Z] WebSocket: Turbo Mode Activated
[2025-03-26T15:16:19.874Z] WebSocket connection closed
[2025-03-26T15:16:19.875Z] Reconnecting in 0s...
[2025-03-26T15:16:20.329Z] WebSocket: Turbo Mode Activated
[2025-03-26T15:17:20.329Z] WebSocket connection closed
[2025-03-26T15:17:20.330Z] Reconnecting in 0s...
[2025-03-26T15:17:20.773Z] WebSocket: Turbo Mode Activated
[2025-03-26T15:18:20.775Z] WebSocket connection closed
[2025-03-26T15:18:20.776Z] Reconnecting in 0s...
[2025-03-26T15:18:21.188Z] WebSocket: Turbo Mode Activated
[2025-03-26T15:19:13.742Z] ZAPBOT v2.1 Initialized
[2025-03-26T15:19:14.136Z] WebSocket: Turbo Mode Activated
[2025-03-26T15:30:24.912Z] ZAPBOT v2.1 Initialized
[2025-03-26T15:30:25.318Z] WebSocket: Turbo Mode Activated
[2025-03-26T15:30:29.861Z] ERROR: Uncaught exception: TypeError: Cannot read properties of undefined (reading 'ws')
[2025-03-26T15:39:11.771Z] ZAPBOT v2.1 Initialized
[2025-03-26T15:39:12.602Z] WebSocket: Turbo Mode Activated
[2025-03-26T15:39:16.710Z] ERROR: Uncaught exception: TypeError: Cannot read properties of undefined (reading 'ws')
[2025-03-26T16:17:04.843Z] ⚡ ZAPBOT ULTIMATE v3.0 Initialized
[2025-03-26T16:17:05.362Z] ✅ WebSocket: Turbo Mode Activated
[2025-03-26T16:18:05.366Z] WebSocket connection closed
[2025-03-26T16:18:05.369Z] ♻️ Reconnecting in 0s...
[2025-03-26T16:18:05.949Z] ✅ WebSocket: Turbo Mode Activated
[2025-03-26T16:19:05.951Z] WebSocket connection closed
[2025-03-26T16:19:05.952Z] ♻️ Reconnecting in 0s...
[2025-03-26T16:19:06.750Z] ✅ WebSocket: Turbo Mode Activated
[2025-03-26T16:20:06.747Z] WebSocket connection closed
[2025-03-26T16:20:06.749Z] ♻️ Reconnecting in 0s...
[2025-03-26T16:20:08.198Z] ✅ WebSocket: Turbo Mode Activated
[2025-03-26T16:21:08.202Z] WebSocket connection closed
[2025-03-26T16:21:08.202Z] ♻️ Reconnecting in 0s...
[2025-03-26T16:21:08.737Z] ✅ WebSocket: Turbo Mode Activated
[2025-03-26T16:22:08.740Z] WebSocket connection closed
[2025-03-26T16:22:08.742Z] ♻️ Reconnecting in 0s...
[2025-03-26T16:22:09.235Z] ✅ WebSocket: Turbo Mode Activated
[2025-03-26T16:22:48.058Z] ⚡ ZAPBOT ULTIMATE v3.0 Initialized
[2025-03-26T16:22:48.531Z] ✅ WebSocket: Turbo Mode Activated
[2025-03-26T16:23:48.529Z] WebSocket connection closed
[2025-03-26T16:23:48.530Z] ♻️ Reconnecting in 0s...
[2025-03-26T16:23:49.003Z] ✅ WebSocket: Turbo Mode Activated
[2025-03-26T16:24:49.003Z] WebSocket connection closed
[2025-03-26T16:24:49.006Z] ♻️ Reconnecting in 0s...
[2025-03-26T16:24:49.518Z] ✅ WebSocket: Turbo Mode Activated
[2025-03-26T16:25:49.520Z] WebSocket connection closed
[2025-03-26T16:25:49.523Z] ♻️ Reconnecting in 0s...
[2025-03-26T16:25:50.174Z] ✅ WebSocket: Turbo Mode Activated
